{"/Users/ganesh159th/Desktop/pehenavas-store/src/App.jsx": {"path":"/Users/ganesh159th/Desktop/pehenavas-store/src/App.jsx","all":false,"statementMap":{"0":{"start":{"line":1,"column":0},"end":{"line":1,"column":89}},"4":{"start":{"line":5,"column":0},"end":{"line":5,"column":53}},"8":{"start":{"line":9,"column":0},"end":{"line":9,"column":71}},"23":{"start":{"line":24,"column":0},"end":{"line":24,"column":39}},"24":{"start":{"line":25,"column":0},"end":{"line":25,"column":148}},"25":{"start":{"line":26,"column":0},"end":{"line":26,"column":58}},"26":{"start":{"line":27,"column":0},"end":{"line":27,"column":57}},"27":{"start":{"line":28,"column":0},"end":{"line":28,"column":30}},"28":{"start":{"line":29,"column":0},"end":{"line":29,"column":70}},"29":{"start":{"line":30,"column":0},"end":{"line":30,"column":86}},"30":{"start":{"line":31,"column":0},"end":{"line":31,"column":10}},"33":{"start":{"line":34,"column":0},"end":{"line":34,"column":31}},"34":{"start":{"line":35,"column":0},"end":{"line":35,"column":39}},"35":{"start":{"line":36,"column":0},"end":{"line":36,"column":44}},"36":{"start":{"line":37,"column":0},"end":{"line":37,"column":15}},"37":{"start":{"line":38,"column":0},"end":{"line":38,"column":17}},"38":{"start":{"line":39,"column":0},"end":{"line":39,"column":83}},"39":{"start":{"line":40,"column":0},"end":{"line":40,"column":55}},"40":{"start":{"line":41,"column":0},"end":{"line":41,"column":63}},"41":{"start":{"line":42,"column":0},"end":{"line":42,"column":62}},"42":{"start":{"line":43,"column":0},"end":{"line":43,"column":68}},"43":{"start":{"line":44,"column":0},"end":{"line":44,"column":60}},"44":{"start":{"line":45,"column":0},"end":{"line":45,"column":35}},"45":{"start":{"line":46,"column":0},"end":{"line":46,"column":35}},"46":{"start":{"line":47,"column":0},"end":{"line":47,"column":83}},"48":{"start":{"line":49,"column":0},"end":{"line":49,"column":21}},"49":{"start":{"line":50,"column":0},"end":{"line":50,"column":75}},"50":{"start":{"line":51,"column":0},"end":{"line":51,"column":39}},"51":{"start":{"line":52,"column":0},"end":{"line":52,"column":22}},"52":{"start":{"line":53,"column":0},"end":{"line":53,"column":63}},"54":{"start":{"line":55,"column":0},"end":{"line":55,"column":21}},"55":{"start":{"line":56,"column":0},"end":{"line":56,"column":61}},"56":{"start":{"line":57,"column":0},"end":{"line":57,"column":21}},"57":{"start":{"line":58,"column":0},"end":{"line":58,"column":45}},"58":{"start":{"line":59,"column":0},"end":{"line":59,"column":52}},"59":{"start":{"line":60,"column":0},"end":{"line":60,"column":9}},"60":{"start":{"line":61,"column":0},"end":{"line":61,"column":11}},"62":{"start":{"line":63,"column":0},"end":{"line":63,"column":21}},"63":{"start":{"line":64,"column":0},"end":{"line":64,"column":49}},"64":{"start":{"line":65,"column":0},"end":{"line":65,"column":60}},"65":{"start":{"line":66,"column":0},"end":{"line":66,"column":23}},"66":{"start":{"line":67,"column":0},"end":{"line":67,"column":49}},"67":{"start":{"line":68,"column":0},"end":{"line":68,"column":35}},"68":{"start":{"line":69,"column":0},"end":{"line":69,"column":10}},"69":{"start":{"line":70,"column":0},"end":{"line":70,"column":53}},"70":{"start":{"line":71,"column":0},"end":{"line":71,"column":29}},"72":{"start":{"line":73,"column":0},"end":{"line":73,"column":41}},"73":{"start":{"line":74,"column":0},"end":{"line":74,"column":44}},"74":{"start":{"line":75,"column":0},"end":{"line":75,"column":22}},"75":{"start":{"line":76,"column":0},"end":{"line":76,"column":16}},"76":{"start":{"line":77,"column":0},"end":{"line":77,"column":45}},"77":{"start":{"line":78,"column":0},"end":{"line":78,"column":85}},"78":{"start":{"line":79,"column":0},"end":{"line":79,"column":92}},"79":{"start":{"line":80,"column":0},"end":{"line":80,"column":86}},"80":{"start":{"line":81,"column":0},"end":{"line":81,"column":14}},"81":{"start":{"line":82,"column":0},"end":{"line":82,"column":9}},"82":{"start":{"line":83,"column":0},"end":{"line":83,"column":36}},"84":{"start":{"line":85,"column":0},"end":{"line":85,"column":21}},"85":{"start":{"line":86,"column":0},"end":{"line":86,"column":36}},"86":{"start":{"line":87,"column":0},"end":{"line":87,"column":39}},"87":{"start":{"line":88,"column":0},"end":{"line":88,"column":39}},"88":{"start":{"line":89,"column":0},"end":{"line":89,"column":20}},"89":{"start":{"line":90,"column":0},"end":{"line":90,"column":40}},"90":{"start":{"line":91,"column":0},"end":{"line":91,"column":13}},"91":{"start":{"line":92,"column":0},"end":{"line":92,"column":10}},"93":{"start":{"line":94,"column":0},"end":{"line":94,"column":56}},"95":{"start":{"line":96,"column":0},"end":{"line":96,"column":22}},"96":{"start":{"line":97,"column":0},"end":{"line":97,"column":63}},"97":{"start":{"line":98,"column":0},"end":{"line":98,"column":10}},"98":{"start":{"line":99,"column":0},"end":{"line":99,"column":11}},"101":{"start":{"line":102,"column":0},"end":{"line":102,"column":21}},"102":{"start":{"line":103,"column":0},"end":{"line":103,"column":37}},"103":{"start":{"line":104,"column":0},"end":{"line":104,"column":37}},"104":{"start":{"line":105,"column":0},"end":{"line":105,"column":39}},"105":{"start":{"line":106,"column":0},"end":{"line":106,"column":13}},"106":{"start":{"line":107,"column":0},"end":{"line":107,"column":10}},"107":{"start":{"line":108,"column":0},"end":{"line":108,"column":27}},"108":{"start":{"line":109,"column":0},"end":{"line":109,"column":63}},"109":{"start":{"line":110,"column":0},"end":{"line":110,"column":79}},"110":{"start":{"line":111,"column":0},"end":{"line":111,"column":9}},"111":{"start":{"line":112,"column":0},"end":{"line":112,"column":23}},"113":{"start":{"line":114,"column":0},"end":{"line":114,"column":31}},"114":{"start":{"line":115,"column":0},"end":{"line":115,"column":25}},"115":{"start":{"line":116,"column":0},"end":{"line":116,"column":19}},"116":{"start":{"line":117,"column":0},"end":{"line":117,"column":30}},"117":{"start":{"line":118,"column":0},"end":{"line":118,"column":11}},"118":{"start":{"line":119,"column":0},"end":{"line":119,"column":6}},"120":{"start":{"line":121,"column":0},"end":{"line":121,"column":35}},"121":{"start":{"line":122,"column":0},"end":{"line":122,"column":30}},"122":{"start":{"line":123,"column":0},"end":{"line":123,"column":23}},"123":{"start":{"line":124,"column":0},"end":{"line":124,"column":38}},"124":{"start":{"line":125,"column":0},"end":{"line":125,"column":20}},"125":{"start":{"line":126,"column":0},"end":{"line":126,"column":118}},"126":{"start":{"line":127,"column":0},"end":{"line":127,"column":13}},"127":{"start":{"line":128,"column":0},"end":{"line":128,"column":16}},"128":{"start":{"line":129,"column":0},"end":{"line":129,"column":39}},"129":{"start":{"line":130,"column":0},"end":{"line":130,"column":9}},"130":{"start":{"line":131,"column":0},"end":{"line":131,"column":5}},"132":{"start":{"line":133,"column":0},"end":{"line":133,"column":12}},"133":{"start":{"line":134,"column":0},"end":{"line":134,"column":23}},"134":{"start":{"line":135,"column":0},"end":{"line":135,"column":75}},"135":{"start":{"line":136,"column":0},"end":{"line":136,"column":137}},"136":{"start":{"line":137,"column":0},"end":{"line":137,"column":127}},"137":{"start":{"line":138,"column":0},"end":{"line":138,"column":137}},"138":{"start":{"line":139,"column":0},"end":{"line":139,"column":22}},"139":{"start":{"line":140,"column":0},"end":{"line":140,"column":72}},"140":{"start":{"line":141,"column":0},"end":{"line":141,"column":82}},"141":{"start":{"line":142,"column":0},"end":{"line":142,"column":65}},"142":{"start":{"line":143,"column":0},"end":{"line":143,"column":153}},"143":{"start":{"line":144,"column":0},"end":{"line":144,"column":60}},"144":{"start":{"line":145,"column":0},"end":{"line":145,"column":37}},"145":{"start":{"line":146,"column":0},"end":{"line":146,"column":98}},"146":{"start":{"line":147,"column":0},"end":{"line":147,"column":169}},"147":{"start":{"line":148,"column":0},"end":{"line":148,"column":70}},"148":{"start":{"line":149,"column":0},"end":{"line":149,"column":38}},"149":{"start":{"line":150,"column":0},"end":{"line":150,"column":63}},"150":{"start":{"line":151,"column":0},"end":{"line":151,"column":144}},"152":{"start":{"line":153,"column":0},"end":{"line":153,"column":41}},"153":{"start":{"line":154,"column":0},"end":{"line":154,"column":161}},"154":{"start":{"line":155,"column":0},"end":{"line":155,"column":38}},"155":{"start":{"line":156,"column":0},"end":{"line":156,"column":35}},"156":{"start":{"line":157,"column":0},"end":{"line":157,"column":30}},"157":{"start":{"line":158,"column":0},"end":{"line":158,"column":61}},"158":{"start":{"line":159,"column":0},"end":{"line":159,"column":74}},"159":{"start":{"line":160,"column":0},"end":{"line":160,"column":116}},"160":{"start":{"line":161,"column":0},"end":{"line":161,"column":130}},"161":{"start":{"line":162,"column":0},"end":{"line":162,"column":66}},"162":{"start":{"line":163,"column":0},"end":{"line":163,"column":41}},"164":{"start":{"line":165,"column":0},"end":{"line":165,"column":37}},"165":{"start":{"line":166,"column":0},"end":{"line":166,"column":159}},"166":{"start":{"line":167,"column":0},"end":{"line":167,"column":115}},"167":{"start":{"line":168,"column":0},"end":{"line":168,"column":136}},"168":{"start":{"line":169,"column":0},"end":{"line":169,"column":38}},"170":{"start":{"line":171,"column":0},"end":{"line":171,"column":173}},"171":{"start":{"line":172,"column":0},"end":{"line":172,"column":105}},"172":{"start":{"line":173,"column":0},"end":{"line":173,"column":119}},"173":{"start":{"line":174,"column":0},"end":{"line":174,"column":39}},"175":{"start":{"line":176,"column":0},"end":{"line":176,"column":116}},"176":{"start":{"line":177,"column":0},"end":{"line":177,"column":34}},"177":{"start":{"line":178,"column":0},"end":{"line":178,"column":192}},"178":{"start":{"line":179,"column":0},"end":{"line":179,"column":80}},"179":{"start":{"line":180,"column":0},"end":{"line":180,"column":61}},"180":{"start":{"line":181,"column":0},"end":{"line":181,"column":175}},"181":{"start":{"line":182,"column":0},"end":{"line":182,"column":61}},"182":{"start":{"line":183,"column":0},"end":{"line":183,"column":47}},"184":{"start":{"line":185,"column":0},"end":{"line":185,"column":123}},"185":{"start":{"line":186,"column":0},"end":{"line":186,"column":39}},"186":{"start":{"line":187,"column":0},"end":{"line":187,"column":205}},"187":{"start":{"line":188,"column":0},"end":{"line":188,"column":87}},"188":{"start":{"line":189,"column":0},"end":{"line":189,"column":57}},"189":{"start":{"line":190,"column":0},"end":{"line":190,"column":175}},"190":{"start":{"line":191,"column":0},"end":{"line":191,"column":57}},"191":{"start":{"line":192,"column":0},"end":{"line":192,"column":47}},"193":{"start":{"line":194,"column":0},"end":{"line":194,"column":119}},"194":{"start":{"line":195,"column":0},"end":{"line":195,"column":41}},"195":{"start":{"line":196,"column":0},"end":{"line":196,"column":35}},"197":{"start":{"line":198,"column":0},"end":{"line":198,"column":30}},"198":{"start":{"line":199,"column":0},"end":{"line":199,"column":26}},"199":{"start":{"line":200,"column":0},"end":{"line":200,"column":22}},"200":{"start":{"line":201,"column":0},"end":{"line":201,"column":38}},"201":{"start":{"line":202,"column":0},"end":{"line":202,"column":74}},"202":{"start":{"line":203,"column":0},"end":{"line":203,"column":50}},"203":{"start":{"line":204,"column":0},"end":{"line":204,"column":104}},"204":{"start":{"line":205,"column":0},"end":{"line":205,"column":114}},"205":{"start":{"line":206,"column":0},"end":{"line":206,"column":112}},"206":{"start":{"line":207,"column":0},"end":{"line":207,"column":116}},"207":{"start":{"line":208,"column":0},"end":{"line":208,"column":119}},"208":{"start":{"line":209,"column":0},"end":{"line":209,"column":234}},"210":{"start":{"line":211,"column":0},"end":{"line":211,"column":74}},"211":{"start":{"line":212,"column":0},"end":{"line":212,"column":41}},"212":{"start":{"line":213,"column":0},"end":{"line":213,"column":152}},"214":{"start":{"line":215,"column":0},"end":{"line":215,"column":112}},"216":{"start":{"line":217,"column":0},"end":{"line":217,"column":33}},"217":{"start":{"line":218,"column":0},"end":{"line":218,"column":29}},"218":{"start":{"line":219,"column":0},"end":{"line":219,"column":26}},"220":{"start":{"line":221,"column":0},"end":{"line":221,"column":21}},"223":{"start":{"line":224,"column":0},"end":{"line":224,"column":50}},"224":{"start":{"line":225,"column":0},"end":{"line":225,"column":179}},"225":{"start":{"line":226,"column":0},"end":{"line":226,"column":84}},"227":{"start":{"line":228,"column":0},"end":{"line":228,"column":20}},"229":{"start":{"line":230,"column":0},"end":{"line":230,"column":49}},"230":{"start":{"line":231,"column":0},"end":{"line":231,"column":179}},"231":{"start":{"line":232,"column":0},"end":{"line":232,"column":70}},"233":{"start":{"line":234,"column":0},"end":{"line":234,"column":20}},"237":{"start":{"line":238,"column":0},"end":{"line":238,"column":100}},"238":{"start":{"line":239,"column":0},"end":{"line":239,"column":119}},"239":{"start":{"line":240,"column":0},"end":{"line":240,"column":129}},"241":{"start":{"line":242,"column":0},"end":{"line":242,"column":109}},"242":{"start":{"line":243,"column":0},"end":{"line":243,"column":346}},"243":{"start":{"line":244,"column":0},"end":{"line":244,"column":77}},"244":{"start":{"line":245,"column":0},"end":{"line":245,"column":38}},"245":{"start":{"line":246,"column":0},"end":{"line":246,"column":47}},"246":{"start":{"line":247,"column":0},"end":{"line":247,"column":87}},"247":{"start":{"line":248,"column":0},"end":{"line":248,"column":55}},"248":{"start":{"line":249,"column":0},"end":{"line":249,"column":84}},"249":{"start":{"line":250,"column":0},"end":{"line":250,"column":45}},"250":{"start":{"line":251,"column":0},"end":{"line":251,"column":137}},"251":{"start":{"line":252,"column":0},"end":{"line":252,"column":34}},"252":{"start":{"line":253,"column":0},"end":{"line":253,"column":40}},"253":{"start":{"line":254,"column":0},"end":{"line":254,"column":74}},"254":{"start":{"line":255,"column":0},"end":{"line":255,"column":183}},"255":{"start":{"line":256,"column":0},"end":{"line":256,"column":33}},"257":{"start":{"line":258,"column":0},"end":{"line":258,"column":41}},"258":{"start":{"line":259,"column":0},"end":{"line":259,"column":34}},"259":{"start":{"line":260,"column":0},"end":{"line":260,"column":30}},"262":{"start":{"line":263,"column":0},"end":{"line":263,"column":78}},"263":{"start":{"line":264,"column":0},"end":{"line":264,"column":62}},"264":{"start":{"line":265,"column":0},"end":{"line":265,"column":80}},"265":{"start":{"line":266,"column":0},"end":{"line":266,"column":100}},"266":{"start":{"line":267,"column":0},"end":{"line":267,"column":38}},"267":{"start":{"line":268,"column":0},"end":{"line":268,"column":62}},"268":{"start":{"line":269,"column":0},"end":{"line":269,"column":80}},"269":{"start":{"line":270,"column":0},"end":{"line":270,"column":109}},"270":{"start":{"line":271,"column":0},"end":{"line":271,"column":38}},"272":{"start":{"line":273,"column":0},"end":{"line":273,"column":91}},"273":{"start":{"line":274,"column":0},"end":{"line":274,"column":69}},"274":{"start":{"line":275,"column":0},"end":{"line":275,"column":45}},"275":{"start":{"line":276,"column":0},"end":{"line":276,"column":73}},"276":{"start":{"line":277,"column":0},"end":{"line":277,"column":60}},"277":{"start":{"line":278,"column":0},"end":{"line":278,"column":82}},"278":{"start":{"line":279,"column":0},"end":{"line":279,"column":82}},"280":{"start":{"line":281,"column":0},"end":{"line":281,"column":160}},"281":{"start":{"line":282,"column":0},"end":{"line":282,"column":53}},"282":{"start":{"line":283,"column":0},"end":{"line":283,"column":72}},"283":{"start":{"line":284,"column":0},"end":{"line":284,"column":70}},"284":{"start":{"line":285,"column":0},"end":{"line":285,"column":133}},"285":{"start":{"line":286,"column":0},"end":{"line":286,"column":50}},"286":{"start":{"line":287,"column":0},"end":{"line":287,"column":137}},"287":{"start":{"line":288,"column":0},"end":{"line":288,"column":50}},"288":{"start":{"line":289,"column":0},"end":{"line":289,"column":140}},"289":{"start":{"line":290,"column":0},"end":{"line":290,"column":62}},"290":{"start":{"line":291,"column":0},"end":{"line":291,"column":49}},"291":{"start":{"line":292,"column":0},"end":{"line":292,"column":129}},"292":{"start":{"line":293,"column":0},"end":{"line":293,"column":107}},"293":{"start":{"line":294,"column":0},"end":{"line":294,"column":79}},"294":{"start":{"line":295,"column":0},"end":{"line":295,"column":80}},"295":{"start":{"line":296,"column":0},"end":{"line":296,"column":50}},"296":{"start":{"line":297,"column":0},"end":{"line":297,"column":47}},"297":{"start":{"line":298,"column":0},"end":{"line":298,"column":39}},"298":{"start":{"line":299,"column":0},"end":{"line":299,"column":38}},"300":{"start":{"line":301,"column":0},"end":{"line":301,"column":30}},"301":{"start":{"line":302,"column":0},"end":{"line":302,"column":26}},"302":{"start":{"line":303,"column":0},"end":{"line":303,"column":22}},"305":{"start":{"line":306,"column":0},"end":{"line":306,"column":108}},"308":{"start":{"line":309,"column":0},"end":{"line":309,"column":30}},"309":{"start":{"line":310,"column":0},"end":{"line":310,"column":196}},"310":{"start":{"line":311,"column":0},"end":{"line":311,"column":85}},"311":{"start":{"line":312,"column":0},"end":{"line":312,"column":100}},"312":{"start":{"line":313,"column":0},"end":{"line":313,"column":96}},"313":{"start":{"line":314,"column":0},"end":{"line":314,"column":243}},"315":{"start":{"line":316,"column":0},"end":{"line":316,"column":33}},"316":{"start":{"line":317,"column":0},"end":{"line":317,"column":136}},"317":{"start":{"line":318,"column":0},"end":{"line":318,"column":53}},"318":{"start":{"line":319,"column":0},"end":{"line":319,"column":33}},"319":{"start":{"line":320,"column":0},"end":{"line":320,"column":26}},"320":{"start":{"line":321,"column":0},"end":{"line":321,"column":22}},"323":{"start":{"line":324,"column":0},"end":{"line":324,"column":74}},"324":{"start":{"line":325,"column":0},"end":{"line":325,"column":159}},"325":{"start":{"line":326,"column":0},"end":{"line":326,"column":28}},"326":{"start":{"line":327,"column":0},"end":{"line":327,"column":137}},"327":{"start":{"line":328,"column":0},"end":{"line":328,"column":69}},"328":{"start":{"line":329,"column":0},"end":{"line":329,"column":69}},"329":{"start":{"line":330,"column":0},"end":{"line":330,"column":71}},"330":{"start":{"line":331,"column":0},"end":{"line":331,"column":69}},"331":{"start":{"line":332,"column":0},"end":{"line":332,"column":81}},"332":{"start":{"line":333,"column":0},"end":{"line":333,"column":73}},"333":{"start":{"line":334,"column":0},"end":{"line":334,"column":73}},"334":{"start":{"line":335,"column":0},"end":{"line":335,"column":78}},"335":{"start":{"line":336,"column":0},"end":{"line":336,"column":86}},"336":{"start":{"line":337,"column":0},"end":{"line":337,"column":67}},"337":{"start":{"line":338,"column":0},"end":{"line":338,"column":84}},"338":{"start":{"line":339,"column":0},"end":{"line":339,"column":65}},"339":{"start":{"line":340,"column":0},"end":{"line":340,"column":29}},"340":{"start":{"line":341,"column":0},"end":{"line":341,"column":27}},"341":{"start":{"line":342,"column":0},"end":{"line":342,"column":19}},"343":{"start":{"line":344,"column":0},"end":{"line":344,"column":68}},"344":{"start":{"line":345,"column":0},"end":{"line":345,"column":78}},"345":{"start":{"line":346,"column":0},"end":{"line":346,"column":83}},"346":{"start":{"line":347,"column":0},"end":{"line":347,"column":29}},"347":{"start":{"line":348,"column":0},"end":{"line":348,"column":89}},"348":{"start":{"line":349,"column":0},"end":{"line":349,"column":54}},"349":{"start":{"line":350,"column":0},"end":{"line":350,"column":97}},"350":{"start":{"line":351,"column":0},"end":{"line":351,"column":96}},"351":{"start":{"line":352,"column":0},"end":{"line":352,"column":103}},"352":{"start":{"line":353,"column":0},"end":{"line":353,"column":106}},"353":{"start":{"line":354,"column":0},"end":{"line":354,"column":33}},"354":{"start":{"line":355,"column":0},"end":{"line":355,"column":30}},"355":{"start":{"line":356,"column":0},"end":{"line":356,"column":29}},"356":{"start":{"line":357,"column":0},"end":{"line":357,"column":90}},"357":{"start":{"line":358,"column":0},"end":{"line":358,"column":54}},"358":{"start":{"line":359,"column":0},"end":{"line":359,"column":154}},"359":{"start":{"line":360,"column":0},"end":{"line":360,"column":152}},"360":{"start":{"line":361,"column":0},"end":{"line":361,"column":156}},"361":{"start":{"line":362,"column":0},"end":{"line":362,"column":33}},"362":{"start":{"line":363,"column":0},"end":{"line":363,"column":30}},"363":{"start":{"line":364,"column":0},"end":{"line":364,"column":29}},"364":{"start":{"line":365,"column":0},"end":{"line":365,"column":93}},"365":{"start":{"line":366,"column":0},"end":{"line":366,"column":54}},"366":{"start":{"line":367,"column":0},"end":{"line":367,"column":106}},"367":{"start":{"line":368,"column":0},"end":{"line":368,"column":121}},"368":{"start":{"line":369,"column":0},"end":{"line":369,"column":108}},"369":{"start":{"line":370,"column":0},"end":{"line":370,"column":112}},"370":{"start":{"line":371,"column":0},"end":{"line":371,"column":115}},"371":{"start":{"line":372,"column":0},"end":{"line":372,"column":33}},"372":{"start":{"line":373,"column":0},"end":{"line":373,"column":30}},"373":{"start":{"line":374,"column":0},"end":{"line":374,"column":29}},"374":{"start":{"line":375,"column":0},"end":{"line":375,"column":90}},"375":{"start":{"line":376,"column":0},"end":{"line":376,"column":54}},"376":{"start":{"line":377,"column":0},"end":{"line":377,"column":111}},"377":{"start":{"line":378,"column":0},"end":{"line":378,"column":108}},"378":{"start":{"line":379,"column":0},"end":{"line":379,"column":103}},"379":{"start":{"line":380,"column":0},"end":{"line":380,"column":113}},"380":{"start":{"line":381,"column":0},"end":{"line":381,"column":111}},"381":{"start":{"line":382,"column":0},"end":{"line":382,"column":93}},"382":{"start":{"line":383,"column":0},"end":{"line":383,"column":141}},"383":{"start":{"line":384,"column":0},"end":{"line":384,"column":33}},"384":{"start":{"line":385,"column":0},"end":{"line":385,"column":30}},"385":{"start":{"line":386,"column":0},"end":{"line":386,"column":26}},"386":{"start":{"line":387,"column":0},"end":{"line":387,"column":22}},"387":{"start":{"line":388,"column":0},"end":{"line":388,"column":63}},"388":{"start":{"line":389,"column":0},"end":{"line":389,"column":131}},"389":{"start":{"line":390,"column":0},"end":{"line":390,"column":78}},"390":{"start":{"line":391,"column":0},"end":{"line":391,"column":77}},"391":{"start":{"line":392,"column":0},"end":{"line":392,"column":128}},"392":{"start":{"line":393,"column":0},"end":{"line":393,"column":30}},"393":{"start":{"line":394,"column":0},"end":{"line":394,"column":115}},"394":{"start":{"line":395,"column":0},"end":{"line":395,"column":26}},"395":{"start":{"line":396,"column":0},"end":{"line":396,"column":22}},"396":{"start":{"line":397,"column":0},"end":{"line":397,"column":21}},"398":{"start":{"line":399,"column":0},"end":{"line":399,"column":31}},"399":{"start":{"line":400,"column":0},"end":{"line":400,"column":23}},"400":{"start":{"line":401,"column":0},"end":{"line":401,"column":41}},"401":{"start":{"line":402,"column":0},"end":{"line":402,"column":144}},"403":{"start":{"line":404,"column":0},"end":{"line":404,"column":41}},"404":{"start":{"line":405,"column":0},"end":{"line":405,"column":25}},"406":{"start":{"line":407,"column":0},"end":{"line":407,"column":14}},"407":{"start":{"line":408,"column":0},"end":{"line":408,"column":24}},"409":{"start":{"line":410,"column":0},"end":{"line":410,"column":1}}},"s":{"0":1,"4":1,"8":1,"23":1,"24":14,"25":14,"26":14,"27":14,"28":14,"29":14,"30":14,"33":7,"34":7,"35":7,"36":0,"37":7,"38":7,"39":7,"40":7,"41":7,"42":7,"43":7,"44":7,"45":7,"46":7,"48":7,"49":4,"50":4,"51":7,"52":7,"54":7,"55":3,"56":3,"57":0,"58":0,"59":0,"60":7,"62":7,"63":3,"64":3,"65":3,"66":0,"67":0,"68":3,"69":3,"70":7,"72":7,"73":4,"74":3,"75":4,"76":1,"77":10,"78":9,"79":9,"80":1,"81":1,"82":7,"84":7,"85":3,"86":0,"87":0,"88":0,"89":0,"90":0,"91":0,"93":3,"95":3,"96":3,"97":3,"98":7,"101":7,"102":4,"103":0,"104":0,"105":0,"106":0,"107":4,"108":1,"109":1,"110":1,"111":7,"113":7,"114":0,"115":0,"116":0,"117":0,"118":0,"120":7,"121":0,"122":0,"123":0,"124":0,"125":0,"126":0,"127":0,"128":0,"129":0,"130":0,"132":7,"133":7,"134":7,"135":7,"136":7,"137":7,"138":7,"139":7,"140":7,"141":7,"142":7,"143":7,"144":7,"145":7,"146":7,"147":7,"148":7,"149":7,"150":7,"152":7,"153":7,"154":7,"155":7,"156":7,"157":7,"158":7,"159":7,"160":6,"161":6,"162":6,"164":7,"165":0,"166":0,"167":0,"168":0,"170":7,"171":7,"172":7,"173":7,"175":7,"176":6,"177":6,"178":6,"179":6,"180":0,"181":0,"182":0,"184":6,"185":6,"186":6,"187":6,"188":6,"189":0,"190":0,"191":0,"193":6,"194":6,"195":6,"197":7,"198":7,"199":7,"200":7,"201":0,"202":0,"203":0,"204":0,"205":0,"206":0,"207":0,"208":0,"210":0,"211":0,"212":0,"214":0,"216":0,"217":0,"218":0,"220":7,"223":7,"224":7,"225":7,"227":7,"229":7,"230":0,"231":0,"233":0,"237":7,"238":3,"239":3,"241":3,"242":3,"243":3,"244":3,"245":3,"246":3,"247":3,"248":3,"249":3,"250":3,"251":3,"252":3,"253":3,"254":3,"255":3,"257":3,"258":3,"259":3,"262":3,"263":3,"264":2,"265":2,"266":2,"267":1,"268":0,"269":0,"270":0,"272":1,"273":1,"274":1,"275":1,"276":1,"277":1,"278":1,"280":1,"281":1,"282":1,"283":1,"284":1,"285":1,"286":1,"287":1,"288":1,"289":1,"290":1,"291":1,"292":1,"293":1,"294":1,"295":1,"296":1,"297":1,"298":1,"300":3,"301":3,"302":3,"305":7,"308":7,"309":0,"310":0,"311":0,"312":0,"313":0,"315":0,"316":0,"317":0,"318":0,"319":0,"320":0,"323":7,"324":7,"325":7,"326":7,"327":7,"328":7,"329":7,"330":7,"331":7,"332":7,"333":7,"334":7,"335":7,"336":7,"337":7,"338":7,"339":7,"340":7,"341":7,"343":7,"344":7,"345":7,"346":7,"347":7,"348":7,"349":7,"350":7,"351":7,"352":7,"353":7,"354":7,"355":7,"356":7,"357":7,"358":7,"359":7,"360":7,"361":7,"362":7,"363":7,"364":7,"365":7,"366":7,"367":7,"368":7,"369":7,"370":7,"371":7,"372":7,"373":7,"374":7,"375":7,"376":7,"377":7,"378":7,"379":7,"380":7,"381":7,"382":7,"383":7,"384":7,"385":7,"386":7,"387":7,"388":7,"389":7,"390":7,"391":7,"392":7,"393":7,"394":7,"395":7,"396":7,"398":7,"399":0,"400":0,"401":0,"403":0,"404":0,"406":7,"407":7,"409":7},"branchMap":{"0":{"type":"branch","line":5,"loc":{"start":{"line":5,"column":18},"end":{"line":5,"column":53}},"locations":[{"start":{"line":5,"column":18},"end":{"line":5,"column":53}}]},"1":{"type":"branch","line":24,"loc":{"start":{"line":24,"column":19},"end":{"line":31,"column":10}},"locations":[{"start":{"line":24,"column":19},"end":{"line":31,"column":10}}]},"2":{"type":"branch","line":34,"loc":{"start":{"line":34,"column":0},"end":{"line":410,"column":1}},"locations":[{"start":{"line":34,"column":0},"end":{"line":410,"column":1}}]},"3":{"type":"branch","line":136,"loc":{"start":{"line":136,"column":95},"end":{"line":136,"column":114}},"locations":[{"start":{"line":136,"column":95},"end":{"line":136,"column":114}}]},"4":{"type":"branch","line":160,"loc":{"start":{"line":160,"column":67},"end":{"line":160,"column":116}},"locations":[{"start":{"line":160,"column":67},"end":{"line":160,"column":116}}]},"5":{"type":"branch","line":160,"loc":{"start":{"line":160,"column":102},"end":{"line":163,"column":41}},"locations":[{"start":{"line":160,"column":102},"end":{"line":163,"column":41}}]},"6":{"type":"branch","line":165,"loc":{"start":{"line":165,"column":29},"end":{"line":169,"column":38}},"locations":[{"start":{"line":165,"column":29},"end":{"line":169,"column":38}}]},"7":{"type":"branch","line":176,"loc":{"start":{"line":176,"column":67},"end":{"line":176,"column":116}},"locations":[{"start":{"line":176,"column":67},"end":{"line":176,"column":116}}]},"8":{"type":"branch","line":176,"loc":{"start":{"line":176,"column":102},"end":{"line":196,"column":35}},"locations":[{"start":{"line":176,"column":102},"end":{"line":196,"column":35}}]},"9":{"type":"branch","line":180,"loc":{"start":{"line":180,"column":55},"end":{"line":183,"column":47}},"locations":[{"start":{"line":180,"column":55},"end":{"line":183,"column":47}}]},"10":{"type":"branch","line":189,"loc":{"start":{"line":189,"column":51},"end":{"line":192,"column":47}},"locations":[{"start":{"line":189,"column":51},"end":{"line":192,"column":47}}]},"11":{"type":"branch","line":201,"loc":{"start":{"line":201,"column":17},"end":{"line":219,"column":26}},"locations":[{"start":{"line":201,"column":17},"end":{"line":219,"column":26}}]},"12":{"type":"branch","line":230,"loc":{"start":{"line":230,"column":29},"end":{"line":234,"column":20}},"locations":[{"start":{"line":230,"column":29},"end":{"line":234,"column":20}}]},"13":{"type":"branch","line":238,"loc":{"start":{"line":238,"column":13},"end":{"line":238,"column":64}},"locations":[{"start":{"line":238,"column":13},"end":{"line":238,"column":64}}]},"14":{"type":"branch","line":238,"loc":{"start":{"line":238,"column":51},"end":{"line":238,"column":100}},"locations":[{"start":{"line":238,"column":51},"end":{"line":238,"column":100}}]},"15":{"type":"branch","line":238,"loc":{"start":{"line":238,"column":86},"end":{"line":303,"column":22}},"locations":[{"start":{"line":238,"column":86},"end":{"line":303,"column":22}}]},"16":{"type":"branch","line":264,"loc":{"start":{"line":264,"column":56},"end":{"line":267,"column":38}},"locations":[{"start":{"line":264,"column":56},"end":{"line":267,"column":38}}]},"17":{"type":"branch","line":267,"loc":{"start":{"line":267,"column":32},"end":{"line":299,"column":38}},"locations":[{"start":{"line":267,"column":32},"end":{"line":299,"column":38}}]},"18":{"type":"branch","line":268,"loc":{"start":{"line":268,"column":57},"end":{"line":271,"column":38}},"locations":[{"start":{"line":268,"column":57},"end":{"line":271,"column":38}}]},"19":{"type":"branch","line":306,"loc":{"start":{"line":306,"column":51},"end":{"line":306,"column":99}},"locations":[{"start":{"line":306,"column":51},"end":{"line":306,"column":99}}]},"20":{"type":"branch","line":306,"loc":{"start":{"line":306,"column":86},"end":{"line":306,"column":108}},"locations":[{"start":{"line":306,"column":86},"end":{"line":306,"column":108}}]},"21":{"type":"branch","line":309,"loc":{"start":{"line":309,"column":13},"end":{"line":321,"column":22}},"locations":[{"start":{"line":309,"column":13},"end":{"line":321,"column":22}}]},"22":{"type":"branch","line":399,"loc":{"start":{"line":399,"column":13},"end":{"line":405,"column":25}},"locations":[{"start":{"line":399,"column":13},"end":{"line":405,"column":25}}]},"23":{"type":"branch","line":49,"loc":{"start":{"line":49,"column":14},"end":{"line":52,"column":7}},"locations":[{"start":{"line":49,"column":14},"end":{"line":52,"column":7}}]},"24":{"type":"branch","line":50,"loc":{"start":{"line":50,"column":31},"end":{"line":50,"column":70}},"locations":[{"start":{"line":50,"column":31},"end":{"line":50,"column":70}}]},"25":{"type":"branch","line":51,"loc":{"start":{"line":51,"column":13},"end":{"line":51,"column":39}},"locations":[{"start":{"line":51,"column":13},"end":{"line":51,"column":39}}]},"26":{"type":"branch","line":55,"loc":{"start":{"line":55,"column":14},"end":{"line":61,"column":7}},"locations":[{"start":{"line":55,"column":14},"end":{"line":61,"column":7}}]},"27":{"type":"branch","line":57,"loc":{"start":{"line":57,"column":20},"end":{"line":60,"column":9}},"locations":[{"start":{"line":57,"column":20},"end":{"line":60,"column":9}}]},"28":{"type":"branch","line":63,"loc":{"start":{"line":63,"column":14},"end":{"line":71,"column":7}},"locations":[{"start":{"line":63,"column":14},"end":{"line":71,"column":7}}]},"29":{"type":"branch","line":70,"loc":{"start":{"line":70,"column":15},"end":{"line":70,"column":51}},"locations":[{"start":{"line":70,"column":15},"end":{"line":70,"column":51}}]},"30":{"type":"branch","line":73,"loc":{"start":{"line":73,"column":34},"end":{"line":83,"column":7}},"locations":[{"start":{"line":73,"column":34},"end":{"line":83,"column":7}}]},"31":{"type":"branch","line":74,"loc":{"start":{"line":74,"column":43},"end":{"line":76,"column":15}},"locations":[{"start":{"line":74,"column":43},"end":{"line":76,"column":15}}]},"32":{"type":"branch","line":76,"loc":{"start":{"line":76,"column":8},"end":{"line":82,"column":9}},"locations":[{"start":{"line":76,"column":8},"end":{"line":82,"column":9}}]},"33":{"type":"branch","line":77,"loc":{"start":{"line":77,"column":35},"end":{"line":80,"column":86}},"locations":[{"start":{"line":77,"column":35},"end":{"line":80,"column":86}}]},"34":{"type":"branch","line":78,"loc":{"start":{"line":78,"column":81},"end":{"line":79,"column":92}},"locations":[{"start":{"line":78,"column":81},"end":{"line":79,"column":92}}]},"35":{"type":"branch","line":79,"loc":{"start":{"line":79,"column":88},"end":{"line":80,"column":86}},"locations":[{"start":{"line":79,"column":88},"end":{"line":80,"column":86}}]},"36":{"type":"branch","line":85,"loc":{"start":{"line":85,"column":14},"end":{"line":99,"column":7}},"locations":[{"start":{"line":85,"column":14},"end":{"line":99,"column":7}}]},"37":{"type":"branch","line":96,"loc":{"start":{"line":96,"column":15},"end":{"line":98,"column":10}},"locations":[{"start":{"line":96,"column":15},"end":{"line":98,"column":10}}]},"38":{"type":"branch","line":102,"loc":{"start":{"line":102,"column":14},"end":{"line":112,"column":7}},"locations":[{"start":{"line":102,"column":14},"end":{"line":112,"column":7}}]},"39":{"type":"branch","line":108,"loc":{"start":{"line":108,"column":26},"end":{"line":111,"column":9}},"locations":[{"start":{"line":108,"column":26},"end":{"line":111,"column":9}}]},"40":{"type":"branch","line":110,"loc":{"start":{"line":110,"column":19},"end":{"line":110,"column":79}},"locations":[{"start":{"line":110,"column":19},"end":{"line":110,"column":79}}]},"41":{"type":"branch","line":161,"loc":{"start":{"line":161,"column":101},"end":{"line":161,"column":130}},"locations":[{"start":{"line":161,"column":101},"end":{"line":161,"column":130}}]},"42":{"type":"branch","line":249,"loc":{"start":{"line":249,"column":46},"end":{"line":249,"column":84}},"locations":[{"start":{"line":249,"column":46},"end":{"line":249,"column":84}}]},"43":{"type":"branch","line":274,"loc":{"start":{"line":274,"column":55},"end":{"line":297,"column":47}},"locations":[{"start":{"line":274,"column":55},"end":{"line":297,"column":47}}]}},"b":{"0":[1],"1":[14],"2":[7],"3":[0],"4":[6],"5":[6],"6":[0],"7":[6],"8":[6],"9":[0],"10":[0],"11":[0],"12":[0],"13":[3],"14":[3],"15":[3],"16":[2],"17":[1],"18":[0],"19":[6],"20":[6],"21":[0],"22":[0],"23":[4],"24":[2],"25":[4],"26":[3],"27":[0],"28":[3],"29":[3],"30":[4],"31":[3],"32":[1],"33":[10],"34":[9],"35":[9],"36":[3],"37":[3],"38":[4],"39":[1],"40":[1],"41":[1],"42":[1],"43":[1]},"fnMap":{"0":{"name":"RoyalLotus","decl":{"start":{"line":24,"column":19},"end":{"line":31,"column":10}},"loc":{"start":{"line":24,"column":19},"end":{"line":31,"column":10}},"line":24},"1":{"name":"App","decl":{"start":{"line":34,"column":0},"end":{"line":410,"column":1}},"loc":{"start":{"line":34,"column":0},"end":{"line":410,"column":1}},"line":34},"2":{"name":"handleScroll","decl":{"start":{"line":86,"column":29},"end":{"line":92,"column":10}},"loc":{"start":{"line":86,"column":29},"end":{"line":92,"column":10}},"line":86},"3":{"name":"handleEscape","decl":{"start":{"line":103,"column":29},"end":{"line":107,"column":10}},"loc":{"start":{"line":103,"column":29},"end":{"line":107,"column":10}},"line":103},"4":{"name":"scrollToTop","decl":{"start":{"line":114,"column":24},"end":{"line":119,"column":6}},"loc":{"start":{"line":114,"column":24},"end":{"line":119,"column":6}},"line":114},"5":{"name":"handleCartClick","decl":{"start":{"line":121,"column":28},"end":{"line":131,"column":5}},"loc":{"start":{"line":121,"column":28},"end":{"line":131,"column":5}},"line":121},"6":{"name":"onClick","decl":{"start":{"line":143,"column":107},"end":{"line":143,"column":153}},"loc":{"start":{"line":143,"column":107},"end":{"line":143,"column":153}},"line":143},"7":{"name":"onClick","decl":{"start":{"line":161,"column":101},"end":{"line":161,"column":130}},"loc":{"start":{"line":161,"column":101},"end":{"line":161,"column":130}},"line":161},"8":{"name":"onClick","decl":{"start":{"line":204,"column":54},"end":{"line":204,"column":88}},"loc":{"start":{"line":204,"column":54},"end":{"line":204,"column":88}},"line":204},"9":{"name":"onClick","decl":{"start":{"line":205,"column":61},"end":{"line":205,"column":95}},"loc":{"start":{"line":205,"column":61},"end":{"line":205,"column":95}},"line":205},"10":{"name":"onClick","decl":{"start":{"line":206,"column":60},"end":{"line":206,"column":94}},"loc":{"start":{"line":206,"column":60},"end":{"line":206,"column":94}},"line":206},"11":{"name":"onClick","decl":{"start":{"line":207,"column":62},"end":{"line":207,"column":96}},"loc":{"start":{"line":207,"column":62},"end":{"line":207,"column":96}},"line":207},"12":{"name":"onClick","decl":{"start":{"line":209,"column":180},"end":{"line":209,"column":214}},"loc":{"start":{"line":209,"column":180},"end":{"line":209,"column":214}},"line":209},"13":{"name":"onClick","decl":{"start":{"line":213,"column":53},"end":{"line":213,"column":108}},"loc":{"start":{"line":213,"column":53},"end":{"line":213,"column":108}},"line":213},"14":{"name":"onClick","decl":{"start":{"line":215,"column":64},"end":{"line":215,"column":98}},"loc":{"start":{"line":215,"column":64},"end":{"line":215,"column":98}},"line":215},"15":{"name":"onChange","decl":{"start":{"line":249,"column":46},"end":{"line":249,"column":84}},"loc":{"start":{"line":249,"column":46},"end":{"line":249,"column":84}},"line":249},"16":{"name":"onClick","decl":{"start":{"line":254,"column":45},"end":{"line":254,"column":74}},"loc":{"start":{"line":254,"column":45},"end":{"line":254,"column":74}},"line":254},"17":{"name":"onClick","decl":{"start":{"line":278,"column":53},"end":{"line":278,"column":82}},"loc":{"start":{"line":278,"column":53},"end":{"line":278,"column":82}},"line":278},"18":{"name":"onClick","decl":{"start":{"line":314,"column":41},"end":{"line":314,"column":86}},"loc":{"start":{"line":314,"column":41},"end":{"line":314,"column":86}},"line":314}},"f":{"0":14,"1":7,"2":0,"3":0,"4":0,"5":0,"6":0,"7":1,"8":0,"9":0,"10":0,"11":0,"12":0,"13":0,"14":0,"15":1,"16":0,"17":0,"18":0}}
,"/Users/ganesh159th/Desktop/pehenavas-store/src/firebase.js": {"path":"/Users/ganesh159th/Desktop/pehenavas-store/src/firebase.js","all":false,"statementMap":{"0":{"start":{"line":1,"column":0},"end":{"line":1,"column":45}},"5":{"start":{"line":6,"column":0},"end":{"line":6,"column":24}},"6":{"start":{"line":7,"column":0},"end":{"line":7,"column":48}},"7":{"start":{"line":8,"column":0},"end":{"line":8,"column":56}},"8":{"start":{"line":9,"column":0},"end":{"line":9,"column":54}},"9":{"start":{"line":10,"column":0},"end":{"line":10,"column":62}},"10":{"start":{"line":11,"column":0},"end":{"line":11,"column":71}},"11":{"start":{"line":12,"column":0},"end":{"line":12,"column":46}},"12":{"start":{"line":13,"column":0},"end":{"line":13,"column":2}},"14":{"start":{"line":15,"column":0},"end":{"line":15,"column":15}},"15":{"start":{"line":16,"column":0},"end":{"line":16,"column":16}},"16":{"start":{"line":17,"column":0},"end":{"line":17,"column":14}},"17":{"start":{"line":18,"column":0},"end":{"line":18,"column":19}},"19":{"start":{"line":20,"column":0},"end":{"line":20,"column":5}},"20":{"start":{"line":21,"column":0},"end":{"line":21,"column":105}},"21":{"start":{"line":22,"column":0},"end":{"line":22,"column":38}},"22":{"start":{"line":23,"column":0},"end":{"line":23,"column":22}},"23":{"start":{"line":24,"column":0},"end":{"line":24,"column":25}},"24":{"start":{"line":25,"column":0},"end":{"line":25,"column":28}},"25":{"start":{"line":26,"column":0},"end":{"line":26,"column":13}},"26":{"start":{"line":27,"column":0},"end":{"line":27,"column":62}},"27":{"start":{"line":28,"column":0},"end":{"line":28,"column":1}},"30":{"start":{"line":31,"column":0},"end":{"line":31,"column":19}}},"s":{"0":1,"5":1,"6":1,"7":1,"8":1,"9":1,"10":1,"11":1,"12":1,"14":1,"15":1,"16":1,"17":1,"19":1,"20":1,"21":0,"22":0,"23":0,"24":0,"25":1,"26":1,"27":1,"30":1},"branchMap":{"0":{"type":"branch","line":21,"loc":{"start":{"line":21,"column":104},"end":{"line":26,"column":2}},"locations":[{"start":{"line":21,"column":104},"end":{"line":26,"column":2}}]}},"b":{"0":[0]},"fnMap":{},"f":{}}
,"/Users/ganesh159th/Desktop/pehenavas-store/src/main.jsx": {"path":"/Users/ganesh159th/Desktop/pehenavas-store/src/main.jsx","all":true,"statementMap":{"0":{"start":{"line":1,"column":0},"end":{"line":1,"column":34}},"1":{"start":{"line":2,"column":0},"end":{"line":2,"column":45}},"2":{"start":{"line":3,"column":0},"end":{"line":3,"column":48}},"3":{"start":{"line":4,"column":0},"end":{"line":4,"column":27}},"4":{"start":{"line":5,"column":0},"end":{"line":5,"column":20}},"5":{"start":{"line":6,"column":0},"end":{"line":6,"column":56}},"7":{"start":{"line":8,"column":0},"end":{"line":8,"column":51}},"8":{"start":{"line":9,"column":0},"end":{"line":9,"column":14}},"9":{"start":{"line":10,"column":0},"end":{"line":10,"column":19}},"10":{"start":{"line":11,"column":0},"end":{"line":11,"column":20}},"11":{"start":{"line":12,"column":0},"end":{"line":12,"column":15}},"12":{"start":{"line":13,"column":0},"end":{"line":13,"column":21}},"13":{"start":{"line":14,"column":0},"end":{"line":14,"column":20}},"14":{"start":{"line":15,"column":0},"end":{"line":15,"column":16}},"15":{"start":{"line":16,"column":0},"end":{"line":16,"column":1}}},"s":{"0":0,"1":0,"2":0,"3":0,"4":0,"5":0,"7":0,"8":0,"9":0,"10":0,"11":0,"12":0,"13":0,"14":0,"15":0},"branchMap":{"0":{"type":"branch","line":1,"loc":{"start":{"line":1,"column":422},"end":{"line":16,"column":1}},"locations":[{"start":{"line":1,"column":422},"end":{"line":16,"column":1}}]}},"b":{"0":[0]},"fnMap":{"0":{"name":"(empty-report)","decl":{"start":{"line":1,"column":422},"end":{"line":16,"column":1}},"loc":{"start":{"line":1,"column":422},"end":{"line":16,"column":1}},"line":1}},"f":{"0":0}}
,"/Users/ganesh159th/Desktop/pehenavas-store/src/setupTests.js": {"path":"/Users/ganesh159th/Desktop/pehenavas-store/src/setupTests.js","all":true,"statementMap":{"0":{"start":{"line":1,"column":0},"end":{"line":1,"column":35}}},"s":{"0":0},"branchMap":{"0":{"type":"branch","line":1,"loc":{"start":{"line":1,"column":0},"end":{"line":1,"column":35}},"locations":[{"start":{"line":1,"column":0},"end":{"line":1,"column":35}}]}},"b":{"0":[0]},"fnMap":{"0":{"name":"(empty-report)","decl":{"start":{"line":1,"column":0},"end":{"line":1,"column":35}},"loc":{"start":{"line":1,"column":0},"end":{"line":1,"column":35}},"line":1}},"f":{"0":0}}
,"/Users/ganesh159th/Desktop/pehenavas-store/src/utils.js": {"path":"/Users/ganesh159th/Desktop/pehenavas-store/src/utils.js","all":false,"statementMap":{"0":{"start":{"line":1,"column":0},"end":{"line":1,"column":38}},"1":{"start":{"line":2,"column":0},"end":{"line":2,"column":41}},"2":{"start":{"line":3,"column":0},"end":{"line":3,"column":22}},"3":{"start":{"line":4,"column":0},"end":{"line":4,"column":20}},"4":{"start":{"line":5,"column":0},"end":{"line":5,"column":29}},"5":{"start":{"line":6,"column":0},"end":{"line":6,"column":20}},"6":{"start":{"line":7,"column":0},"end":{"line":7,"column":2}}},"s":{"0":1,"1":15,"2":15,"3":15,"4":15,"5":15,"6":15},"branchMap":{"0":{"type":"branch","line":1,"loc":{"start":{"line":1,"column":25},"end":{"line":7,"column":2}},"locations":[{"start":{"line":1,"column":25},"end":{"line":7,"column":2}}]}},"b":{"0":[15]},"fnMap":{"0":{"name":"formatINR","decl":{"start":{"line":1,"column":25},"end":{"line":7,"column":2}},"loc":{"start":{"line":1,"column":25},"end":{"line":7,"column":2}},"line":1}},"f":{"0":15}}
,"/Users/ganesh159th/Desktop/pehenavas-store/src/admin/AdminDashboard.jsx": {"path":"/Users/ganesh159th/Desktop/pehenavas-store/src/admin/AdminDashboard.jsx","all":false,"statementMap":{"0":{"start":{"line":1,"column":0},"end":{"line":1,"column":64}},"11":{"start":{"line":12,"column":0},"end":{"line":12,"column":20}},"12":{"start":{"line":13,"column":0},"end":{"line":13,"column":174}},"13":{"start":{"line":14,"column":0},"end":{"line":14,"column":159}},"14":{"start":{"line":15,"column":0},"end":{"line":15,"column":162}},"15":{"start":{"line":16,"column":0},"end":{"line":16,"column":157}},"16":{"start":{"line":17,"column":0},"end":{"line":17,"column":2}},"18":{"start":{"line":19,"column":0},"end":{"line":19,"column":23}},"19":{"start":{"line":20,"column":0},"end":{"line":20,"column":161}},"20":{"start":{"line":21,"column":0},"end":{"line":21,"column":155}},"21":{"start":{"line":22,"column":0},"end":{"line":22,"column":168}},"22":{"start":{"line":23,"column":0},"end":{"line":23,"column":161}},"23":{"start":{"line":24,"column":0},"end":{"line":24,"column":164}},"24":{"start":{"line":25,"column":0},"end":{"line":25,"column":2}},"26":{"start":{"line":27,"column":0},"end":{"line":27,"column":42}},"27":{"start":{"line":28,"column":0},"end":{"line":28,"column":133}},"28":{"start":{"line":29,"column":0},"end":{"line":29,"column":33}},"29":{"start":{"line":30,"column":0},"end":{"line":30,"column":58}},"30":{"start":{"line":31,"column":0},"end":{"line":31,"column":58}},"32":{"start":{"line":33,"column":0},"end":{"line":33,"column":53}},"33":{"start":{"line":34,"column":0},"end":{"line":34,"column":99}},"34":{"start":{"line":35,"column":0},"end":{"line":35,"column":5}},"35":{"start":{"line":36,"column":0},"end":{"line":36,"column":55}},"36":{"start":{"line":37,"column":0},"end":{"line":37,"column":53}},"37":{"start":{"line":38,"column":0},"end":{"line":38,"column":65}},"38":{"start":{"line":39,"column":0},"end":{"line":39,"column":48}},"40":{"start":{"line":41,"column":0},"end":{"line":41,"column":50}},"41":{"start":{"line":42,"column":0},"end":{"line":42,"column":56}},"42":{"start":{"line":43,"column":0},"end":{"line":43,"column":26}},"43":{"start":{"line":44,"column":0},"end":{"line":44,"column":9}},"45":{"start":{"line":46,"column":0},"end":{"line":46,"column":19}},"46":{"start":{"line":47,"column":0},"end":{"line":47,"column":20}},"47":{"start":{"line":48,"column":0},"end":{"line":48,"column":33}},"48":{"start":{"line":49,"column":0},"end":{"line":49,"column":57}},"49":{"start":{"line":50,"column":0},"end":{"line":50,"column":33}},"50":{"start":{"line":51,"column":0},"end":{"line":51,"column":8}},"51":{"start":{"line":52,"column":0},"end":{"line":52,"column":20}},"52":{"start":{"line":53,"column":0},"end":{"line":53,"column":34}},"53":{"start":{"line":54,"column":0},"end":{"line":54,"column":9}},"54":{"start":{"line":55,"column":0},"end":{"line":55,"column":43}},"56":{"start":{"line":57,"column":0},"end":{"line":57,"column":36}},"57":{"start":{"line":58,"column":0},"end":{"line":58,"column":46}},"58":{"start":{"line":59,"column":0},"end":{"line":59,"column":38}},"59":{"start":{"line":60,"column":0},"end":{"line":60,"column":34}},"60":{"start":{"line":61,"column":0},"end":{"line":61,"column":45}},"61":{"start":{"line":62,"column":0},"end":{"line":62,"column":8}},"62":{"start":{"line":63,"column":0},"end":{"line":63,"column":46}},"63":{"start":{"line":64,"column":0},"end":{"line":64,"column":5}},"64":{"start":{"line":65,"column":0},"end":{"line":65,"column":4}},"66":{"start":{"line":67,"column":0},"end":{"line":67,"column":34}},"67":{"start":{"line":68,"column":0},"end":{"line":68,"column":27}},"68":{"start":{"line":69,"column":0},"end":{"line":69,"column":12}},"69":{"start":{"line":70,"column":0},"end":{"line":70,"column":24}},"70":{"start":{"line":71,"column":0},"end":{"line":71,"column":4}},"72":{"start":{"line":73,"column":0},"end":{"line":73,"column":19}},"73":{"start":{"line":74,"column":0},"end":{"line":74,"column":32}},"74":{"start":{"line":75,"column":0},"end":{"line":75,"column":31}},"75":{"start":{"line":76,"column":0},"end":{"line":76,"column":5}},"76":{"start":{"line":77,"column":0},"end":{"line":77,"column":39}},"79":{"start":{"line":80,"column":0},"end":{"line":80,"column":19}},"80":{"start":{"line":81,"column":0},"end":{"line":81,"column":33}},"81":{"start":{"line":82,"column":0},"end":{"line":82,"column":31}},"82":{"start":{"line":83,"column":0},"end":{"line":83,"column":31}},"83":{"start":{"line":84,"column":0},"end":{"line":84,"column":7}},"84":{"start":{"line":85,"column":0},"end":{"line":85,"column":6}},"85":{"start":{"line":86,"column":0},"end":{"line":86,"column":23}},"86":{"start":{"line":87,"column":0},"end":{"line":87,"column":57}},"87":{"start":{"line":88,"column":0},"end":{"line":88,"column":73}},"88":{"start":{"line":89,"column":0},"end":{"line":89,"column":5}},"89":{"start":{"line":90,"column":0},"end":{"line":90,"column":21}},"91":{"start":{"line":92,"column":0},"end":{"line":92,"column":36}},"92":{"start":{"line":93,"column":0},"end":{"line":93,"column":18}},"93":{"start":{"line":94,"column":0},"end":{"line":94,"column":81}},"94":{"start":{"line":95,"column":0},"end":{"line":95,"column":29}},"95":{"start":{"line":96,"column":0},"end":{"line":96,"column":4}},"97":{"start":{"line":98,"column":0},"end":{"line":98,"column":36}},"98":{"start":{"line":99,"column":0},"end":{"line":99,"column":37}},"99":{"start":{"line":100,"column":0},"end":{"line":100,"column":37}},"101":{"start":{"line":102,"column":0},"end":{"line":102,"column":28}},"102":{"start":{"line":103,"column":0},"end":{"line":103,"column":56}},"103":{"start":{"line":104,"column":0},"end":{"line":104,"column":13}},"104":{"start":{"line":105,"column":0},"end":{"line":105,"column":5}},"105":{"start":{"line":106,"column":0},"end":{"line":106,"column":20}},"106":{"start":{"line":107,"column":0},"end":{"line":107,"column":63}},"107":{"start":{"line":108,"column":0},"end":{"line":108,"column":13}},"108":{"start":{"line":109,"column":0},"end":{"line":109,"column":5}},"109":{"start":{"line":110,"column":0},"end":{"line":110,"column":20}},"110":{"start":{"line":111,"column":0},"end":{"line":111,"column":56}},"111":{"start":{"line":112,"column":0},"end":{"line":112,"column":13}},"112":{"start":{"line":113,"column":0},"end":{"line":113,"column":5}},"114":{"start":{"line":115,"column":0},"end":{"line":115,"column":25}},"115":{"start":{"line":116,"column":0},"end":{"line":116,"column":29}},"116":{"start":{"line":117,"column":0},"end":{"line":117,"column":12}},"117":{"start":{"line":118,"column":0},"end":{"line":118,"column":42}},"118":{"start":{"line":119,"column":0},"end":{"line":119,"column":49}},"119":{"start":{"line":120,"column":0},"end":{"line":120,"column":12}},"120":{"start":{"line":121,"column":0},"end":{"line":121,"column":32}},"121":{"start":{"line":122,"column":0},"end":{"line":122,"column":17}},"122":{"start":{"line":123,"column":0},"end":{"line":123,"column":6}},"124":{"start":{"line":125,"column":0},"end":{"line":125,"column":9}},"125":{"start":{"line":126,"column":0},"end":{"line":126,"column":59}},"126":{"start":{"line":127,"column":0},"end":{"line":127,"column":24}},"127":{"start":{"line":128,"column":0},"end":{"line":128,"column":13}},"128":{"start":{"line":129,"column":0},"end":{"line":129,"column":88}},"129":{"start":{"line":130,"column":0},"end":{"line":130,"column":13}},"130":{"start":{"line":131,"column":0},"end":{"line":131,"column":5}},"132":{"start":{"line":133,"column":0},"end":{"line":133,"column":12}},"133":{"start":{"line":134,"column":0},"end":{"line":134,"column":24}},"134":{"start":{"line":135,"column":0},"end":{"line":135,"column":27}},"136":{"start":{"line":137,"column":0},"end":{"line":137,"column":56}},"137":{"start":{"line":138,"column":0},"end":{"line":138,"column":4}},"139":{"start":{"line":140,"column":0},"end":{"line":140,"column":53}},"140":{"start":{"line":141,"column":0},"end":{"line":141,"column":69}},"141":{"start":{"line":142,"column":0},"end":{"line":142,"column":70}},"142":{"start":{"line":143,"column":0},"end":{"line":143,"column":4}},"144":{"start":{"line":145,"column":0},"end":{"line":145,"column":52}},"145":{"start":{"line":146,"column":0},"end":{"line":146,"column":65}},"146":{"start":{"line":147,"column":0},"end":{"line":147,"column":67}},"147":{"start":{"line":148,"column":0},"end":{"line":148,"column":64}},"148":{"start":{"line":149,"column":0},"end":{"line":149,"column":4}},"150":{"start":{"line":151,"column":0},"end":{"line":151,"column":76}},"152":{"start":{"line":153,"column":0},"end":{"line":153,"column":10}},"153":{"start":{"line":154,"column":0},"end":{"line":154,"column":76}},"156":{"start":{"line":157,"column":0},"end":{"line":157,"column":24}},"157":{"start":{"line":158,"column":0},"end":{"line":158,"column":111}},"158":{"start":{"line":159,"column":0},"end":{"line":159,"column":102}},"159":{"start":{"line":160,"column":0},"end":{"line":160,"column":68}},"160":{"start":{"line":161,"column":0},"end":{"line":161,"column":94}},"161":{"start":{"line":162,"column":0},"end":{"line":162,"column":211}},"162":{"start":{"line":163,"column":0},"end":{"line":163,"column":41}},"163":{"start":{"line":164,"column":0},"end":{"line":164,"column":23}},"164":{"start":{"line":165,"column":0},"end":{"line":165,"column":18}},"165":{"start":{"line":166,"column":0},"end":{"line":166,"column":74}},"166":{"start":{"line":167,"column":0},"end":{"line":167,"column":19}},"167":{"start":{"line":168,"column":0},"end":{"line":168,"column":98}},"168":{"start":{"line":169,"column":0},"end":{"line":169,"column":318}},"169":{"start":{"line":170,"column":0},"end":{"line":170,"column":20}},"170":{"start":{"line":171,"column":0},"end":{"line":171,"column":54}},"171":{"start":{"line":172,"column":0},"end":{"line":172,"column":21}},"172":{"start":{"line":173,"column":0},"end":{"line":173,"column":97}},"173":{"start":{"line":174,"column":0},"end":{"line":174,"column":311}},"174":{"start":{"line":175,"column":0},"end":{"line":175,"column":22}},"175":{"start":{"line":176,"column":0},"end":{"line":176,"column":21}},"176":{"start":{"line":177,"column":0},"end":{"line":177,"column":93}},"177":{"start":{"line":178,"column":0},"end":{"line":178,"column":308}},"178":{"start":{"line":179,"column":0},"end":{"line":179,"column":22}},"179":{"start":{"line":180,"column":0},"end":{"line":180,"column":20}},"180":{"start":{"line":181,"column":0},"end":{"line":181,"column":19}},"181":{"start":{"line":182,"column":0},"end":{"line":182,"column":94}},"182":{"start":{"line":183,"column":0},"end":{"line":183,"column":270}},"183":{"start":{"line":184,"column":0},"end":{"line":184,"column":68}},"184":{"start":{"line":185,"column":0},"end":{"line":185,"column":54}},"185":{"start":{"line":186,"column":0},"end":{"line":186,"column":50}},"186":{"start":{"line":187,"column":0},"end":{"line":187,"column":62}},"187":{"start":{"line":188,"column":0},"end":{"line":188,"column":60}},"188":{"start":{"line":189,"column":0},"end":{"line":189,"column":66}},"189":{"start":{"line":190,"column":0},"end":{"line":190,"column":25}},"190":{"start":{"line":191,"column":0},"end":{"line":191,"column":20}},"191":{"start":{"line":192,"column":0},"end":{"line":192,"column":17}},"192":{"start":{"line":193,"column":0},"end":{"line":193,"column":97}},"193":{"start":{"line":194,"column":0},"end":{"line":194,"column":306}},"194":{"start":{"line":195,"column":0},"end":{"line":195,"column":20}},"195":{"start":{"line":196,"column":0},"end":{"line":196,"column":17}},"196":{"start":{"line":197,"column":0},"end":{"line":197,"column":97}},"197":{"start":{"line":198,"column":0},"end":{"line":198,"column":390}},"198":{"start":{"line":199,"column":0},"end":{"line":199,"column":18}},"199":{"start":{"line":200,"column":0},"end":{"line":200,"column":206}},"200":{"start":{"line":201,"column":0},"end":{"line":201,"column":19}},"201":{"start":{"line":202,"column":0},"end":{"line":202,"column":16}},"202":{"start":{"line":203,"column":0},"end":{"line":203,"column":14}},"206":{"start":{"line":207,"column":0},"end":{"line":207,"column":126}},"207":{"start":{"line":208,"column":0},"end":{"line":208,"column":93}},"208":{"start":{"line":209,"column":0},"end":{"line":209,"column":111}},"209":{"start":{"line":210,"column":0},"end":{"line":210,"column":149}},"210":{"start":{"line":211,"column":0},"end":{"line":211,"column":15}},"211":{"start":{"line":212,"column":0},"end":{"line":212,"column":14}},"212":{"start":{"line":213,"column":0},"end":{"line":213,"column":46}},"213":{"start":{"line":214,"column":0},"end":{"line":214,"column":12}},"214":{"start":{"line":215,"column":0},"end":{"line":215,"column":74}},"215":{"start":{"line":216,"column":0},"end":{"line":216,"column":66}},"216":{"start":{"line":217,"column":0},"end":{"line":217,"column":67}},"217":{"start":{"line":218,"column":0},"end":{"line":218,"column":66}},"218":{"start":{"line":219,"column":0},"end":{"line":219,"column":27}},"219":{"start":{"line":220,"column":0},"end":{"line":220,"column":39}},"220":{"start":{"line":221,"column":0},"end":{"line":221,"column":20}},"221":{"start":{"line":222,"column":0},"end":{"line":222,"column":19}},"222":{"start":{"line":223,"column":0},"end":{"line":223,"column":28}},"223":{"start":{"line":224,"column":0},"end":{"line":224,"column":56}},"224":{"start":{"line":225,"column":0},"end":{"line":225,"column":135}},"225":{"start":{"line":226,"column":0},"end":{"line":226,"column":42}},"226":{"start":{"line":227,"column":0},"end":{"line":227,"column":84}},"227":{"start":{"line":228,"column":0},"end":{"line":228,"column":115}},"228":{"start":{"line":229,"column":0},"end":{"line":229,"column":17}},"230":{"start":{"line":231,"column":0},"end":{"line":231,"column":102}},"231":{"start":{"line":232,"column":0},"end":{"line":232,"column":39}},"232":{"start":{"line":233,"column":0},"end":{"line":233,"column":21}},"234":{"start":{"line":235,"column":0},"end":{"line":235,"column":13}},"235":{"start":{"line":236,"column":0},"end":{"line":236,"column":14}},"236":{"start":{"line":237,"column":0},"end":{"line":237,"column":54}},"237":{"start":{"line":238,"column":0},"end":{"line":238,"column":187}},"238":{"start":{"line":239,"column":0},"end":{"line":239,"column":42}},"239":{"start":{"line":240,"column":0},"end":{"line":240,"column":33}},"240":{"start":{"line":241,"column":0},"end":{"line":241,"column":19}},"241":{"start":{"line":242,"column":0},"end":{"line":242,"column":14}},"242":{"start":{"line":243,"column":0},"end":{"line":243,"column":14}},"245":{"start":{"line":246,"column":0},"end":{"line":246,"column":35}},"247":{"start":{"line":248,"column":0},"end":{"line":248,"column":30}},"248":{"start":{"line":249,"column":0},"end":{"line":249,"column":158}},"249":{"start":{"line":250,"column":0},"end":{"line":250,"column":93}},"250":{"start":{"line":251,"column":0},"end":{"line":251,"column":93}},"251":{"start":{"line":252,"column":0},"end":{"line":252,"column":16}},"253":{"start":{"line":254,"column":0},"end":{"line":254,"column":29}},"254":{"start":{"line":255,"column":0},"end":{"line":255,"column":158}},"255":{"start":{"line":256,"column":0},"end":{"line":256,"column":79}},"256":{"start":{"line":257,"column":0},"end":{"line":257,"column":84}},"257":{"start":{"line":258,"column":0},"end":{"line":258,"column":16}},"259":{"start":{"line":260,"column":0},"end":{"line":260,"column":67}},"260":{"start":{"line":261,"column":0},"end":{"line":261,"column":101}},"261":{"start":{"line":262,"column":0},"end":{"line":262,"column":42}},"262":{"start":{"line":263,"column":0},"end":{"line":263,"column":20}},"263":{"start":{"line":264,"column":0},"end":{"line":264,"column":52}},"264":{"start":{"line":265,"column":0},"end":{"line":265,"column":39}},"266":{"start":{"line":267,"column":0},"end":{"line":267,"column":109}},"267":{"start":{"line":268,"column":0},"end":{"line":268,"column":21}},"268":{"start":{"line":269,"column":0},"end":{"line":269,"column":28}},"269":{"start":{"line":270,"column":0},"end":{"line":270,"column":59}},"270":{"start":{"line":271,"column":0},"end":{"line":271,"column":193}},"271":{"start":{"line":272,"column":0},"end":{"line":272,"column":24}},"272":{"start":{"line":273,"column":0},"end":{"line":273,"column":16}},"273":{"start":{"line":274,"column":0},"end":{"line":274,"column":21}},"274":{"start":{"line":275,"column":0},"end":{"line":275,"column":30}},"275":{"start":{"line":276,"column":0},"end":{"line":276,"column":32}},"276":{"start":{"line":277,"column":0},"end":{"line":277,"column":37}},"277":{"start":{"line":278,"column":0},"end":{"line":278,"column":44}},"278":{"start":{"line":279,"column":0},"end":{"line":279,"column":68}},"279":{"start":{"line":280,"column":0},"end":{"line":280,"column":44}},"280":{"start":{"line":281,"column":0},"end":{"line":281,"column":72}},"281":{"start":{"line":282,"column":0},"end":{"line":282,"column":19}},"282":{"start":{"line":283,"column":0},"end":{"line":283,"column":31}},"283":{"start":{"line":284,"column":0},"end":{"line":284,"column":45}},"284":{"start":{"line":285,"column":0},"end":{"line":285,"column":90}},"285":{"start":{"line":286,"column":0},"end":{"line":286,"column":19}},"286":{"start":{"line":287,"column":0},"end":{"line":287,"column":51}},"287":{"start":{"line":288,"column":0},"end":{"line":288,"column":183}},"288":{"start":{"line":289,"column":0},"end":{"line":289,"column":83}},"289":{"start":{"line":290,"column":0},"end":{"line":290,"column":61}},"290":{"start":{"line":291,"column":0},"end":{"line":291,"column":22}},"291":{"start":{"line":292,"column":0},"end":{"line":292,"column":281}},"292":{"start":{"line":293,"column":0},"end":{"line":293,"column":42}},"293":{"start":{"line":294,"column":0},"end":{"line":294,"column":38}},"294":{"start":{"line":295,"column":0},"end":{"line":295,"column":21}},"295":{"start":{"line":296,"column":0},"end":{"line":296,"column":16}},"296":{"start":{"line":297,"column":0},"end":{"line":297,"column":17}},"299":{"start":{"line":300,"column":0},"end":{"line":300,"column":26}},"300":{"start":{"line":301,"column":0},"end":{"line":301,"column":113}},"301":{"start":{"line":302,"column":0},"end":{"line":302,"column":121}},"303":{"start":{"line":304,"column":0},"end":{"line":304,"column":99}},"304":{"start":{"line":305,"column":0},"end":{"line":305,"column":334}},"305":{"start":{"line":306,"column":0},"end":{"line":306,"column":63}},"306":{"start":{"line":307,"column":0},"end":{"line":307,"column":24}},"307":{"start":{"line":308,"column":0},"end":{"line":308,"column":31}},"308":{"start":{"line":309,"column":0},"end":{"line":309,"column":66}},"309":{"start":{"line":310,"column":0},"end":{"line":310,"column":39}},"310":{"start":{"line":311,"column":0},"end":{"line":311,"column":68}},"311":{"start":{"line":312,"column":0},"end":{"line":312,"column":29}},"312":{"start":{"line":313,"column":0},"end":{"line":313,"column":121}},"313":{"start":{"line":314,"column":0},"end":{"line":314,"column":20}},"314":{"start":{"line":315,"column":0},"end":{"line":315,"column":26}},"315":{"start":{"line":316,"column":0},"end":{"line":316,"column":36}},"316":{"start":{"line":317,"column":0},"end":{"line":317,"column":45}},"317":{"start":{"line":318,"column":0},"end":{"line":318,"column":41}},"318":{"start":{"line":319,"column":0},"end":{"line":319,"column":22}},"319":{"start":{"line":320,"column":0},"end":{"line":320,"column":167}},"320":{"start":{"line":321,"column":0},"end":{"line":321,"column":19}},"322":{"start":{"line":323,"column":0},"end":{"line":323,"column":27}},"323":{"start":{"line":324,"column":0},"end":{"line":324,"column":22}},"324":{"start":{"line":325,"column":0},"end":{"line":325,"column":20}},"327":{"start":{"line":328,"column":0},"end":{"line":328,"column":68}},"328":{"start":{"line":329,"column":0},"end":{"line":329,"column":46}},"329":{"start":{"line":330,"column":0},"end":{"line":330,"column":66}},"330":{"start":{"line":331,"column":0},"end":{"line":331,"column":88}},"331":{"start":{"line":332,"column":0},"end":{"line":332,"column":24}},"332":{"start":{"line":333,"column":0},"end":{"line":333,"column":84}},"333":{"start":{"line":334,"column":0},"end":{"line":334,"column":66}},"334":{"start":{"line":335,"column":0},"end":{"line":335,"column":88}},"335":{"start":{"line":336,"column":0},"end":{"line":336,"column":24}},"337":{"start":{"line":338,"column":0},"end":{"line":338,"column":49}},"339":{"start":{"line":340,"column":0},"end":{"line":340,"column":53}},"340":{"start":{"line":341,"column":0},"end":{"line":341,"column":27}},"341":{"start":{"line":342,"column":0},"end":{"line":342,"column":143}},"342":{"start":{"line":343,"column":0},"end":{"line":343,"column":79}},"343":{"start":{"line":344,"column":0},"end":{"line":344,"column":62}},"344":{"start":{"line":345,"column":0},"end":{"line":345,"column":32}},"345":{"start":{"line":346,"column":0},"end":{"line":346,"column":46}},"346":{"start":{"line":347,"column":0},"end":{"line":347,"column":165}},"348":{"start":{"line":349,"column":0},"end":{"line":349,"column":123}},"349":{"start":{"line":350,"column":0},"end":{"line":350,"column":37}},"350":{"start":{"line":351,"column":0},"end":{"line":351,"column":54}},"351":{"start":{"line":352,"column":0},"end":{"line":352,"column":52}},"352":{"start":{"line":353,"column":0},"end":{"line":353,"column":115}},"353":{"start":{"line":354,"column":0},"end":{"line":354,"column":34}},"354":{"start":{"line":355,"column":0},"end":{"line":355,"column":121}},"355":{"start":{"line":356,"column":0},"end":{"line":356,"column":36}},"356":{"start":{"line":357,"column":0},"end":{"line":357,"column":51}},"357":{"start":{"line":358,"column":0},"end":{"line":358,"column":147}},"358":{"start":{"line":359,"column":0},"end":{"line":359,"column":110}},"359":{"start":{"line":360,"column":0},"end":{"line":360,"column":99}},"360":{"start":{"line":361,"column":0},"end":{"line":361,"column":36}},"361":{"start":{"line":362,"column":0},"end":{"line":362,"column":34}},"362":{"start":{"line":363,"column":0},"end":{"line":363,"column":29}},"363":{"start":{"line":364,"column":0},"end":{"line":364,"column":30}},"364":{"start":{"line":365,"column":0},"end":{"line":365,"column":28}},"368":{"start":{"line":369,"column":0},"end":{"line":369,"column":51}},"369":{"start":{"line":370,"column":0},"end":{"line":370,"column":27}},"370":{"start":{"line":371,"column":0},"end":{"line":371,"column":139}},"371":{"start":{"line":372,"column":0},"end":{"line":372,"column":51}},"372":{"start":{"line":373,"column":0},"end":{"line":373,"column":61}},"373":{"start":{"line":374,"column":0},"end":{"line":374,"column":155}},"374":{"start":{"line":375,"column":0},"end":{"line":375,"column":85}},"375":{"start":{"line":376,"column":0},"end":{"line":376,"column":37}},"376":{"start":{"line":377,"column":0},"end":{"line":377,"column":87}},"377":{"start":{"line":378,"column":0},"end":{"line":378,"column":90}},"378":{"start":{"line":379,"column":0},"end":{"line":379,"column":38}},"379":{"start":{"line":380,"column":0},"end":{"line":380,"column":141}},"380":{"start":{"line":381,"column":0},"end":{"line":381,"column":48}},"381":{"start":{"line":382,"column":0},"end":{"line":382,"column":39}},"382":{"start":{"line":383,"column":0},"end":{"line":383,"column":36}},"383":{"start":{"line":384,"column":0},"end":{"line":384,"column":81}},"384":{"start":{"line":385,"column":0},"end":{"line":385,"column":88}},"385":{"start":{"line":386,"column":0},"end":{"line":386,"column":100}},"386":{"start":{"line":387,"column":0},"end":{"line":387,"column":36}},"387":{"start":{"line":388,"column":0},"end":{"line":388,"column":34}},"388":{"start":{"line":389,"column":0},"end":{"line":389,"column":29}},"389":{"start":{"line":390,"column":0},"end":{"line":390,"column":30}},"390":{"start":{"line":391,"column":0},"end":{"line":391,"column":28}},"392":{"start":{"line":393,"column":0},"end":{"line":393,"column":24}},"394":{"start":{"line":395,"column":0},"end":{"line":395,"column":20}},"395":{"start":{"line":396,"column":0},"end":{"line":396,"column":18}},"396":{"start":{"line":397,"column":0},"end":{"line":397,"column":16}},"401":{"start":{"line":402,"column":0},"end":{"line":402,"column":42}},"402":{"start":{"line":403,"column":0},"end":{"line":403,"column":70}},"403":{"start":{"line":404,"column":0},"end":{"line":404,"column":126}},"404":{"start":{"line":405,"column":0},"end":{"line":405,"column":69}},"405":{"start":{"line":406,"column":0},"end":{"line":406,"column":21}},"406":{"start":{"line":407,"column":0},"end":{"line":407,"column":99}},"407":{"start":{"line":408,"column":0},"end":{"line":408,"column":121}},"408":{"start":{"line":409,"column":0},"end":{"line":409,"column":22}},"409":{"start":{"line":410,"column":0},"end":{"line":410,"column":135}},"410":{"start":{"line":411,"column":0},"end":{"line":411,"column":52}},"411":{"start":{"line":412,"column":0},"end":{"line":412,"column":92}},"412":{"start":{"line":413,"column":0},"end":{"line":413,"column":22}},"413":{"start":{"line":414,"column":0},"end":{"line":414,"column":20}},"414":{"start":{"line":415,"column":0},"end":{"line":415,"column":82}},"415":{"start":{"line":416,"column":0},"end":{"line":416,"column":86}},"416":{"start":{"line":417,"column":0},"end":{"line":417,"column":113}},"417":{"start":{"line":418,"column":0},"end":{"line":418,"column":162}},"418":{"start":{"line":419,"column":0},"end":{"line":419,"column":261}},"419":{"start":{"line":420,"column":0},"end":{"line":420,"column":47}},"420":{"start":{"line":421,"column":0},"end":{"line":421,"column":28}},"421":{"start":{"line":422,"column":0},"end":{"line":422,"column":26}},"422":{"start":{"line":423,"column":0},"end":{"line":423,"column":24}},"423":{"start":{"line":424,"column":0},"end":{"line":424,"column":19}},"424":{"start":{"line":425,"column":0},"end":{"line":425,"column":20}},"425":{"start":{"line":426,"column":0},"end":{"line":426,"column":127}},"426":{"start":{"line":427,"column":0},"end":{"line":427,"column":208}},"427":{"start":{"line":428,"column":0},"end":{"line":428,"column":20}},"428":{"start":{"line":429,"column":0},"end":{"line":429,"column":18}},"429":{"start":{"line":430,"column":0},"end":{"line":430,"column":117}},"430":{"start":{"line":431,"column":0},"end":{"line":431,"column":70}},"431":{"start":{"line":432,"column":0},"end":{"line":432,"column":92}},"432":{"start":{"line":433,"column":0},"end":{"line":433,"column":89}},"433":{"start":{"line":434,"column":0},"end":{"line":434,"column":20}},"434":{"start":{"line":435,"column":0},"end":{"line":435,"column":48}},"435":{"start":{"line":436,"column":0},"end":{"line":436,"column":18}},"436":{"start":{"line":437,"column":0},"end":{"line":437,"column":112}},"437":{"start":{"line":438,"column":0},"end":{"line":438,"column":112}},"438":{"start":{"line":439,"column":0},"end":{"line":439,"column":112}},"439":{"start":{"line":440,"column":0},"end":{"line":440,"column":108}},"440":{"start":{"line":441,"column":0},"end":{"line":441,"column":36}},"441":{"start":{"line":442,"column":0},"end":{"line":442,"column":192}},"442":{"start":{"line":443,"column":0},"end":{"line":443,"column":156}},"443":{"start":{"line":444,"column":0},"end":{"line":444,"column":52}},"444":{"start":{"line":445,"column":0},"end":{"line":445,"column":95}},"445":{"start":{"line":446,"column":0},"end":{"line":446,"column":96}},"446":{"start":{"line":447,"column":0},"end":{"line":447,"column":125}},"447":{"start":{"line":448,"column":0},"end":{"line":448,"column":120}},"448":{"start":{"line":449,"column":0},"end":{"line":449,"column":94}},"449":{"start":{"line":450,"column":0},"end":{"line":450,"column":31}},"450":{"start":{"line":451,"column":0},"end":{"line":451,"column":28}},"451":{"start":{"line":452,"column":0},"end":{"line":452,"column":26}},"452":{"start":{"line":453,"column":0},"end":{"line":453,"column":24}},"453":{"start":{"line":454,"column":0},"end":{"line":454,"column":19}},"454":{"start":{"line":455,"column":0},"end":{"line":455,"column":20}},"455":{"start":{"line":456,"column":0},"end":{"line":456,"column":268}},"456":{"start":{"line":457,"column":0},"end":{"line":457,"column":18}},"457":{"start":{"line":458,"column":0},"end":{"line":458,"column":16}},"460":{"start":{"line":461,"column":0},"end":{"line":461,"column":42}},"461":{"start":{"line":462,"column":0},"end":{"line":462,"column":33}},"462":{"start":{"line":463,"column":0},"end":{"line":463,"column":65}},"463":{"start":{"line":464,"column":0},"end":{"line":464,"column":19}},"464":{"start":{"line":465,"column":0},"end":{"line":465,"column":102}},"465":{"start":{"line":466,"column":0},"end":{"line":466,"column":121}},"466":{"start":{"line":467,"column":0},"end":{"line":467,"column":20}},"467":{"start":{"line":468,"column":0},"end":{"line":468,"column":18}},"468":{"start":{"line":469,"column":0},"end":{"line":469,"column":97}},"469":{"start":{"line":470,"column":0},"end":{"line":470,"column":46}},"470":{"start":{"line":471,"column":0},"end":{"line":471,"column":49}},"471":{"start":{"line":472,"column":0},"end":{"line":472,"column":187}},"472":{"start":{"line":473,"column":0},"end":{"line":473,"column":109}},"473":{"start":{"line":474,"column":0},"end":{"line":474,"column":170}},"474":{"start":{"line":475,"column":0},"end":{"line":475,"column":59}},"475":{"start":{"line":476,"column":0},"end":{"line":476,"column":270}},"476":{"start":{"line":477,"column":0},"end":{"line":477,"column":52}},"477":{"start":{"line":478,"column":0},"end":{"line":478,"column":30}},"478":{"start":{"line":479,"column":0},"end":{"line":479,"column":26}},"479":{"start":{"line":480,"column":0},"end":{"line":480,"column":24}},"480":{"start":{"line":481,"column":0},"end":{"line":481,"column":39}},"481":{"start":{"line":482,"column":0},"end":{"line":482,"column":131}},"482":{"start":{"line":483,"column":0},"end":{"line":483,"column":101}},"483":{"start":{"line":484,"column":0},"end":{"line":484,"column":73}},"484":{"start":{"line":485,"column":0},"end":{"line":485,"column":117}},"485":{"start":{"line":486,"column":0},"end":{"line":486,"column":55}},"486":{"start":{"line":487,"column":0},"end":{"line":487,"column":170}},"487":{"start":{"line":488,"column":0},"end":{"line":488,"column":56}},"488":{"start":{"line":489,"column":0},"end":{"line":489,"column":54}},"489":{"start":{"line":490,"column":0},"end":{"line":490,"column":33}},"490":{"start":{"line":491,"column":0},"end":{"line":491,"column":71}},"491":{"start":{"line":492,"column":0},"end":{"line":492,"column":52}},"492":{"start":{"line":493,"column":0},"end":{"line":493,"column":161}},"493":{"start":{"line":494,"column":0},"end":{"line":494,"column":29}},"494":{"start":{"line":495,"column":0},"end":{"line":495,"column":26}},"495":{"start":{"line":496,"column":0},"end":{"line":496,"column":101}},"496":{"start":{"line":497,"column":0},"end":{"line":497,"column":50}},"497":{"start":{"line":498,"column":0},"end":{"line":498,"column":180}},"498":{"start":{"line":499,"column":0},"end":{"line":499,"column":26}},"499":{"start":{"line":500,"column":0},"end":{"line":500,"column":53}},"500":{"start":{"line":501,"column":0},"end":{"line":501,"column":128}},"501":{"start":{"line":502,"column":0},"end":{"line":502,"column":134}},"502":{"start":{"line":503,"column":0},"end":{"line":503,"column":134}},"503":{"start":{"line":504,"column":0},"end":{"line":504,"column":26}},"504":{"start":{"line":505,"column":0},"end":{"line":505,"column":24}},"505":{"start":{"line":506,"column":0},"end":{"line":506,"column":22}},"506":{"start":{"line":507,"column":0},"end":{"line":507,"column":18}},"508":{"start":{"line":509,"column":0},"end":{"line":509,"column":152}},"509":{"start":{"line":510,"column":0},"end":{"line":510,"column":60}},"510":{"start":{"line":511,"column":0},"end":{"line":511,"column":22}},"512":{"start":{"line":513,"column":0},"end":{"line":513,"column":18}},"513":{"start":{"line":514,"column":0},"end":{"line":514,"column":16}},"516":{"start":{"line":517,"column":0},"end":{"line":517,"column":42}},"517":{"start":{"line":518,"column":0},"end":{"line":518,"column":97}},"518":{"start":{"line":519,"column":0},"end":{"line":519,"column":112}},"519":{"start":{"line":520,"column":0},"end":{"line":520,"column":19}},"520":{"start":{"line":521,"column":0},"end":{"line":521,"column":99}},"521":{"start":{"line":522,"column":0},"end":{"line":522,"column":119}},"522":{"start":{"line":523,"column":0},"end":{"line":523,"column":20}},"523":{"start":{"line":524,"column":0},"end":{"line":524,"column":198}},"524":{"start":{"line":525,"column":0},"end":{"line":525,"column":18}},"525":{"start":{"line":526,"column":0},"end":{"line":526,"column":45}},"526":{"start":{"line":527,"column":0},"end":{"line":527,"column":66}},"527":{"start":{"line":528,"column":0},"end":{"line":528,"column":23}},"528":{"start":{"line":529,"column":0},"end":{"line":529,"column":123}},"529":{"start":{"line":530,"column":0},"end":{"line":530,"column":69}},"530":{"start":{"line":531,"column":0},"end":{"line":531,"column":69}},"531":{"start":{"line":532,"column":0},"end":{"line":532,"column":72}},"532":{"start":{"line":533,"column":0},"end":{"line":533,"column":73}},"533":{"start":{"line":534,"column":0},"end":{"line":534,"column":78}},"534":{"start":{"line":535,"column":0},"end":{"line":535,"column":23}},"535":{"start":{"line":536,"column":0},"end":{"line":536,"column":24}},"536":{"start":{"line":537,"column":0},"end":{"line":537,"column":59}},"537":{"start":{"line":538,"column":0},"end":{"line":538,"column":81}},"538":{"start":{"line":539,"column":0},"end":{"line":539,"column":88}},"539":{"start":{"line":540,"column":0},"end":{"line":540,"column":95}},"540":{"start":{"line":541,"column":0},"end":{"line":541,"column":100}},"541":{"start":{"line":542,"column":0},"end":{"line":542,"column":102}},"542":{"start":{"line":543,"column":0},"end":{"line":543,"column":48}},"543":{"start":{"line":544,"column":0},"end":{"line":544,"column":149}},"544":{"start":{"line":545,"column":0},"end":{"line":545,"column":40}},"545":{"start":{"line":546,"column":0},"end":{"line":546,"column":31}},"546":{"start":{"line":547,"column":0},"end":{"line":547,"column":27}},"547":{"start":{"line":548,"column":0},"end":{"line":548,"column":123}},"548":{"start":{"line":549,"column":0},"end":{"line":549,"column":25}},"549":{"start":{"line":550,"column":0},"end":{"line":550,"column":24}},"550":{"start":{"line":551,"column":0},"end":{"line":551,"column":24}},"551":{"start":{"line":552,"column":0},"end":{"line":552,"column":101}},"552":{"start":{"line":553,"column":0},"end":{"line":553,"column":64}},"553":{"start":{"line":554,"column":0},"end":{"line":554,"column":27}},"554":{"start":{"line":555,"column":0},"end":{"line":555,"column":25}},"556":{"start":{"line":557,"column":0},"end":{"line":557,"column":24}},"557":{"start":{"line":558,"column":0},"end":{"line":558,"column":22}},"558":{"start":{"line":559,"column":0},"end":{"line":559,"column":18}},"559":{"start":{"line":560,"column":0},"end":{"line":560,"column":16}},"562":{"start":{"line":563,"column":0},"end":{"line":563,"column":42}},"563":{"start":{"line":564,"column":0},"end":{"line":564,"column":15}},"564":{"start":{"line":565,"column":0},"end":{"line":565,"column":65}},"565":{"start":{"line":566,"column":0},"end":{"line":566,"column":19}},"566":{"start":{"line":567,"column":0},"end":{"line":567,"column":101}},"567":{"start":{"line":568,"column":0},"end":{"line":568,"column":20}},"568":{"start":{"line":569,"column":0},"end":{"line":569,"column":18}},"569":{"start":{"line":570,"column":0},"end":{"line":570,"column":97}},"570":{"start":{"line":571,"column":0},"end":{"line":571,"column":46}},"571":{"start":{"line":572,"column":0},"end":{"line":572,"column":49}},"572":{"start":{"line":573,"column":0},"end":{"line":573,"column":187}},"573":{"start":{"line":574,"column":0},"end":{"line":574,"column":109}},"574":{"start":{"line":575,"column":0},"end":{"line":575,"column":170}},"575":{"start":{"line":576,"column":0},"end":{"l
[...]
"line":57,"column":0},"end":{"line":57,"column":38}},"57":{"start":{"line":58,"column":0},"end":{"line":58,"column":66}},"58":{"start":{"line":59,"column":0},"end":{"line":59,"column":28}},"59":{"start":{"line":60,"column":0},"end":{"line":60,"column":11}},"60":{"start":{"line":61,"column":0},"end":{"line":61,"column":11}},"61":{"start":{"line":62,"column":0},"end":{"line":62,"column":36}},"62":{"start":{"line":63,"column":0},"end":{"line":63,"column":9}},"64":{"start":{"line":65,"column":0},"end":{"line":65,"column":21}},"65":{"start":{"line":66,"column":0},"end":{"line":66,"column":48}},"66":{"start":{"line":67,"column":0},"end":{"line":67,"column":50}},"67":{"start":{"line":68,"column":0},"end":{"line":68,"column":76}},"68":{"start":{"line":69,"column":0},"end":{"line":69,"column":57}},"70":{"start":{"line":71,"column":0},"end":{"line":71,"column":21}},"71":{"start":{"line":72,"column":0},"end":{"line":72,"column":43}},"72":{"start":{"line":73,"column":0},"end":{"line":73,"column":24}},"73":{"start":{"line":74,"column":0},"end":{"line":74,"column":47}},"74":{"start":{"line":75,"column":0},"end":{"line":75,"column":66}},"75":{"start":{"line":76,"column":0},"end":{"line":76,"column":12}},"77":{"start":{"line":78,"column":0},"end":{"line":78,"column":29}},"78":{"start":{"line":79,"column":0},"end":{"line":79,"column":20}},"79":{"start":{"line":80,"column":0},"end":{"line":80,"column":44}},"80":{"start":{"line":81,"column":0},"end":{"line":81,"column":60}},"81":{"start":{"line":82,"column":0},"end":{"line":82,"column":50}},"82":{"start":{"line":83,"column":0},"end":{"line":83,"column":24}},"83":{"start":{"line":84,"column":0},"end":{"line":84,"column":16}},"84":{"start":{"line":85,"column":0},"end":{"line":85,"column":31}},"85":{"start":{"line":86,"column":0},"end":{"line":86,"column":61}},"86":{"start":{"line":87,"column":0},"end":{"line":87,"column":14}},"87":{"start":{"line":88,"column":0},"end":{"line":88,"column":11}},"89":{"start":{"line":90,"column":0},"end":{"line":90,"column":18}},"90":{"start":{"line":91,"column":0},"end":{"line":91,"column":64}},"91":{"start":{"line":92,"column":0},"end":{"line":92,"column":29}},"92":{"start":{"line":93,"column":0},"end":{"line":93,"column":59}},"93":{"start":{"line":94,"column":0},"end":{"line":94,"column":12}},"94":{"start":{"line":95,"column":0},"end":{"line":95,"column":11}},"95":{"start":{"line":96,"column":0},"end":{"line":96,"column":8}},"97":{"start":{"line":98,"column":0},"end":{"line":98,"column":44}},"98":{"start":{"line":99,"column":0},"end":{"line":99,"column":25}},"99":{"start":{"line":100,"column":0},"end":{"line":100,"column":34}},"100":{"start":{"line":101,"column":0},"end":{"line":101,"column":59}},"101":{"start":{"line":102,"column":0},"end":{"line":102,"column":12}},"102":{"start":{"line":103,"column":0},"end":{"line":103,"column":12}},"103":{"start":{"line":104,"column":0},"end":{"line":104,"column":8}},"105":{"start":{"line":106,"column":0},"end":{"line":106,"column":46}},"106":{"start":{"line":107,"column":0},"end":{"line":107,"column":22}},"107":{"start":{"line":108,"column":0},"end":{"line":108,"column":27}},"108":{"start":{"line":109,"column":0},"end":{"line":109,"column":77}},"109":{"start":{"line":110,"column":0},"end":{"line":110,"column":14}},"110":{"start":{"line":111,"column":0},"end":{"line":111,"column":17}},"111":{"start":{"line":112,"column":0},"end":{"line":112,"column":9}},"112":{"start":{"line":113,"column":0},"end":{"line":113,"column":25}},"113":{"start":{"line":114,"column":0},"end":{"line":114,"column":38}},"114":{"start":{"line":115,"column":0},"end":{"line":115,"column":74}},"115":{"start":{"line":116,"column":0},"end":{"line":116,"column":12}},"116":{"start":{"line":117,"column":0},"end":{"line":117,"column":12}},"117":{"start":{"line":118,"column":0},"end":{"line":118,"column":8}},"119":{"start":{"line":120,"column":0},"end":{"line":120,"column":52}},"120":{"start":{"line":121,"column":0},"end":{"line":121,"column":25}},"121":{"start":{"line":122,"column":0},"end":{"line":122,"column":42}},"122":{"start":{"line":123,"column":0},"end":{"line":123,"column":62}},"123":{"start":{"line":124,"column":0},"end":{"line":124,"column":70}},"124":{"start":{"line":125,"column":0},"end":{"line":125,"column":13}},"125":{"start":{"line":126,"column":0},"end":{"line":126,"column":24}},"126":{"start":{"line":127,"column":0},"end":{"line":127,"column":13}},"127":{"start":{"line":128,"column":0},"end":{"line":128,"column":12}},"128":{"start":{"line":129,"column":0},"end":{"line":129,"column":8}},"130":{"start":{"line":131,"column":0},"end":{"line":131,"column":41}},"131":{"start":{"line":132,"column":0},"end":{"line":132,"column":51}},"133":{"start":{"line":134,"column":0},"end":{"line":134,"column":15}},"134":{"start":{"line":135,"column":0},"end":{"line":135,"column":44}},"135":{"start":{"line":136,"column":0},"end":{"line":136,"column":40}},"136":{"start":{"line":137,"column":0},"end":{"line":137,"column":10}},"138":{"start":{"line":139,"column":0},"end":{"line":139,"column":27}},"139":{"start":{"line":140,"column":0},"end":{"line":140,"column":29}},"140":{"start":{"line":141,"column":0},"end":{"line":141,"column":77}},"142":{"start":{"line":143,"column":0},"end":{"line":143,"column":19}},"143":{"start":{"line":144,"column":0},"end":{"line":144,"column":43}},"144":{"start":{"line":145,"column":0},"end":{"line":145,"column":62}},"145":{"start":{"line":146,"column":0},"end":{"line":146,"column":46}},"146":{"start":{"line":147,"column":0},"end":{"line":147,"column":22}},"147":{"start":{"line":148,"column":0},"end":{"line":148,"column":9}},"148":{"start":{"line":149,"column":0},"end":{"line":149,"column":21}},"149":{"start":{"line":150,"column":0},"end":{"line":150,"column":8}},"150":{"start":{"line":151,"column":0},"end":{"line":151,"column":62}},"152":{"start":{"line":153,"column":0},"end":{"line":153,"column":25}},"153":{"start":{"line":154,"column":0},"end":{"line":154,"column":36}},"154":{"start":{"line":155,"column":0},"end":{"line":155,"column":24}},"155":{"start":{"line":156,"column":0},"end":{"line":156,"column":79}},"156":{"start":{"line":157,"column":0},"end":{"line":157,"column":99}},"157":{"start":{"line":158,"column":0},"end":{"line":158,"column":60}},"158":{"start":{"line":159,"column":0},"end":{"line":159,"column":11}},"159":{"start":{"line":160,"column":0},"end":{"line":160,"column":8}},"160":{"start":{"line":161,"column":0},"end":{"line":161,"column":7}},"161":{"start":{"line":162,"column":0},"end":{"line":162,"column":5}},"162":{"start":{"line":163,"column":0},"end":{"line":163,"column":32}},"163":{"start":{"line":164,"column":0},"end":{"line":164,"column":150}},"164":{"start":{"line":165,"column":0},"end":{"line":165,"column":39}},"165":{"start":{"line":166,"column":0},"end":{"line":166,"column":19}},"166":{"start":{"line":167,"column":0},"end":{"line":167,"column":21}},"167":{"start":{"line":168,"column":0},"end":{"line":168,"column":19}},"168":{"start":{"line":169,"column":0},"end":{"line":169,"column":47}},"169":{"start":{"line":170,"column":0},"end":{"line":170,"column":105}},"170":{"start":{"line":171,"column":0},"end":{"line":171,"column":12}},"171":{"start":{"line":172,"column":0},"end":{"line":172,"column":30}},"172":{"start":{"line":173,"column":0},"end":{"line":173,"column":10}},"173":{"start":{"line":174,"column":0},"end":{"line":174,"column":9}},"174":{"start":{"line":175,"column":0},"end":{"line":175,"column":5}},"175":{"start":{"line":176,"column":0},"end":{"line":176,"column":3}},"176":{"start":{"line":177,"column":0},"end":{"line":177,"column":2}}},"s":{"0":1,"5":1,"6":1,"7":1,"8":0,"9":0,"10":0,"11":1,"12":1,"14":1,"15":1,"16":1,"17":4,"18":4,"19":4,"20":4,"21":4,"22":4,"24":4,"25":4,"27":4,"28":0,"29":0,"30":0,"31":0,"32":0,"33":0,"34":0,"35":0,"36":0,"37":4,"39":4,"40":0,"41":4,"43":4,"44":0,"45":0,"46":0,"47":0,"48":0,"49":0,"50":0,"51":4,"53":4,"54":0,"55":0,"56":0,"57":0,"58":0,"59":0,"60":0,"61":0,"62":4,"64":4,"65":4,"66":4,"67":4,"68":4,"70":4,"71":4,"72":0,"73":0,"74":0,"75":0,"77":0,"78":0,"79":0,"80":0,"81":0,"82":0,"83":0,"84":0,"85":0,"86":0,"87":0,"89":0,"90":0,"91":0,"92":0,"93":0,"94":0,"95":4,"97":4,"98":0,"99":0,"100":0,"101":0,"102":0,"103":4,"105":4,"106":0,"107":0,"108":0,"109":0,"110":0,"111":0,"112":0,"113":0,"114":0,"115":0,"116":0,"117":4,"119":4,"120":0,"121":0,"122":0,"123":0,"124":0,"125":0,"126":0,"127":0,"128":4,"130":4,"131":4,"133":4,"134":4,"135":5,"136":4,"138":4,"139":4,"140":4,"142":4,"143":4,"144":0,"145":0,"146":0,"147":0,"148":0,"149":4,"150":4,"152":4,"153":4,"154":0,"155":0,"156":0,"157":0,"158":0,"159":4,"160":1,"161":1,"162":1,"163":1,"164":1,"165":4,"166":4,"167":4,"168":4,"169":4,"170":4,"171":4,"172":4,"173":1,"174":1,"175":1,"176":1},"branchMap":{"0":{"type":"branch","line":17,"loc":{"start":{"line":17,"column":4},"end":{"line":161,"column":6}},"locations":[{"start":{"line":17,"column":4},"end":{"line":161,"column":6}}]},"1":{"type":"branch","line":135,"loc":{"start":{"line":135,"column":16},"end":{"line":137,"column":9}},"locations":[{"start":{"line":135,"column":16},"end":{"line":137,"column":9}}]},"2":{"type":"branch","line":135,"loc":{"start":{"line":135,"column":31},"end":{"line":137,"column":8}},"locations":[{"start":{"line":135,"column":31},"end":{"line":137,"column":8}}]},"3":{"type":"branch","line":164,"loc":{"start":{"line":164,"column":18},"end":{"line":164,"column":149}},"locations":[{"start":{"line":164,"column":18},"end":{"line":164,"column":149}}]},"4":{"type":"branch","line":165,"loc":{"start":{"line":165,"column":13},"end":{"line":174,"column":8}},"locations":[{"start":{"line":165,"column":13},"end":{"line":174,"column":8}}]},"5":{"type":"branch","line":169,"loc":{"start":{"line":169,"column":33},"end":{"line":169,"column":38}},"locations":[{"start":{"line":169,"column":33},"end":{"line":169,"column":38}}]}},"b":{"0":[4],"1":[5],"2":[5],"3":[6],"4":[4],"5":[0]},"fnMap":{"0":{"name":"__vite_ssr_import_0__.create.__vite_ssr_import_1__.persist.name","decl":{"start":{"line":17,"column":4},"end":{"line":161,"column":6}},"loc":{"start":{"line":17,"column":4},"end":{"line":161,"column":6}},"line":17},"1":{"name":"addProduct","decl":{"start":{"line":28,"column":18},"end":{"line":38,"column":9}},"loc":{"start":{"line":28,"column":18},"end":{"line":38,"column":9}},"line":28},"2":{"name":"updateProduct","decl":{"start":{"line":40,"column":21},"end":{"line":42,"column":9}},"loc":{"start":{"line":40,"column":21},"end":{"line":42,"column":9}},"line":40},"3":{"name":"removeProduct","decl":{"start":{"line":44,"column":21},"end":{"line":52,"column":7}},"loc":{"start":{"line":44,"column":21},"end":{"line":52,"column":7}},"line":44},"4":{"name":"syncProducts","decl":{"start":{"line":54,"column":20},"end":{"line":63,"column":8}},"loc":{"start":{"line":54,"column":20},"end":{"line":63,"column":8}},"line":54},"5":{"name":"openCart","decl":{"start":{"line":66,"column":16},"end":{"line":66,"column":47}},"loc":{"start":{"line":66,"column":16},"end":{"line":66,"column":47}},"line":66},"6":{"name":"closeCart","decl":{"start":{"line":67,"column":17},"end":{"line":67,"column":49}},"loc":{"start":{"line":67,"column":17},"end":{"line":67,"column":49}},"line":67},"7":{"name":"toggleCart","decl":{"start":{"line":68,"column":18},"end":{"line":68,"column":75}},"loc":{"start":{"line":68,"column":18},"end":{"line":68,"column":75}},"line":68},"8":{"name":"setIsCartOpen","decl":{"start":{"line":69,"column":21},"end":{"line":69,"column":56}},"loc":{"start":{"line":69,"column":21},"end":{"line":69,"column":56}},"line":69},"9":{"name":"addToCart","decl":{"start":{"line":72,"column":17},"end":{"line":96,"column":7}},"loc":{"start":{"line":72,"column":17},"end":{"line":96,"column":7}},"line":72},"10":{"name":"removeFromCart","decl":{"start":{"line":98,"column":22},"end":{"line":104,"column":7}},"loc":{"start":{"line":98,"column":22},"end":{"line":104,"column":7}},"line":98},"11":{"name":"updateItemQuantity","decl":{"start":{"line":106,"column":26},"end":{"line":118,"column":7}},"loc":{"start":{"line":106,"column":26},"end":{"line":118,"column":7}},"line":106},"12":{"name":"updateQuantity","decl":{"start":{"line":120,"column":22},"end":{"line":129,"column":7}},"loc":{"start":{"line":120,"column":22},"end":{"line":129,"column":7}},"line":120},"13":{"name":"clearCart","decl":{"start":{"line":131,"column":17},"end":{"line":131,"column":40}},"loc":{"start":{"line":131,"column":17},"end":{"line":131,"column":40}},"line":131},"14":{"name":"hideToast","decl":{"start":{"line":132,"column":17},"end":{"line":132,"column":50}},"loc":{"start":{"line":132,"column":17},"end":{"line":132,"column":50}},"line":132},"15":{"name":"addOrder","decl":{"start":{"line":135,"column":16},"end":{"line":137,"column":9}},"loc":{"start":{"line":135,"column":16},"end":{"line":137,"column":9}},"line":135},"16":{"name":"setServerConnected","decl":{"start":{"line":141,"column":26},"end":{"line":141,"column":76}},"loc":{"start":{"line":141,"column":26},"end":{"line":141,"column":76}},"line":141},"17":{"name":"adminLogin","decl":{"start":{"line":144,"column":18},"end":{"line":150,"column":7}},"loc":{"start":{"line":144,"column":18},"end":{"line":150,"column":7}},"line":144},"18":{"name":"adminLogout","decl":{"start":{"line":151,"column":19},"end":{"line":151,"column":61}},"loc":{"start":{"line":151,"column":19},"end":{"line":151,"column":61}},"line":151},"19":{"name":"toggleWishlist","decl":{"start":{"line":154,"column":22},"end":{"line":160,"column":7}},"loc":{"start":{"line":154,"column":22},"end":{"line":160,"column":7}},"line":154},"20":{"name":"partialize","decl":{"start":{"line":164,"column":18},"end":{"line":164,"column":149}},"loc":{"start":{"line":164,"column":18},"end":{"line":164,"column":149}},"line":164},"21":{"name":"merge","decl":{"start":{"line":165,"column":13},"end":{"line":174,"column":8}},"loc":{"start":{"line":165,"column":13},"end":{"line":174,"column":8}},"line":165}},"f":{"0":4,"1":0,"2":0,"3":0,"4":0,"5":0,"6":0,"7":0,"8":0,"9":0,"10":0,"11":0,"12":0,"13":0,"14":0,"15":5,"16":0,"17":0,"18":0,"19":0,"20":6,"21":4}}
,"/Users/ganesh159th/Desktop/pehenavas-store/src/utils/alert.js": {"path":"/Users/ganesh159th/Desktop/pehenavas-store/src/utils/alert.js","all":false,"statementMap":{"0":{"start":{"line":1,"column":0},"end":{"line":1,"column":15}},"1":{"start":{"line":2,"column":0},"end":{"line":2,"column":12}},"2":{"start":{"line":3,"column":0},"end":{"line":3,"column":15}},"3":{"start":{"line":4,"column":0},"end":{"line":4,"column":4}},"4":{"start":{"line":5,"column":0},"end":{"line":5,"column":11}},"5":{"start":{"line":6,"column":0},"end":{"line":6,"column":15}},"6":{"start":{"line":7,"column":0},"end":{"line":7,"column":4}},"7":{"start":{"line":8,"column":0},"end":{"line":8,"column":12}},"8":{"start":{"line":9,"column":0},"end":{"line":9,"column":15}},"9":{"start":{"line":10,"column":0},"end":{"line":10,"column":4}},"10":{"start":{"line":11,"column":0},"end":{"line":11,"column":2}},"12":{"start":{"line":13,"column":0},"end":{"line":13,"column":21}},"14":{"start":{"line":15,"column":0},"end":{"line":15,"column":28}},"15":{"start":{"line":16,"column":0},"end":{"line":16,"column":57}},"16":{"start":{"line":17,"column":0},"end":{"line":17,"column":46}},"17":{"start":{"line":18,"column":0},"end":{"line":18,"column":44}},"18":{"start":{"line":19,"column":0},"end":{"line":19,"column":41}},"19":{"start":{"line":20,"column":0},"end":{"line":20,"column":3}},"20":{"start":{"line":21,"column":0},"end":{"line":21,"column":19}},"21":{"start":{"line":22,"column":0},"end":{"line":22,"column":1}},"23":{"start":{"line":24,"column":0},"end":{"line":24,"column":54}},"24":{"start":{"line":25,"column":0},"end":{"line":25,"column":46}},"25":{"start":{"line":26,"column":0},"end":{"line":26,"column":43}},"26":{"start":{"line":27,"column":0},"end":{"line":27,"column":37}},"28":{"start":{"line":29,"column":0},"end":{"line":29,"column":18}},"29":{"start":{"line":30,"column":0},"end":{"line":30,"column":57}},"30":{"start":{"line":31,"column":0},"end":{"line":31,"column":52}},"31":{"start":{"line":32,"column":0},"end":{"line":32,"column":76}},"32":{"start":{"line":33,"column":0},"end":{"line":33,"column":4}},"34":{"start":{"line":35,"column":0},"end":{"line":35,"column":76}},"35":{"start":{"line":36,"column":0},"end":{"line":36,"column":24}},"36":{"start":{"line":37,"column":0},"end":{"line":37,"column":16}},"37":{"start":{"line":38,"column":0},"end":{"line":38,"column":5}},"39":{"start":{"line":40,"column":0},"end":{"line":40,"column":36}},"41":{"start":{"line":42,"column":0},"end":{"line":42,"column":72}},"43":{"start":{"line":44,"column":0},"end":{"line":44,"column":38}},"44":{"start":{"line":45,"column":0},"end":{"line":45,"column":1}},"46":{"start":{"line":47,"column":0},"end":{"line":47,"column":22}},"47":{"start":{"line":48,"column":0},"end":{"line":48,"column":29}},"48":{"start":{"line":49,"column":0},"end":{"line":49,"column":46}},"49":{"start":{"line":50,"column":0},"end":{"line":50,"column":42}},"50":{"start":{"line":51,"column":0},"end":{"line":51,"column":74}},"51":{"start":{"line":52,"column":0},"end":{"line":52,"column":1}},"53":{"start":{"line":54,"column":0},"end":{"line":54,"column":29}}},"s":{"0":1,"1":1,"2":1,"3":1,"4":1,"5":1,"6":1,"7":1,"8":1,"9":1,"10":1,"12":1,"14":24,"15":24,"16":2,"17":2,"18":2,"19":2,"20":24,"21":24,"23":1,"24":24,"25":24,"26":24,"28":24,"29":24,"30":24,"31":24,"32":24,"34":24,"35":0,"36":0,"37":24,"39":24,"41":24,"43":24,"44":24,"46":5,"47":5,"48":5,"49":5,"50":5,"51":5,"53":1},"branchMap":{"0":{"type":"branch","line":15,"loc":{"start":{"line":15,"column":0},"end":{"line":22,"column":1}},"locations":[{"start":{"line":15,"column":0},"end":{"line":22,"column":1}}]},"1":{"type":"branch","line":16,"loc":{"start":{"line":16,"column":17},"end":{"line":16,"column":54}},"locations":[{"start":{"line":16,"column":17},"end":{"line":16,"column":54}}]},"2":{"type":"branch","line":16,"loc":{"start":{"line":16,"column":56},"end":{"line":20,"column":3}},"locations":[{"start":{"line":16,"column":56},"end":{"line":20,"column":3}}]},"3":{"type":"branch","line":24,"loc":{"start":{"line":24,"column":7},"end":{"line":45,"column":1}},"locations":[{"start":{"line":24,"column":7},"end":{"line":45,"column":1}}]},"4":{"type":"branch","line":25,"loc":{"start":{"line":25,"column":29},"end":{"line":25,"column":45}},"locations":[{"start":{"line":25,"column":29},"end":{"line":25,"column":45}}]},"5":{"type":"branch","line":42,"loc":{"start":{"line":42,"column":24},"end":{"line":42,"column":70}},"locations":[{"start":{"line":42,"column":24},"end":{"line":42,"column":70}}]},"6":{"type":"branch","line":44,"loc":{"start":{"line":44,"column":13},"end":{"line":44,"column":30}},"locations":[{"start":{"line":44,"column":13},"end":{"line":44,"column":30}}]},"7":{"type":"branch","line":47,"loc":{"start":{"line":47,"column":0},"end":{"line":52,"column":1}},"locations":[{"start":{"line":47,"column":0},"end":{"line":52,"column":1}}]},"8":{"type":"branch","line":48,"loc":{"start":{"line":48,"column":22},"end":{"line":48,"column":29}},"locations":[{"start":{"line":48,"column":22},"end":{"line":48,"column":29}}]}},"b":{"0":[24],"1":[22],"2":[2],"3":[24],"4":[0],"5":[24],"6":[5],"7":[5],"8":[0]},"fnMap":{"0":{"name":"ensureContainer","decl":{"start":{"line":15,"column":0},"end":{"line":22,"column":1}},"loc":{"start":{"line":15,"column":0},"end":{"line":22,"column":1}},"line":15},"1":{"name":"showAlert","decl":{"start":{"line":24,"column":7},"end":{"line":45,"column":1}},"loc":{"start":{"line":24,"column":7},"end":{"line":45,"column":1}},"line":24},"2":{"name":"dismiss","decl":{"start":{"line":47,"column":0},"end":{"line":52,"column":1}},"loc":{"start":{"line":47,"column":0},"end":{"line":52,"column":1}},"line":47},"3":{"name":"el.addEventListener.once","decl":{"start":{"line":51,"column":39},"end":{"line":51,"column":56}},"loc":{"start":{"line":51,"column":39},"end":{"line":51,"column":56}},"line":51}},"f":{"0":24,"1":24,"2":5,"3":0}}
}
