{"/Users/ganesh159th/Desktop/pehenavas-store/postcss.config.js": {"path":"/Users/ganesh159th/Desktop/pehenavas-store/postcss.config.js","all":true,"statementMap":{"0":{"start":{"line":1,"column":0},"end":{"line":1,"column":16}},"1":{"start":{"line":2,"column":0},"end":{"line":2,"column":12}},"2":{"start":{"line":3,"column":0},"end":{"line":3,"column":20}},"3":{"start":{"line":4,"column":0},"end":{"line":4,"column":21}},"4":{"start":{"line":5,"column":0},"end":{"line":5,"column":4}},"5":{"start":{"line":6,"column":0},"end":{"line":6,"column":1}}},"s":{"0":0,"1":0,"2":0,"3":0,"4":0,"5":0},"branchMap":{"0":{"type":"branch","line":1,"loc":{"start":{"line":1,"column":0},"end":{"line":6,"column":-11}},"locations":[{"start":{"line":1,"column":0},"end":{"line":6,"column":-11}}]}},"b":{"0":[0]},"fnMap":{"0":{"name":"(empty-report)","decl":{"start":{"line":1,"column":0},"end":{"line":6,"column":-11}},"loc":{"start":{"line":1,"column":0},"end":{"line":6,"column":-11}},"line":1}},"f":{"0":0}}
,"/Users/ganesh159th/Desktop/pehenavas-store/tailwind.config.js": {"path":"/Users/ganesh159th/Desktop/pehenavas-store/tailwind.config.js","all":true,"statementMap":{"0":{"start":{"line":1,"column":0},"end":{"line":1,"column":43}},"1":{"start":{"line":2,"column":0},"end":{"line":2,"column":16}},"2":{"start":{"line":3,"column":0},"end":{"line":3,"column":12}},"3":{"start":{"line":4,"column":0},"end":{"line":4,"column":19}},"4":{"start":{"line":5,"column":0},"end":{"line":5,"column":33}},"5":{"start":{"line":6,"column":0},"end":{"line":6,"column":4}},"6":{"start":{"line":7,"column":0},"end":{"line":7,"column":10}},"7":{"start":{"line":8,"column":0},"end":{"line":8,"column":15}},"8":{"start":{"line":9,"column":0},"end":{"line":9,"column":4}},"9":{"start":{"line":10,"column":0},"end":{"line":10,"column":14}},"10":{"start":{"line":11,"column":0},"end":{"line":11,"column":1}}},"s":{"0":0,"1":0,"2":0,"3":0,"4":0,"5":0,"6":0,"7":0,"8":0,"9":0,"10":0},"branchMap":{"0":{"type":"branch","line":1,"loc":{"start":{"line":1,"column":0},"end":{"line":11,"column":-13}},"locations":[{"start":{"line":1,"column":0},"end":{"line":11,"column":-13}}]}},"b":{"0":[0]},"fnMap":{"0":{"name":"(empty-report)","decl":{"start":{"line":1,"column":0},"end":{"line":11,"column":-13}},"loc":{"start":{"line":1,"column":0},"end":{"line":11,"column":-13}},"line":1}},"f":{"0":0}}
,"/Users/ganesh159th/Desktop/pehenavas-store/scripts/run-tests.js": {"path":"/Users/ganesh159th/Desktop/pehenavas-store/scripts/run-tests.js","all":true,"statementMap":{"0":{"start":{"line":1,"column":0},"end":{"line":1,"column":0}},"1":{"start":{"line":2,"column":0},"end":{"line":2,"column":42}},"2":{"start":{"line":3,"column":0},"end":{"line":3,"column":33}},"3":{"start":{"line":4,"column":0},"end":{"line":4,"column":37}},"4":{"start":{"line":5,"column":0},"end":{"line":5,"column":36}},"5":{"start":{"line":6,"column":0},"end":{"line":6,"column":0}},"6":{"start":{"line":7,"column":0},"end":{"line":7,"column":58}},"7":{"start":{"line":8,"column":0},"end":{"line":8,"column":35}},"8":{"start":{"line":9,"column":0},"end":{"line":9,"column":0}},"9":{"start":{"line":10,"column":0},"end":{"line":10,"column":24}},"10":{"start":{"line":11,"column":0},"end":{"line":11,"column":23}},"11":{"start":{"line":12,"column":0},"end":{"line":12,"column":25}},"12":{"start":{"line":13,"column":0},"end":{"line":13,"column":23}},"13":{"start":{"line":14,"column":0},"end":{"line":14,"column":26}},"14":{"start":{"line":15,"column":0},"end":{"line":15,"column":24}},"15":{"start":{"line":16,"column":0},"end":{"line":16,"column":27}},"16":{"start":{"line":17,"column":0},"end":{"line":17,"column":24}},"17":{"start":{"line":18,"column":0},"end":{"line":18,"column":0}},"18":{"start":{"line":19,"column":0},"end":{"line":19,"column":32}},"19":{"start":{"line":20,"column":0},"end":{"line":20,"column":23}},"20":{"start":{"line":21,"column":0},"end":{"line":21,"column":22}},"21":{"start":{"line":22,"column":0},"end":{"line":22,"column":16}},"22":{"start":{"line":23,"column":0},"end":{"line":23,"column":9}},"23":{"start":{"line":24,"column":0},"end":{"line":24,"column":58}},"24":{"start":{"line":25,"column":0},"end":{"line":25,"column":13}},"25":{"start":{"line":26,"column":0},"end":{"line":26,"column":13}},"26":{"start":{"line":27,"column":0},"end":{"line":27,"column":5}},"27":{"start":{"line":28,"column":0},"end":{"line":28,"column":30}},"28":{"start":{"line":29,"column":0},"end":{"line":29,"column":34}},"29":{"start":{"line":30,"column":0},"end":{"line":30,"column":153}},"30":{"start":{"line":31,"column":0},"end":{"line":31,"column":16}},"31":{"start":{"line":32,"column":0},"end":{"line":32,"column":158}},"32":{"start":{"line":33,"column":0},"end":{"line":33,"column":26}},"33":{"start":{"line":34,"column":0},"end":{"line":34,"column":7}},"34":{"start":{"line":35,"column":0},"end":{"line":35,"column":5}},"35":{"start":{"line":36,"column":0},"end":{"line":36,"column":3}},"36":{"start":{"line":37,"column":0},"end":{"line":37,"column":16}},"37":{"start":{"line":38,"column":0},"end":{"line":38,"column":19}},"38":{"start":{"line":39,"column":0},"end":{"line":39,"column":1}},"39":{"start":{"line":40,"column":0},"end":{"line":40,"column":0}},"40":{"start":{"line":41,"column":0},"end":{"line":41,"column":37}},"41":{"start":{"line":42,"column":0},"end":{"line":42,"column":20}},"42":{"start":{"line":43,"column":0},"end":{"line":43,"column":26}},"43":{"start":{"line":44,"column":0},"end":{"line":44,"column":72}},"44":{"start":{"line":45,"column":0},"end":{"line":45,"column":86}},"45":{"start":{"line":46,"column":0},"end":{"line":46,"column":39}},"46":{"start":{"line":47,"column":0},"end":{"line":47,"column":62}},"47":{"start":{"line":48,"column":0},"end":{"line":48,"column":3}},"48":{"start":{"line":49,"column":0},"end":{"line":49,"column":16}},"49":{"start":{"line":50,"column":0},"end":{"line":50,"column":1}},"50":{"start":{"line":51,"column":0},"end":{"line":51,"column":0}},"51":{"start":{"line":52,"column":0},"end":{"line":52,"column":44}},"52":{"start":{"line":53,"column":0},"end":{"line":53,"column":39}},"53":{"start":{"line":54,"column":0},"end":{"line":54,"column":45}},"54":{"start":{"line":55,"column":0},"end":{"line":55,"column":63}},"55":{"start":{"line":56,"column":0},"end":{"line":56,"column":0}},"56":{"start":{"line":57,"column":0},"end":{"line":57,"column":44}},"57":{"start":{"line":58,"column":0},"end":{"line":58,"column":28}},"58":{"start":{"line":59,"column":0},"end":{"line":59,"column":115}},"59":{"start":{"line":60,"column":0},"end":{"line":60,"column":47}},"60":{"start":{"line":61,"column":0},"end":{"line":61,"column":0}},"61":{"start":{"line":62,"column":0},"end":{"line":62,"column":73}},"62":{"start":{"line":63,"column":0},"end":{"line":63,"column":0}},"63":{"start":{"line":64,"column":0},"end":{"line":64,"column":21}},"64":{"start":{"line":65,"column":0},"end":{"line":65,"column":40}},"65":{"start":{"line":66,"column":0},"end":{"line":66,"column":44}},"66":{"start":{"line":67,"column":0},"end":{"line":67,"column":37}},"67":{"start":{"line":68,"column":0},"end":{"line":68,"column":33}},"68":{"start":{"line":69,"column":0},"end":{"line":69,"column":33}},"69":{"start":{"line":70,"column":0},"end":{"line":70,"column":4}},"70":{"start":{"line":71,"column":0},"end":{"line":71,"column":0}},"71":{"start":{"line":72,"column":0},"end":{"line":72,"column":54}},"72":{"start":{"line":73,"column":0},"end":{"line":73,"column":51}},"73":{"start":{"line":74,"column":0},"end":{"line":74,"column":78}},"74":{"start":{"line":75,"column":0},"end":{"line":75,"column":28}},"75":{"start":{"line":76,"column":0},"end":{"line":76,"column":59}},"76":{"start":{"line":77,"column":0},"end":{"line":77,"column":51}},"77":{"start":{"line":78,"column":0},"end":{"line":78,"column":5}},"78":{"start":{"line":79,"column":0},"end":{"line":79,"column":18}},"79":{"start":{"line":80,"column":0},"end":{"line":80,"column":3}},"80":{"start":{"line":81,"column":0},"end":{"line":81,"column":0}},"81":{"start":{"line":82,"column":0},"end":{"line":82,"column":38}},"82":{"start":{"line":83,"column":0},"end":{"line":83,"column":26}},"83":{"start":{"line":84,"column":0},"end":{"line":84,"column":61}},"84":{"start":{"line":85,"column":0},"end":{"line":85,"column":59}},"85":{"start":{"line":86,"column":0},"end":{"line":86,"column":107}},"86":{"start":{"line":87,"column":0},"end":{"line":87,"column":28}},"87":{"start":{"line":88,"column":0},"end":{"line":88,"column":1}},"88":{"start":{"line":89,"column":0},"end":{"line":89,"column":0}},"89":{"start":{"line":90,"column":0},"end":{"line":90,"column":29}},"90":{"start":{"line":91,"column":0},"end":{"line":91,"column":0}},"91":{"start":{"line":92,"column":0},"end":{"line":92,"column":76}},"92":{"start":{"line":93,"column":0},"end":{"line":93,"column":12}},"93":{"start":{"line":94,"column":0},"end":{"line":94,"column":19}},"94":{"start":{"line":95,"column":0},"end":{"line":95,"column":14}},"95":{"start":{"line":96,"column":0},"end":{"line":96,"column":3}},"96":{"start":{"line":97,"column":0},"end":{"line":97,"column":0}},"97":{"start":{"line":98,"column":0},"end":{"line":98,"column":39}},"98":{"start":{"line":99,"column":0},"end":{"line":99,"column":36}},"99":{"start":{"line":100,"column":0},"end":{"line":100,"column":33}}},"s":{"0":0,"1":0,"2":0,"3":0,"4":0,"5":0,"6":0,"7":0,"8":0,"9":0,"10":0,"11":0,"12":0,"13":0,"14":0,"15":0,"16":0,"17":0,"18":0,"19":0,"20":0,"21":0,"22":0,"23":0,"24":0,"25":0,"26":0,"27":0,"28":0,"29":0,"30":0,"31":0,"32":0,"33":0,"34":0,"35":0,"36":0,"37":0,"38":0,"39":0,"40":0,"41":0,"42":0,"43":0,"44":0,"45":0,"46":0,"47":0,"48":0,"49":0,"50":0,"51":0,"52":0,"53":0,"54":0,"55":0,"56":0,"57":0,"58":0,"59":0,"60":0,"61":0,"62":0,"63":0,"64":0,"65":0,"66":0,"67":0,"68":0,"69":0,"70":0,"71":0,"72":0,"73":0,"74":0,"75":0,"76":0,"77":0,"78":0,"79":0,"80":0,"81":0,"82":0,"83":0,"84":0,"85":0,"86":0,"87":0,"88":0,"89":0,"90":0,"91":0,"92":0,"93":0,"94":0,"95":0,"96":0,"97":0,"98":0,"99":0},"branchMap":{"0":{"type":"branch","line":1,"loc":{"start":{"line":1,"column":0},"end":{"line":100,"column":-348}},"locations":[{"start":{"line":1,"column":0},"end":{"line":100,"column":-348}}]}},"b":{"0":[0]},"fnMap":{"0":{"name":"(empty-report)","decl":{"start":{"line":1,"column":0},"end":{"line":100,"column":-348}},"loc":{"start":{"line":1,"column":0},"end":{"line":100,"column":-348}},"line":1}},"f":{"0":0}}
,"/Users/ganesh159th/Desktop/pehenavas-store/src/App.jsx": {"path":"/Users/ganesh159th/Desktop/pehenavas-store/src/App.jsx","all":false,"statementMap":{"0":{"start":{"line":1,"column":0},"end":{"line":1,"column":76}},"3":{"start":{"line":4,"column":0},"end":{"line":4,"column":53}},"7":{"start":{"line":8,"column":0},"end":{"line":8,"column":71}},"20":{"start":{"line":21,"column":0},"end":{"line":21,"column":39}},"21":{"start":{"line":22,"column":0},"end":{"line":22,"column":148}},"22":{"start":{"line":23,"column":0},"end":{"line":23,"column":58}},"23":{"start":{"line":24,"column":0},"end":{"line":24,"column":57}},"24":{"start":{"line":25,"column":0},"end":{"line":25,"column":30}},"25":{"start":{"line":26,"column":0},"end":{"line":26,"column":70}},"26":{"start":{"line":27,"column":0},"end":{"line":27,"column":86}},"27":{"start":{"line":28,"column":0},"end":{"line":28,"column":10}},"30":{"start":{"line":31,"column":0},"end":{"line":31,"column":31}},"31":{"start":{"line":32,"column":0},"end":{"line":32,"column":39}},"32":{"start":{"line":33,"column":0},"end":{"line":33,"column":83}},"33":{"start":{"line":34,"column":0},"end":{"line":34,"column":55}},"34":{"start":{"line":35,"column":0},"end":{"line":35,"column":62}},"35":{"start":{"line":36,"column":0},"end":{"line":36,"column":68}},"36":{"start":{"line":37,"column":0},"end":{"line":37,"column":60}},"37":{"start":{"line":38,"column":0},"end":{"line":38,"column":35}},"38":{"start":{"line":39,"column":0},"end":{"line":39,"column":35}},"39":{"start":{"line":40,"column":0},"end":{"line":40,"column":36}},"40":{"start":{"line":41,"column":0},"end":{"line":41,"column":63}},"42":{"start":{"line":43,"column":0},"end":{"line":43,"column":21}},"43":{"start":{"line":44,"column":0},"end":{"line":44,"column":61}},"44":{"start":{"line":45,"column":0},"end":{"line":45,"column":21}},"45":{"start":{"line":46,"column":0},"end":{"line":46,"column":45}},"46":{"start":{"line":47,"column":0},"end":{"line":47,"column":52}},"47":{"start":{"line":48,"column":0},"end":{"line":48,"column":9}},"48":{"start":{"line":49,"column":0},"end":{"line":49,"column":11}},"50":{"start":{"line":51,"column":0},"end":{"line":51,"column":41}},"51":{"start":{"line":52,"column":0},"end":{"line":52,"column":40}},"52":{"start":{"line":53,"column":0},"end":{"line":53,"column":22}},"53":{"start":{"line":54,"column":0},"end":{"line":54,"column":16}},"54":{"start":{"line":55,"column":0},"end":{"line":55,"column":45}},"55":{"start":{"line":56,"column":0},"end":{"line":56,"column":81}},"56":{"start":{"line":57,"column":0},"end":{"line":57,"column":88}},"57":{"start":{"line":58,"column":0},"end":{"line":58,"column":82}},"58":{"start":{"line":59,"column":0},"end":{"line":59,"column":14}},"59":{"start":{"line":60,"column":0},"end":{"line":60,"column":9}},"60":{"start":{"line":61,"column":0},"end":{"line":61,"column":32}},"62":{"start":{"line":63,"column":0},"end":{"line":63,"column":21}},"63":{"start":{"line":64,"column":0},"end":{"line":64,"column":36}},"64":{"start":{"line":65,"column":0},"end":{"line":65,"column":39}},"65":{"start":{"line":66,"column":0},"end":{"line":66,"column":39}},"66":{"start":{"line":67,"column":0},"end":{"line":67,"column":20}},"67":{"start":{"line":68,"column":0},"end":{"line":68,"column":40}},"68":{"start":{"line":69,"column":0},"end":{"line":69,"column":13}},"69":{"start":{"line":70,"column":0},"end":{"line":70,"column":10}},"71":{"start":{"line":72,"column":0},"end":{"line":72,"column":56}},"73":{"start":{"line":74,"column":0},"end":{"line":74,"column":22}},"74":{"start":{"line":75,"column":0},"end":{"line":75,"column":63}},"75":{"start":{"line":76,"column":0},"end":{"line":76,"column":10}},"76":{"start":{"line":77,"column":0},"end":{"line":77,"column":11}},"79":{"start":{"line":80,"column":0},"end":{"line":80,"column":21}},"80":{"start":{"line":81,"column":0},"end":{"line":81,"column":37}},"81":{"start":{"line":82,"column":0},"end":{"line":82,"column":37}},"82":{"start":{"line":83,"column":0},"end":{"line":83,"column":39}},"83":{"start":{"line":84,"column":0},"end":{"line":84,"column":13}},"84":{"start":{"line":85,"column":0},"end":{"line":85,"column":10}},"85":{"start":{"line":86,"column":0},"end":{"line":86,"column":27}},"86":{"start":{"line":87,"column":0},"end":{"line":87,"column":63}},"87":{"start":{"line":88,"column":0},"end":{"line":88,"column":79}},"88":{"start":{"line":89,"column":0},"end":{"line":89,"column":9}},"89":{"start":{"line":90,"column":0},"end":{"line":90,"column":23}},"91":{"start":{"line":92,"column":0},"end":{"line":92,"column":31}},"92":{"start":{"line":93,"column":0},"end":{"line":93,"column":25}},"93":{"start":{"line":94,"column":0},"end":{"line":94,"column":19}},"94":{"start":{"line":95,"column":0},"end":{"line":95,"column":30}},"95":{"start":{"line":96,"column":0},"end":{"line":96,"column":11}},"96":{"start":{"line":97,"column":0},"end":{"line":97,"column":6}},"98":{"start":{"line":99,"column":0},"end":{"line":99,"column":35}},"99":{"start":{"line":100,"column":0},"end":{"line":100,"column":30}},"100":{"start":{"line":101,"column":0},"end":{"line":101,"column":23}},"101":{"start":{"line":102,"column":0},"end":{"line":102,"column":38}},"102":{"start":{"line":103,"column":0},"end":{"line":103,"column":20}},"103":{"start":{"line":104,"column":0},"end":{"line":104,"column":118}},"104":{"start":{"line":105,"column":0},"end":{"line":105,"column":13}},"105":{"start":{"line":106,"column":0},"end":{"line":106,"column":16}},"106":{"start":{"line":107,"column":0},"end":{"line":107,"column":39}},"107":{"start":{"line":108,"column":0},"end":{"line":108,"column":9}},"108":{"start":{"line":109,"column":0},"end":{"line":109,"column":5}},"110":{"start":{"line":111,"column":0},"end":{"line":111,"column":12}},"111":{"start":{"line":112,"column":0},"end":{"line":112,"column":75}},"112":{"start":{"line":113,"column":0},"end":{"line":113,"column":111}},"113":{"start":{"line":114,"column":0},"end":{"line":114,"column":127}},"114":{"start":{"line":115,"column":0},"end":{"line":115,"column":137}},"115":{"start":{"line":116,"column":0},"end":{"line":116,"column":22}},"116":{"start":{"line":117,"column":0},"end":{"line":117,"column":72}},"117":{"start":{"line":118,"column":0},"end":{"line":118,"column":82}},"118":{"start":{"line":119,"column":0},"end":{"line":119,"column":65}},"119":{"start":{"line":120,"column":0},"end":{"line":120,"column":153}},"120":{"start":{"line":121,"column":0},"end":{"line":121,"column":60}},"121":{"start":{"line":122,"column":0},"end":{"line":122,"column":37}},"122":{"start":{"line":123,"column":0},"end":{"line":123,"column":98}},"123":{"start":{"line":124,"column":0},"end":{"line":124,"column":169}},"124":{"start":{"line":125,"column":0},"end":{"line":125,"column":70}},"125":{"start":{"line":126,"column":0},"end":{"line":126,"column":38}},"126":{"start":{"line":127,"column":0},"end":{"line":127,"column":63}},"127":{"start":{"line":128,"column":0},"end":{"line":128,"column":144}},"129":{"start":{"line":130,"column":0},"end":{"line":130,"column":41}},"130":{"start":{"line":131,"column":0},"end":{"line":131,"column":161}},"131":{"start":{"line":132,"column":0},"end":{"line":132,"column":38}},"132":{"start":{"line":133,"column":0},"end":{"line":133,"column":35}},"133":{"start":{"line":134,"column":0},"end":{"line":134,"column":30}},"134":{"start":{"line":135,"column":0},"end":{"line":135,"column":61}},"135":{"start":{"line":136,"column":0},"end":{"line":136,"column":74}},"136":{"start":{"line":137,"column":0},"end":{"line":137,"column":116}},"137":{"start":{"line":138,"column":0},"end":{"line":138,"column":130}},"138":{"start":{"line":139,"column":0},"end":{"line":139,"column":66}},"139":{"start":{"line":140,"column":0},"end":{"line":140,"column":41}},"141":{"start":{"line":142,"column":0},"end":{"line":142,"column":37}},"142":{"start":{"line":143,"column":0},"end":{"line":143,"column":159}},"143":{"start":{"line":144,"column":0},"end":{"line":144,"column":115}},"144":{"start":{"line":145,"column":0},"end":{"line":145,"column":130}},"145":{"start":{"line":146,"column":0},"end":{"line":146,"column":38}},"147":{"start":{"line":148,"column":0},"end":{"line":148,"column":173}},"148":{"start":{"line":149,"column":0},"end":{"line":149,"column":105}},"149":{"start":{"line":150,"column":0},"end":{"line":150,"column":119}},"150":{"start":{"line":151,"column":0},"end":{"line":151,"column":39}},"152":{"start":{"line":153,"column":0},"end":{"line":153,"column":116}},"153":{"start":{"line":154,"column":0},"end":{"line":154,"column":34}},"154":{"start":{"line":155,"column":0},"end":{"line":155,"column":192}},"155":{"start":{"line":156,"column":0},"end":{"line":156,"column":80}},"156":{"start":{"line":157,"column":0},"end":{"line":157,"column":123}},"157":{"start":{"line":158,"column":0},"end":{"line":158,"column":39}},"158":{"start":{"line":159,"column":0},"end":{"line":159,"column":205}},"159":{"start":{"line":160,"column":0},"end":{"line":160,"column":87}},"160":{"start":{"line":161,"column":0},"end":{"line":161,"column":57}},"161":{"start":{"line":162,"column":0},"end":{"line":162,"column":175}},"162":{"start":{"line":163,"column":0},"end":{"line":163,"column":57}},"163":{"start":{"line":164,"column":0},"end":{"line":164,"column":47}},"165":{"start":{"line":166,"column":0},"end":{"line":166,"column":119}},"166":{"start":{"line":167,"column":0},"end":{"line":167,"column":41}},"167":{"start":{"line":168,"column":0},"end":{"line":168,"column":35}},"169":{"start":{"line":170,"column":0},"end":{"line":170,"column":30}},"170":{"start":{"line":171,"column":0},"end":{"line":171,"column":26}},"171":{"start":{"line":172,"column":0},"end":{"line":172,"column":22}},"172":{"start":{"line":173,"column":0},"end":{"line":173,"column":38}},"173":{"start":{"line":174,"column":0},"end":{"line":174,"column":74}},"174":{"start":{"line":175,"column":0},"end":{"line":175,"column":50}},"175":{"start":{"line":176,"column":0},"end":{"line":176,"column":104}},"176":{"start":{"line":177,"column":0},"end":{"line":177,"column":114}},"177":{"start":{"line":178,"column":0},"end":{"line":178,"column":112}},"178":{"start":{"line":179,"column":0},"end":{"line":179,"column":116}},"179":{"start":{"line":180,"column":0},"end":{"line":180,"column":119}},"180":{"start":{"line":181,"column":0},"end":{"line":181,"column":234}},"182":{"start":{"line":183,"column":0},"end":{"line":183,"column":74}},"183":{"start":{"line":184,"column":0},"end":{"line":184,"column":41}},"184":{"start":{"line":185,"column":0},"end":{"line":185,"column":146}},"186":{"start":{"line":187,"column":0},"end":{"line":187,"column":112}},"188":{"start":{"line":189,"column":0},"end":{"line":189,"column":33}},"189":{"start":{"line":190,"column":0},"end":{"line":190,"column":29}},"190":{"start":{"line":191,"column":0},"end":{"line":191,"column":26}},"192":{"start":{"line":193,"column":0},"end":{"line":193,"column":21}},"195":{"start":{"line":196,"column":0},"end":{"line":196,"column":100}},"196":{"start":{"line":197,"column":0},"end":{"line":197,"column":119}},"197":{"start":{"line":198,"column":0},"end":{"line":198,"column":129}},"199":{"start":{"line":200,"column":0},"end":{"line":200,"column":109}},"200":{"start":{"line":201,"column":0},"end":{"line":201,"column":346}},"201":{"start":{"line":202,"column":0},"end":{"line":202,"column":77}},"202":{"start":{"line":203,"column":0},"end":{"line":203,"column":38}},"203":{"start":{"line":204,"column":0},"end":{"line":204,"column":47}},"204":{"start":{"line":205,"column":0},"end":{"line":205,"column":87}},"205":{"start":{"line":206,"column":0},"end":{"line":206,"column":55}},"206":{"start":{"line":207,"column":0},"end":{"line":207,"column":84}},"207":{"start":{"line":208,"column":0},"end":{"line":208,"column":45}},"208":{"start":{"line":209,"column":0},"end":{"line":209,"column":137}},"209":{"start":{"line":210,"column":0},"end":{"line":210,"column":34}},"210":{"start":{"line":211,"column":0},"end":{"line":211,"column":40}},"211":{"start":{"line":212,"column":0},"end":{"line":212,"column":74}},"212":{"start":{"line":213,"column":0},"end":{"line":213,"column":183}},"213":{"start":{"line":214,"column":0},"end":{"line":214,"column":33}},"215":{"start":{"line":216,"column":0},"end":{"line":216,"column":41}},"216":{"start":{"line":217,"column":0},"end":{"line":217,"column":34}},"217":{"start":{"line":218,"column":0},"end":{"line":218,"column":30}},"220":{"start":{"line":221,"column":0},"end":{"line":221,"column":78}},"221":{"start":{"line":222,"column":0},"end":{"line":222,"column":58}},"222":{"start":{"line":223,"column":0},"end":{"line":223,"column":80}},"223":{"start":{"line":224,"column":0},"end":{"line":224,"column":100}},"224":{"start":{"line":225,"column":0},"end":{"line":225,"column":38}},"225":{"start":{"line":226,"column":0},"end":{"line":226,"column":62}},"226":{"start":{"line":227,"column":0},"end":{"line":227,"column":80}},"227":{"start":{"line":228,"column":0},"end":{"line":228,"column":105}},"228":{"start":{"line":229,"column":0},"end":{"line":229,"column":38}},"230":{"start":{"line":231,"column":0},"end":{"line":231,"column":91}},"231":{"start":{"line":232,"column":0},"end":{"line":232,"column":69}},"232":{"start":{"line":233,"column":0},"end":{"line":233,"column":45}},"233":{"start":{"line":234,"column":0},"end":{"line":234,"column":73}},"234":{"start":{"line":235,"column":0},"end":{"line":235,"column":60}},"235":{"start":{"line":236,"column":0},"end":{"line":236,"column":82}},"236":{"start":{"line":237,"column":0},"end":{"line":237,"column":82}},"238":{"start":{"line":239,"column":0},"end":{"line":239,"column":160}},"239":{"start":{"line":240,"column":0},"end":{"line":240,"column":53}},"240":{"start":{"line":241,"column":0},"end":{"line":241,"column":72}},"241":{"start":{"line":242,"column":0},"end":{"line":242,"column":70}},"242":{"start":{"line":243,"column":0},"end":{"line":243,"column":133}},"243":{"start":{"line":244,"column":0},"end":{"line":244,"column":50}},"244":{"start":{"line":245,"column":0},"end":{"line":245,"column":137}},"245":{"start":{"line":246,"column":0},"end":{"line":246,"column":50}},"246":{"start":{"line":247,"column":0},"end":{"line":247,"column":140}},"247":{"start":{"line":248,"column":0},"end":{"line":248,"column":62}},"248":{"start":{"line":249,"column":0},"end":{"line":249,"column":49}},"249":{"start":{"line":250,"column":0},"end":{"line":250,"column":129}},"250":{"start":{"line":251,"column":0},"end":{"line":251,"column":107}},"251":{"start":{"line":252,"column":0},"end":{"line":252,"column":79}},"252":{"start":{"line":253,"column":0},"end":{"line":253,"column":80}},"253":{"start":{"line":254,"column":0},"end":{"line":254,"column":50}},"254":{"start":{"line":255,"column":0},"end":{"line":255,"column":47}},"255":{"start":{"line":256,"column":0},"end":{"line":256,"column":39}},"256":{"start":{"line":257,"column":0},"end":{"line":257,"column":38}},"258":{"start":{"line":259,"column":0},"end":{"line":259,"column":30}},"259":{"start":{"line":260,"column":0},"end":{"line":260,"column":26}},"260":{"start":{"line":261,"column":0},"end":{"line":261,"column":22}},"263":{"start":{"line":264,"column":0},"end":{"line":264,"column":108}},"266":{"start":{"line":267,"column":0},"end":{"line":267,"column":30}},"267":{"start":{"line":268,"column":0},"end":{"line":268,"column":196}},"268":{"start":{"line":269,"column":0},"end":{"line":269,"column":85}},"269":{"start":{"line":270,"column":0},"end":{"line":270,"column":100}},"270":{"start":{"line":271,"column":0},"end":{"line":271,"column":96}},"271":{"start":{"line":272,"column":0},"end":{"line":272,"column":243}},"273":{"start":{"line":274,"column":0},"end":{"line":274,"column":33}},"274":{"start":{"line":275,"column":0},"end":{"line":275,"column":136}},"275":{"start":{"line":276,"column":0},"end":{"line":276,"column":53}},"276":{"start":{"line":277,"column":0},"end":{"line":277,"column":33}},"277":{"start":{"line":278,"column":0},"end":{"line":278,"column":26}},"278":{"start":{"line":279,"column":0},"end":{"line":279,"column":22}},"281":{"start":{"line":282,"column":0},"end":{"line":282,"column":74}},"282":{"start":{"line":283,"column":0},"end":{"line":283,"column":159}},"283":{"start":{"line":284,"column":0},"end":{"line":284,"column":28}},"284":{"start":{"line":285,"column":0},"end":{"line":285,"column":137}},"285":{"start":{"line":286,"column":0},"end":{"line":286,"column":69}},"286":{"start":{"line":287,"column":0},"end":{"line":287,"column":69}},"287":{"start":{"line":288,"column":0},"end":{"line":288,"column":71}},"288":{"start":{"line":289,"column":0},"end":{"line":289,"column":69}},"289":{"start":{"line":290,"column":0},"end":{"line":290,"column":81}},"290":{"start":{"line":291,"column":0},"end":{"line":291,"column":73}},"291":{"start":{"line":292,"column":0},"end":{"line":292,"column":73}},"292":{"start":{"line":293,"column":0},"end":{"line":293,"column":78}},"293":{"start":{"line":294,"column":0},"end":{"line":294,"column":86}},"294":{"start":{"line":295,"column":0},"end":{"line":295,"column":67}},"295":{"start":{"line":296,"column":0},"end":{"line":296,"column":65}},"296":{"start":{"line":297,"column":0},"end":{"line":297,"column":29}},"297":{"start":{"line":298,"column":0},"end":{"line":298,"column":27}},"298":{"start":{"line":299,"column":0},"end":{"line":299,"column":19}},"300":{"start":{"line":301,"column":0},"end":{"line":301,"column":68}},"301":{"start":{"line":302,"column":0},"end":{"line":302,"column":78}},"302":{"start":{"line":303,"column":0},"end":{"line":303,"column":83}},"303":{"start":{"line":304,"column":0},"end":{"line":304,"column":29}},"304":{"start":{"line":305,"column":0},"end":{"line":305,"column":89}},"305":{"start":{"line":306,"column":0},"end":{"line":306,"column":54}},"306":{"start":{"line":307,"column":0},"end":{"line":307,"column":93}},"307":{"start":{"line":308,"column":0},"end":{"line":308,"column":92}},"308":{"start":{"line":309,"column":0},"end":{"line":309,"column":99}},"309":{"start":{"line":310,"column":0},"end":{"line":310,"column":102}},"310":{"start":{"line":311,"column":0},"end":{"line":311,"column":33}},"311":{"start":{"line":312,"column":0},"end":{"line":312,"column":30}},"312":{"start":{"line":313,"column":0},"end":{"line":313,"column":29}},"313":{"start":{"line":314,"column":0},"end":{"line":314,"column":90}},"314":{"start":{"line":315,"column":0},"end":{"line":315,"column":54}},"315":{"start":{"line":316,"column":0},"end":{"line":316,"column":93}},"316":{"start":{"line":317,"column":0},"end":{"line":317,"column":92}},"317":{"start":{"line":318,"column":0},"end":{"line":318,"column":95}},"318":{"start":{"line":319,"column":0},"end":{"line":319,"column":33}},"319":{"start":{"line":320,"column":0},"end":{"line":320,"column":30}},"320":{"start":{"line":321,"column":0},"end":{"line":321,"column":29}},"321":{"start":{"line":322,"column":0},"end":{"line":322,"column":93}},"322":{"start":{"line":323,"column":0},"end":{"line":323,"column":54}},"323":{"start":{"line":324,"column":0},"end":{"line":324,"column":102}},"324":{"start":{"line":325,"column":0},"end":{"line":325,"column":117}},"325":{"start":{"line":326,"column":0},"end":{"line":326,"column":104}},"326":{"start":{"line":327,"column":0},"end":{"line":327,"column":108}},"327":{"start":{"line":328,"column":0},"end":{"line":328,"column":111}},"328":{"start":{"line":329,"column":0},"end":{"line":329,"column":33}},"329":{"start":{"line":330,"column":0},"end":{"line":330,"column":30}},"330":{"start":{"line":331,"column":0},"end":{"line":331,"column":29}},"331":{"start":{"line":332,"column":0},"end":{"line":332,"column":90}},"332":{"start":{"line":333,"column":0},"end":{"line":333,"column":54}},"333":{"start":{"line":334,"column":0},"end":{"line":334,"column":107}},"334":{"start":{"line":335,"column":0},"end":{"line":335,"column":97}},"335":{"start":{"line":336,"column":0},"end":{"line":336,"column":99}},"336":{"start":{"line":337,"column":0},"end":{"line":337,"column":109}},"337":{"start":{"line":338,"column":0},"end":{"line":338,"column":107}},"338":{"start":{"line":339,"column":0},"end":{"line":339,"column":89}},"339":{"start":{"line":340,"column":0},"end":{"line":340,"column":141}},"340":{"start":{"line":341,"column":0},"end":{"line":341,"column":33}},"341":{"start":{"line":342,"column":0},"end":{"line":342,"column":30}},"342":{"start":{"line":343,"column":0},"end":{"line":343,"column":26}},"343":{"start":{"line":344,"column":0},"end":{"line":344,"column":22}},"344":{"start":{"line":345,"column":0},"end":{"line":345,"column":63}},"345":{"start":{"line":346,"column":0},"end":{"line":346,"column":131}},"346":{"start":{"line":347,"column":0},"end":{"line":347,"column":78}},"347":{"start":{"line":348,"column":0},"end":{"line":348,"column":77}},"348":{"start":{"line":349,"column":0},"end":{"line":349,"column":128}},"349":{"start":{"line":350,"column":0},"end":{"line":350,"column":30}},"350":{"start":{"line":351,"column":0},"end":{"line":351,"column":115}},"351":{"start":{"line":352,"column":0},"end":{"line":352,"column":26}},"352":{"start":{"line":353,"column":0},"end":{"line":353,"column":22}},"353":{"start":{"line":354,"column":0},"end":{"line":354,"column":21}},"355":{"start":{"line":356,"column":0},"end":{"line":356,"column":31}},"356":{"start":{"line":357,"column":0},"end":{"line":357,"column":23}},"357":{"start":{"line":358,"column":0},"end":{"line":358,"column":41}},"358":{"start":{"line":359,"column":0},"end":{"line":359,"column":144}},"360":{"start":{"line":361,"column":0},"end":{"line":361,"column":41}},"361":{"start":{"line":362,"column":0},"end":{"line":362,"column":25}},"363":{"start":{"line":364,"column":0},"end":{"line":364,"column":14}},"365":{"start":{"line":366,"column":0},"end":{"line":366,"column":1}}},"s":{"0":1,"3":1,"7":1,"20":1,"21":12,"22":12,"23":12,"24":12,"25":12,"26":12,"27":12,"30":6,"31":6,"32":6,"33":6,"34":6,"35":6,"36":6,"37":6,"38":6,"39":6,"40":6,"42":6,"43":3,"44":3,"45":0,"46":0,"47":0,"48":6,"50":6,"51":4,"52":3,"53":4,"54":1,"55":10,"56":9,"57":9,"58":1,"59":1,"60":6,"62":6,"63":3,"64":0,"65":0,"66":0,"67":0,"68":0,"69":0,"71":3,"73":3,"74":3,"75":3,"76":6,"79":6,"80":4,"81":0,"82":0,"83":0,"84":0,"85":4,"86":1,"87":1,"88":1,"89":6,"91":6,"92":0,"93":0,"94":0,"95":0,"96":0,"98":6,"99":0,"100":0,"101":0,"102":0,"103":0,"104":0,"105":0,"106":0,"107":0,"108":0,"110":6,"111":6,"112":6,"113":6,"114":6,"115":6,"116":6,"117":6,"118":6,"119":6,"120":6,"121":6,"122":6,"123":6,"124":6,"125":6,"126":6,"127":6,"129":6,"130":6,"131":6,"132":6,"133":6,"134":6,"135":6,"136":6,"137":5,"138":5,"139":5,"141":6,"142":0,"143":0,"144":0,"145":0,"147":6,"148":6,"149":6,"150":6,"152":6,"153":5,"154":5,"155":5,"156":5,"157":5,"158":5,"159":5,"160":5,"161":0,"162":0,"163":0,"165":5,"166":5,"167":5,"169":6,"170":6,"171":6,"172":6,"173":0,"174":0,"175":0,"176":0,"177":0,"178":0,"179":0,"180":0,"182":0,"183":0,"184":0,"186":0,"188":0,"189":0,"190":0,"192":6,"195":6,"196":2,"197":2,"199":2,"200":2,"201":2,"202":2,"203":2,"204":2,"205":2,"206":2,"207":2,"208":2,"209":2,"210":2,"211":2,"212":2,"213":2,"215":2,"216":2,"217":2,"220":2,"221":2,"222":1,"223":1,"224":1,"225":1,"226":0,"227":0,"228":0,"230":1,"231":1,"232":1,"233":1,"234":1,"235":1,"236":1,"238":1,"239":1,"240":1,"241":1,"242":1,"243":1,"244":1,"245":1,"246":1,"247":1,"248":1,"249":1,"250":1,"251":1,"252":1,"253":1,"254":1,"255":1,"256":1,"258":2,"259":2,"260":2,"263":6,"266":6,"267":0,"268":0,"269":0,"270":0,"271":0,"273":0,"274":0,"275":0,"276":0,"277":0,"278":0,"281":6,"282":6,"283":6,"284":6,"285":6,"286":6,"287":6,"288":6,"289":6,"290":6,"291":6,"292":6,"293":6,"294":6,"295":6,"296":6,"297":6,"298":6,"300":6,"301":6,"302":6,"303":6,"304":6,"305":6,"306":6,"307":6,"308":6,"309":6,"310":6,"311":6,"312":6,"313":6,"314":6,"315":6,"316":6,"317":6,"318":6,"319":6,"320":6,"321":6,"322":6,"323":6,"324":6,"325":6,"326":6,"327":6,"328":6,"329":6,"330":6,"331":6,"332":6,"333":6,"334":6,"335":6,"336":6,"337":6,"338":6,"339":6,"340":6,"341":6,"342":6,"343":6,"344":6,"345":6,"346":6,"347":6,"348":6,"349":6,"350":6,"351":6,"352":6,"353":6,"355":6,"356":0,"357":0,"358":0,"360":0,"361":0,"363":6,"365":6},"branchMap":{"0":{"type":"branch","line":4,"loc":{"start":{"line":4,"column":18},"end":{"line":4,"column":53}},"locations":[{"start":{"line":4,"column":18},"end":{"line":4,"column":53}}]},"1":{"type":"branch","line":21,"loc":{"start":{"line":21,"column":19},"end":{"line":28,"column":10}},"locations":[{"start":{"line":21,"column":19},"end":{"line":28,"column":10}}]},"2":{"type":"branch","line":31,"loc":{"start":{"line":31,"column":0},"end":{"line":366,"column":1}},"locations":[{"start":{"line":31,"column":0},"end":{"line":366,"column":1}}]},"3":{"type":"branch","line":137,"loc":{"start":{"line":137,"column":67},"end":{"line":137,"column":116}},"locations":[{"start":{"line":137,"column":67},"end":{"line":137,"column":116}}]},"4":{"type":"branch","line":137,"loc":{"start":{"line":137,"column":102},"end":{"line":140,"column":41}},"locations":[{"start":{"line":137,"column":102},"end":{"line":140,"column":41}}]},"5":{"type":"branch","line":142,"loc":{"start":{"line":142,"column":29},"end":{"line":146,"column":38}},"locations":[{"start":{"line":142,"column":29},"end":{"line":146,"column":38}}]},"6":{"type":"branch","line":153,"loc":{"start":{"line":153,"column":67},"end":{"line":153,"column":116}},"locations":[{"start":{"line":153,"column":67},"end":{"line":153,"column":116}}]},"7":{"type":"branch","line":153,"loc":{"start":{"line":153,"column":102},"end":{"line":168,"column":35}},"locations":[{"start":{"line":153,"column":102},"end":{"line":168,"column":35}}]},"8":{"type":"branch","line":161,"loc":{"start":{"line":161,"column":51},"end":{"line":164,"column":47}},"locations":[{"start":{"line":161,"column":51},"end":{"line":164,"column":47}}]},"9":{"type":"branch","line":173,"loc":{"start":{"line":173,"column":17},"end":{"line":191,"column":26}},"locations":[{"start":{"line":173,"column":17},"end":{"line":191,"column":26}}]},"10":{"type":"branch","line":196,"loc":{"start":{"line":196,"column":13},"end":{"line":196,"column":64}},"locations":[{"start":{"line":196,"column":13},"end":{"line":196,"column":64}}]},"11":{"type":"branch","line":196,"loc":{"start":{"line":196,"column":51},"end":{"line":196,"column":100}},"locations":[{"start":{"line":196,"column":51},"end":{"line":196,"column":100}}]},"12":{"type":"branch","line":196,"loc":{"start":{"line":196,"column":86},"end":{"line":261,"column":22}},"locations":[{"start":{"line":196,"column":86},"end":{"line":261,"column":22}}]},"13":{"type":"branch","line":222,"loc":{"start":{"line":222,"column":52},"end":{"line":225,"column":38}},"locations":[{"start":{"line":222,"column":52},"end":{"line":225,"column":38}}]},"14":{"type":"branch","line":225,"loc":{"start":{"line":225,"column":32},"end":{"line":257,"column":38}},"locations":[{"start":{"line":225,"column":32},"end":{"line":257,"column":38}}]},"15":{"type":"branch","line":226,"loc":{"start":{"line":226,"column":57},"end":{"line":229,"column":38}},"locations":[{"start":{"line":226,"column":57},"end":{"line":229,"column":38}}]},"16":{"type":"branch","line":264,"loc":{"start":{"line":264,"column":51},"end":{"line":264,"column":99}},"locations":[{"start":{"line":264,"column":51},"end":{"line":264,"column":99}}]},"17":{"type":"branch","line":264,"loc":{"start":{"line":264,"column":86},"end":{"line":264,"column":108}},"locations":[{"start":{"line":264,"column":86},"end":{"line":264,"column":108}}]},"18":{"type":"branch","line":267,"loc":{"start":{"line":267,"column":13},"end":{"line":279,"column":22}},"locations":[{"start":{"line":267,"column":13},"end":{"line":279,"column":22}}]},"19":{"type":"branch","line":356,"loc":{"start":{"line":356,"column":13},"end":{"line":362,"column":25}},"locations":[{"start":{"line":356,"column":13},"end":{"line":362,"column":25}}]},"20":{"type":"branch","line":43,"loc":{"start":{"line":43,"column":14},"end":{"line":49,"column":7}},"locations":[{"start":{"line":43,"column":14},"end":{"line":49,"column":7}}]},"21":{"type":"branch","line":45,"loc":{"start":{"line":45,"column":20},"end":{"line":48,"column":9}},"locations":[{"start":{"line":45,"column":20},"end":{"line":48,"column":9}}]},"22":{"type":"branch","line":51,"loc":{"start":{"line":51,"column":34},"end":{"line":61,"column":7}},"locations":[{"start":{"line":51,"column":34},"end":{"line":61,"column":7}}]},"23":{"type":"branch","line":52,"loc":{"start":{"line":52,"column":39},"end":{"line":54,"column":15}},"locations":[{"start":{"line":52,"column":39},"end":{"line":54,"column":15}}]},"24":{"type":"branch","line":54,"loc":{"start":{"line":54,"column":8},"end":{"line":60,"column":9}},"locations":[{"start":{"line":54,"column":8},"end":{"line":60,"column":9}}]},"25":{"type":"branch","line":55,"loc":{"start":{"line":55,"column":35},"end":{"line":58,"column":82}},"locations":[{"start":{"line":55,"column":35},"end":{"line":58,"column":82}}]},"26":{"type":"branch","line":56,"loc":{"start":{"line":56,"column":77},"end":{"line":57,"column":88}},"locations":[{"start":{"line":56,"column":77},"end":{"line":57,"column":88}}]},"27":{"type":"branch","line":57,"loc":{"start":{"line":57,"column":84},"end":{"line":58,"column":82}},"locations":[{"start":{"line":57,"column":84},"end":{"line":58,"column":82}}]},"28":{"type":"branch","line":63,"loc":{"start":{"line":63,"column":14},"end":{"line":77,"column":7}},"locations":[{"start":{"line":63,"column":14},"end":{"line":77,"column":7}}]},"29":{"type":"branch","line":74,"loc":{"start":{"line":74,"column":15},"end":{"line":76,"column":10}},"locations":[{"start":{"line":74,"column":15},"end":{"line":76,"column":10}}]},"30":{"type":"branch","line":80,"loc":{"start":{"line":80,"column":14},"end":{"line":90,"column":7}},"locations":[{"start":{"line":80,"column":14},"end":{"line":90,"column":7}}]},"31":{"type":"branch","line":86,"loc":{"start":{"line":86,"column":26},"end":{"line":89,"column":9}},"locations":[{"start":{"line":86,"column":26},"end":{"line":89,"column":9}}]},"32":{"type":"branch","line":88,"loc":{"start":{"line":88,"column":19},"end":{"line":88,"column":79}},"locations":[{"start":{"line":88,"column":19},"end":{"line":88,"column":79}}]},"33":{"type":"branch","line":138,"loc":{"start":{"line":138,"column":101},"end":{"line":138,"column":130}},"locations":[{"start":{"line":138,"column":101},"end":{"line":138,"column":130}}]},"34":{"type":"branch","line":207,"loc":{"start":{"line":207,"column":46},"end":{"line":207,"column":84}},"locations":[{"start":{"line":207,"column":46},"end":{"line":207,"column":84}}]},"35":{"type":"branch","line":232,"loc":{"start":{"line":232,"column":55},"end":{"line":255,"column":47}},"locations":[{"start":{"line":232,"column":55},"end":{"line":255,"column":47}}]}},"b":{"0":[1],"1":[12],"2":[6],"3":[5],"4":[5],"5":[0],"6":[5],"7":[5],"8":[0],"9":[0],"10":[2],"11":[2],"12":[2],"13":[1],"14":[1],"15":[0],"16":[5],"17":[5],"18":[0],"19":[0],"20":[3],"21":[0],"22":[4],"23":[3],"24":[1],"25":[10],"26":[9],"27":[9],"28":[3],"29":[3],"30":[4],"31":[1],"32":[1],"33":[1],"34":[1],"35":[1]},"fnMap":{"0":{"name":"RoyalLotus","decl":{"start":{"line":21,"column":19},"end":{"line":28,"column":10}},"loc":{"start":{"line":21,"column":19},"end":{"line":28,"column":10}},"line":21},"1":{"name":"App","decl":{"start":{"line":31,"column":0},"end":{"line":366,"column":1}},"loc":{"start":{"line":31,"column":0},"end":{"line":366,"column":1}},"line":31},"2":{"name":"handleScroll","decl":{"start":{"line":64,"column":29},"end":{"line":70,"column":10}},"loc":{"start":{"line":64,"column":29},"end":{"line":70,"column":10}},"line":64},"3":{"name":"handleEscape","decl":{"start":{"line":81,"column":29},"end":{"line":85,"column":10}},"loc":{"start":{"line":81,"column":29},"end":{"line":85,"column":10}},"line":81},"4":{"name":"scrollToTop","decl":{"start":{"line":92,"column":24},"end":{"line":97,"column":6}},"loc":{"start":{"line":92,"column":24},"end":{"line":97,"column":6}},"line":92},"5":{"name":"handleCartClick","decl":{"start":{"line":99,"column":28},"end":{"line":109,"column":5}},"loc":{"start":{"line":99,"column":28},"end":{"line":109,"column":5}},"line":99},"6":{"name":"onClick","decl":{"start":{"line":120,"column":107},"end":{"line":120,"column":153}},"loc":{"start":{"line":120,"column":107},"end":{"line":120,"column":153}},"line":120},"7":{"name":"onClick","decl":{"start":{"line":138,"column":101},"end":{"line":138,"column":130}},"loc":{"start":{"line":138,"column":101},"end":{"line":138,"column":130}},"line":138},"8":{"name":"onClick","decl":{"start":{"line":176,"column":54},"end":{"line":176,"column":88}},"loc":{"start":{"line":176,"column":54},"end":{"line":176,"column":88}},"line":176},"9":{"name":"onClick","decl":{"start":{"line":177,"column":61},"end":{"line":177,"column":95}},"loc":{"start":{"line":177,"column":61},"end":{"line":177,"column":95}},"line":177},"10":{"name":"onClick","decl":{"start":{"line":178,"column":60},"end":{"line":178,"column":94}},"loc":{"start":{"line":178,"column":60},"end":{"line":178,"column":94}},"line":178},"11":{"name":"onClick","decl":{"start":{"line":179,"column":62},"end":{"line":179,"column":96}},"loc":{"start":{"line":179,"column":62},"end":{"line":179,"column":96}},"line":179},"12":{"name":"onClick","decl":{"start":{"line":181,"column":180},"end":{"line":181,"column":214}},"loc":{"start":{"line":181,"column":180},"end":{"line":181,"column":214}},"line":181},"13":{"name":"onClick","decl":{"start":{"line":185,"column":53},"end":{"line":185,"column":102}},"loc":{"start":{"line":185,"column":53},"end":{"line":185,"column":102}},"line":185},"14":{"name":"onClick","decl":{"start":{"line":187,"column":64},"end":{"line":187,"column":98}},"loc":{"start":{"line":187,"column":64},"end":{"line":187,"column":98}},"line":187},"15":{"name":"onChange","decl":{"start":{"line":207,"column":46},"end":{"line":207,"column":84}},"loc":{"start":{"line":207,"column":46},"end":{"line":207,"column":84}},"line":207},"16":{"name":"onClick","decl":{"start":{"line":212,"column":45},"end":{"line":212,"column":74}},"loc":{"start":{"line":212,"column":45},"end":{"line":212,"column":74}},"line":212},"17":{"name":"onClick","decl":{"start":{"line":236,"column":53},"end":{"line":236,"column":82}},"loc":{"start":{"line":236,"column":53},"end":{"line":236,"column":82}},"line":236},"18":{"name":"onClick","decl":{"start":{"line":272,"column":41},"end":{"line":272,"column":86}},"loc":{"start":{"line":272,"column":41},"end":{"line":272,"column":86}},"line":272}},"f":{"0":12,"1":6,"2":0,"3":0,"4":0,"5":0,"6":0,"7":1,"8":0,"9":0,"10":0,"11":0,"12":0,"13":0,"14":0,"15":1,"16":0,"17":0,"18":0}}
,"/Users/ganesh159th/Desktop/pehenavas-store/src/main.jsx": {"path":"/Users/ganesh159th/Desktop/pehenavas-store/src/main.jsx","all":true,"statementMap":{"0":{"start":{"line":1,"column":0},"end":{"line":1,"column":34}},"1":{"start":{"line":2,"column":0},"end":{"line":2,"column":45}},"2":{"start":{"line":3,"column":0},"end":{"line":3,"column":48}},"3":{"start":{"line":4,"column":0},"end":{"line":4,"column":27}},"4":{"start":{"line":5,"column":0},"end":{"line":5,"column":20}},"5":{"start":{"line":6,"column":0},"end":{"line":6,"column":56}},"7":{"start":{"line":8,"column":0},"end":{"line":8,"column":51}},"8":{"start":{"line":9,"column":0},"end":{"line":9,"column":14}},"9":{"start":{"line":10,"column":0},"end":{"line":10,"column":19}},"10":{"start":{"line":11,"column":0},"end":{"line":11,"column":20}},"11":{"start":{"line":12,"column":0},"end":{"line":12,"column":15}},"12":{"start":{"line":13,"column":0},"end":{"line":13,"column":21}},"13":{"start":{"line":14,"column":0},"end":{"line":14,"column":20}},"14":{"start":{"line":15,"column":0},"end":{"line":15,"column":16}},"15":{"start":{"line":16,"column":0},"end":{"line":16,"column":1}}},"s":{"0":0,"1":0,"2":0,"3":0,"4":0,"5":0,"7":0,"8":0,"9":0,"10":0,"11":0,"12":0,"13":0,"14":0,"15":0},"branchMap":{"0":{"type":"branch","line":1,"loc":{"start":{"line":1,"column":422},"end":{"line":16,"column":1}},"locations":[{"start":{"line":1,"column":422},"end":{"line":16,"column":1}}]}},"b":{"0":[0]},"fnMap":{"0":{"name":"(empty-report)","decl":{"start":{"line":1,"column":422},"end":{"line":16,"column":1}},"loc":{"start":{"line":1,"column":422},"end":{"line":16,"column":1}},"line":1}},"f":{"0":0}}
,"/Users/ganesh159th/Desktop/pehenavas-store/src/setupTests.js": {"path":"/Users/ganesh159th/Desktop/pehenavas-store/src/setupTests.js","all":true,"statementMap":{"0":{"start":{"line":1,"column":0},"end":{"line":1,"column":35}}},"s":{"0":0},"branchMap":{"0":{"type":"branch","line":1,"loc":{"start":{"line":1,"column":0},"end":{"line":1,"column":35}},"locations":[{"start":{"line":1,"column":0},"end":{"line":1,"column":35}}]}},"b":{"0":[0]},"fnMap":{"0":{"name":"(empty-report)","decl":{"start":{"line":1,"column":0},"end":{"line":1,"column":35}},"loc":{"start":{"line":1,"column":0},"end":{"line":1,"column":35}},"line":1}},"f":{"0":0}}
,"/Users/ganesh159th/Desktop/pehenavas-store/src/utils.js": {"path":"/Users/ganesh159th/Desktop/pehenavas-store/src/utils.js","all":false,"statementMap":{"0":{"start":{"line":1,"column":0},"end":{"line":1,"column":38}},"1":{"start":{"line":2,"column":0},"end":{"line":2,"column":41}},"2":{"start":{"line":3,"column":0},"end":{"line":3,"column":22}},"3":{"start":{"line":4,"column":0},"end":{"line":4,"column":20}},"4":{"start":{"line":5,"column":0},"end":{"line":5,"column":29}},"5":{"start":{"line":6,"column":0},"end":{"line":6,"column":20}},"6":{"start":{"line":7,"column":0},"end":{"line":7,"column":2}}},"s":{"0":1,"1":15,"2":15,"3":15,"4":15,"5":15,"6":15},"branchMap":{"0":{"type":"branch","line":1,"loc":{"start":{"line":1,"column":25},"end":{"line":7,"column":2}},"locations":[{"start":{"line":1,"column":25},"end":{"line":7,"column":2}}]}},"b":{"0":[15]},"fnMap":{"0":{"name":"formatINR","decl":{"start":{"line":1,"column":25},"end":{"line":7,"column":2}},"loc":{"start":{"line":1,"column":25},"end":{"line":7,"column":2}},"line":1}},"f":{"0":15}}
,"/Users/ganesh159th/Desktop/pehenavas-store/src/admin/AdminDashboard.jsx": {"path":"/Users/ganesh159th/Desktop/pehenavas-store/src/admin/AdminDashboard.jsx","all":false,"statementMap":{"0":{"start":{"line":1,"column":0},"end":{"line":1,"column":51}},"6":{"start":{"line":7,"column":0},"end":{"line":7,"column":20}},"7":{"start":{"line":8,"column":0},"end":{"line":8,"column":174}},"8":{"start":{"line":9,"column":0},"end":{"line":9,"column":159}},"9":{"start":{"line":10,"column":0},"end":{"line":10,"column":162}},"10":{"start":{"line":11,"column":0},"end":{"line":11,"column":157}},"11":{"start":{"line":12,"column":0},"end":{"line":12,"column":2}},"13":{"start":{"line":14,"column":0},"end":{"line":14,"column":42}},"14":{"start":{"line":15,"column":0},"end":{"line":15,"column":96}},"15":{"start":{"line":16,"column":0},"end":{"line":16,"column":33}},"16":{"start":{"line":17,"column":0},"end":{"line":17,"column":58}},"17":{"start":{"line":18,"column":0},"end":{"line":18,"column":55}},"18":{"start":{"line":19,"column":0},"end":{"line":19,"column":58}},"20":{"start":{"line":21,"column":0},"end":{"line":21,"column":53}},"21":{"start":{"line":22,"column":0},"end":{"line":22,"column":82}},"22":{"start":{"line":23,"column":0},"end":{"line":23,"column":5}},"23":{"start":{"line":24,"column":0},"end":{"line":24,"column":55}},"24":{"start":{"line":25,"column":0},"end":{"line":25,"column":53}},"26":{"start":{"line":27,"column":0},"end":{"line":27,"column":36}},"27":{"start":{"line":28,"column":0},"end":{"line":28,"column":46}},"28":{"start":{"line":29,"column":0},"end":{"line":29,"column":25}},"29":{"start":{"line":30,"column":0},"end":{"line":30,"column":42}},"30":{"start":{"line":31,"column":0},"end":{"line":31,"column":7}},"31":{"start":{"line":32,"column":0},"end":{"line":32,"column":62}},"32":{"start":{"line":33,"column":0},"end":{"line":33,"column":5}},"33":{"start":{"line":34,"column":0},"end":{"line":34,"column":4}},"35":{"start":{"line":36,"column":0},"end":{"line":36,"column":34}},"36":{"start":{"line":37,"column":0},"end":{"line":37,"column":27}},"37":{"start":{"line":38,"column":0},"end":{"line":38,"column":12}},"38":{"start":{"line":39,"column":0},"end":{"line":39,"column":23}},"39":{"start":{"line":40,"column":0},"end":{"line":40,"column":40}},"40":{"start":{"line":41,"column":0},"end":{"line":41,"column":26}},"41":{"start":{"line":42,"column":0},"end":{"line":42,"column":5}},"42":{"start":{"line":43,"column":0},"end":{"line":43,"column":4}},"44":{"start":{"line":45,"column":0},"end":{"line":45,"column":19}},"45":{"start":{"line":46,"column":0},"end":{"line":46,"column":32}},"46":{"start":{"line":47,"column":0},"end":{"line":47,"column":31}},"47":{"start":{"line":48,"column":0},"end":{"line":48,"column":5}},"48":{"start":{"line":49,"column":0},"end":{"line":49,"column":39}},"51":{"start":{"line":52,"column":0},"end":{"line":52,"column":19}},"52":{"start":{"line":53,"column":0},"end":{"line":53,"column":33}},"53":{"start":{"line":54,"column":0},"end":{"line":54,"column":31}},"54":{"start":{"line":55,"column":0},"end":{"line":55,"column":31}},"55":{"start":{"line":56,"column":0},"end":{"line":56,"column":7}},"56":{"start":{"line":57,"column":0},"end":{"line":57,"column":6}},"57":{"start":{"line":58,"column":0},"end":{"line":58,"column":23}},"58":{"start":{"line":59,"column":0},"end":{"line":59,"column":57}},"59":{"start":{"line":60,"column":0},"end":{"line":60,"column":73}},"60":{"start":{"line":61,"column":0},"end":{"line":61,"column":5}},"61":{"start":{"line":62,"column":0},"end":{"line":62,"column":21}},"63":{"start":{"line":64,"column":0},"end":{"line":64,"column":30}},"64":{"start":{"line":65,"column":0},"end":{"line":65,"column":18}},"65":{"start":{"line":66,"column":0},"end":{"line":66,"column":29}},"66":{"start":{"line":67,"column":0},"end":{"line":67,"column":4}},"68":{"start":{"line":69,"column":0},"end":{"line":69,"column":30}},"69":{"start":{"line":70,"column":0},"end":{"line":70,"column":103}},"72":{"start":{"line":73,"column":0},"end":{"line":73,"column":12}},"73":{"start":{"line":74,"column":0},"end":{"line":74,"column":24}},"76":{"start":{"line":77,"column":0},"end":{"line":77,"column":51}},"77":{"start":{"line":78,"column":0},"end":{"line":78,"column":48}},"78":{"start":{"line":79,"column":0},"end":{"line":79,"column":4}},"80":{"start":{"line":81,"column":0},"end":{"line":81,"column":53}},"81":{"start":{"line":82,"column":0},"end":{"line":82,"column":69}},"82":{"start":{"line":83,"column":0},"end":{"line":83,"column":70}},"83":{"start":{"line":84,"column":0},"end":{"line":84,"column":4}},"85":{"start":{"line":86,"column":0},"end":{"line":86,"column":52}},"86":{"start":{"line":87,"column":0},"end":{"line":87,"column":65}},"87":{"start":{"line":88,"column":0},"end":{"line":88,"column":67}},"88":{"start":{"line":89,"column":0},"end":{"line":89,"column":64}},"89":{"start":{"line":90,"column":0},"end":{"line":90,"column":4}},"91":{"start":{"line":92,"column":0},"end":{"line":92,"column":76}},"93":{"start":{"line":94,"column":0},"end":{"line":94,"column":10}},"94":{"start":{"line":95,"column":0},"end":{"line":95,"column":76}},"96":{"start":{"line":97,"column":0},"end":{"line":97,"column":24}},"97":{"start":{"line":98,"column":0},"end":{"line":98,"column":184}},"98":{"start":{"line":99,"column":0},"end":{"line":99,"column":61}},"99":{"start":{"line":100,"column":0},"end":{"line":100,"column":59}},"100":{"start":{"line":101,"column":0},"end":{"line":101,"column":14}},"104":{"start":{"line":105,"column":0},"end":{"line":105,"column":24}},"105":{"start":{"line":106,"column":0},"end":{"line":106,"column":111}},"106":{"start":{"line":107,"column":0},"end":{"line":107,"column":102}},"107":{"start":{"line":108,"column":0},"end":{"line":108,"column":68}},"108":{"start":{"line":109,"column":0},"end":{"line":109,"column":94}},"109":{"start":{"line":110,"column":0},"end":{"line":110,"column":211}},"110":{"start":{"line":111,"column":0},"end":{"line":111,"column":41}},"111":{"start":{"line":112,"column":0},"end":{"line":112,"column":23}},"112":{"start":{"line":113,"column":0},"end":{"line":113,"column":18}},"113":{"start":{"line":114,"column":0},"end":{"line":114,"column":74}},"114":{"start":{"line":115,"column":0},"end":{"line":115,"column":19}},"115":{"start":{"line":116,"column":0},"end":{"line":116,"column":98}},"116":{"start":{"line":117,"column":0},"end":{"line":117,"column":318}},"117":{"start":{"line":118,"column":0},"end":{"line":118,"column":20}},"118":{"start":{"line":119,"column":0},"end":{"line":119,"column":54}},"119":{"start":{"line":120,"column":0},"end":{"line":120,"column":21}},"120":{"start":{"line":121,"column":0},"end":{"line":121,"column":97}},"121":{"start":{"line":122,"column":0},"end":{"line":122,"column":311}},"122":{"start":{"line":123,"column":0},"end":{"line":123,"column":22}},"123":{"start":{"line":124,"column":0},"end":{"line":124,"column":21}},"124":{"start":{"line":125,"column":0},"end":{"line":125,"column":93}},"125":{"start":{"line":126,"column":0},"end":{"line":126,"column":308}},"126":{"start":{"line":127,"column":0},"end":{"line":127,"column":22}},"127":{"start":{"line":128,"column":0},"end":{"line":128,"column":20}},"128":{"start":{"line":129,"column":0},"end":{"line":129,"column":19}},"129":{"start":{"line":130,"column":0},"end":{"line":130,"column":94}},"130":{"start":{"line":131,"column":0},"end":{"line":131,"column":270}},"131":{"start":{"line":132,"column":0},"end":{"line":132,"column":68}},"132":{"start":{"line":133,"column":0},"end":{"line":133,"column":58}},"133":{"start":{"line":134,"column":0},"end":{"line":134,"column":64}},"134":{"start":{"line":135,"column":0},"end":{"line":135,"column":62}},"135":{"start":{"line":136,"column":0},"end":{"line":136,"column":66}},"136":{"start":{"line":137,"column":0},"end":{"line":137,"column":25}},"137":{"start":{"line":138,"column":0},"end":{"line":138,"column":20}},"138":{"start":{"line":139,"column":0},"end":{"line":139,"column":17}},"139":{"start":{"line":140,"column":0},"end":{"line":140,"column":97}},"140":{"start":{"line":141,"column":0},"end":{"line":141,"column":415}},"141":{"start":{"line":142,"column":0},"end":{"line":142,"column":18}},"142":{"start":{"line":143,"column":0},"end":{"line":143,"column":206}},"143":{"start":{"line":144,"column":0},"end":{"line":144,"column":19}},"144":{"start":{"line":145,"column":0},"end":{"line":145,"column":16}},"145":{"start":{"line":146,"column":0},"end":{"line":146,"column":14}},"149":{"start":{"line":150,"column":0},"end":{"line":150,"column":125}},"150":{"start":{"line":151,"column":0},"end":{"line":151,"column":93}},"151":{"start":{"line":152,"column":0},"end":{"line":152,"column":111}},"152":{"start":{"line":153,"column":0},"end":{"line":153,"column":149}},"153":{"start":{"line":154,"column":0},"end":{"line":154,"column":15}},"154":{"start":{"line":155,"column":0},"end":{"line":155,"column":14}},"155":{"start":{"line":156,"column":0},"end":{"line":156,"column":46}},"156":{"start":{"line":157,"column":0},"end":{"line":157,"column":157}},"157":{"start":{"line":158,"column":0},"end":{"line":158,"column":66}},"158":{"start":{"line":159,"column":0},"end":{"line":159,"column":33}},"159":{"start":{"line":160,"column":0},"end":{"line":160,"column":14}},"160":{"start":{"line":161,"column":0},"end":{"line":161,"column":218}},"161":{"start":{"line":162,"column":0},"end":{"line":162,"column":43}},"162":{"start":{"line":163,"column":0},"end":{"line":163,"column":33}},"163":{"start":{"line":164,"column":0},"end":{"line":164,"column":14}},"164":{"start":{"line":165,"column":0},"end":{"line":165,"column":218}},"165":{"start":{"line":166,"column":0},"end":{"line":166,"column":48}},"166":{"start":{"line":167,"column":0},"end":{"line":167,"column":31}},"167":{"start":{"line":168,"column":0},"end":{"line":168,"column":14}},"168":{"start":{"line":169,"column":0},"end":{"line":169,"column":218}},"169":{"start":{"line":170,"column":0},"end":{"line":170,"column":41}},"170":{"start":{"line":171,"column":0},"end":{"line":171,"column":34}},"171":{"start":{"line":172,"column":0},"end":{"line":172,"column":14}},"172":{"start":{"line":173,"column":0},"end":{"line":173,"column":14}},"173":{"start":{"line":174,"column":0},"end":{"line":174,"column":54}},"174":{"start":{"line":175,"column":0},"end":{"line":175,"column":187}},"175":{"start":{"line":176,"column":0},"end":{"line":176,"column":42}},"176":{"start":{"line":177,"column":0},"end":{"line":177,"column":33}},"177":{"start":{"line":178,"column":0},"end":{"line":178,"column":19}},"178":{"start":{"line":179,"column":0},"end":{"line":179,"column":14}},"179":{"start":{"line":180,"column":0},"end":{"line":180,"column":14}},"182":{"start":{"line":183,"column":0},"end":{"line":183,"column":44}},"183":{"start":{"line":184,"column":0},"end":{"line":184,"column":67}},"184":{"start":{"line":185,"column":0},"end":{"line":185,"column":93}},"185":{"start":{"line":186,"column":0},"end":{"line":186,"column":42}},"186":{"start":{"line":187,"column":0},"end":{"line":187,"column":20}},"187":{"start":{"line":188,"column":0},"end":{"line":188,"column":52}},"188":{"start":{"line":189,"column":0},"end":{"line":189,"column":39}},"190":{"start":{"line":191,"column":0},"end":{"line":191,"column":109}},"191":{"start":{"line":192,"column":0},"end":{"line":192,"column":21}},"192":{"start":{"line":193,"column":0},"end":{"line":193,"column":28}},"193":{"start":{"line":194,"column":0},"end":{"line":194,"column":59}},"194":{"start":{"line":195,"column":0},"end":{"line":195,"column":193}},"195":{"start":{"line":196,"column":0},"end":{"line":196,"column":24}},"196":{"start":{"line":197,"column":0},"end":{"line":197,"column":16}},"197":{"start":{"line":198,"column":0},"end":{"line":198,"column":21}},"198":{"start":{"line":199,"column":0},"end":{"line":199,"column":281}},"199":{"start":{"line":200,"column":0},"end":{"line":200,"column":42}},"200":{"start":{"line":201,"column":0},"end":{"line":201,"column":38}},"201":{"start":{"line":202,"column":0},"end":{"line":202,"column":21}},"202":{"start":{"line":203,"column":0},"end":{"line":203,"column":16}},"203":{"start":{"line":204,"column":0},"end":{"line":204,"column":17}},"206":{"start":{"line":207,"column":0},"end":{"line":207,"column":26}},"207":{"start":{"line":208,"column":0},"end":{"line":208,"column":113}},"208":{"start":{"line":209,"column":0},"end":{"line":209,"column":121}},"210":{"start":{"line":211,"column":0},"end":{"line":211,"column":99}},"211":{"start":{"line":212,"column":0},"end":{"line":212,"column":334}},"212":{"start":{"line":213,"column":0},"end":{"line":213,"column":63}},"213":{"start":{"line":214,"column":0},"end":{"line":214,"column":24}},"214":{"start":{"line":215,"column":0},"end":{"line":215,"column":31}},"215":{"start":{"line":216,"column":0},"end":{"line":216,"column":66}},"216":{"start":{"line":217,"column":0},"end":{"line":217,"column":39}},"217":{"start":{"line":218,"column":0},"end":{"line":218,"column":68}},"218":{"start":{"line":219,"column":0},"end":{"line":219,"column":29}},"219":{"start":{"line":220,"column":0},"end":{"line":220,"column":121}},"220":{"start":{"line":221,"column":0},"end":{"line":221,"column":20}},"221":{"start":{"line":222,"column":0},"end":{"line":222,"column":26}},"222":{"start":{"line":223,"column":0},"end":{"line":223,"column":36}},"223":{"start":{"line":224,"column":0},"end":{"line":224,"column":45}},"224":{"start":{"line":225,"column":0},"end":{"line":225,"column":41}},"225":{"start":{"line":226,"column":0},"end":{"line":226,"column":22}},"226":{"start":{"line":227,"column":0},"end":{"line":227,"column":167}},"227":{"start":{"line":228,"column":0},"end":{"line":228,"column":19}},"229":{"start":{"line":230,"column":0},"end":{"line":230,"column":27}},"230":{"start":{"line":231,"column":0},"end":{"line":231,"column":22}},"231":{"start":{"line":232,"column":0},"end":{"line":232,"column":20}},"234":{"start":{"line":235,"column":0},"end":{"line":235,"column":68}},"235":{"start":{"line":236,"column":0},"end":{"line":236,"column":46}},"236":{"start":{"line":237,"column":0},"end":{"line":237,"column":66}},"237":{"start":{"line":238,"column":0},"end":{"line":238,"column":88}},"238":{"start":{"line":239,"column":0},"end":{"line":239,"column":24}},"239":{"start":{"line":240,"column":0},"end":{"line":240,"column":84}},"240":{"start":{"line":241,"column":0},"end":{"line":241,"column":66}},"241":{"start":{"line":242,"column":0},"end":{"line":242,"column":88}},"242":{"start":{"line":243,"column":0},"end":{"line":243,"column":24}},"244":{"start":{"line":245,"column":0},"end":{"line":245,"column":49}},"246":{"start":{"line":247,"column":0},"end":{"line":247,"column":53}},"247":{"start":{"line":248,"column":0},"end":{"line":248,"column":27}},"248":{"start":{"line":249,"column":0},"end":{"line":249,"column":143}},"249":{"start":{"line":250,"column":0},"end":{"line":250,"column":79}},"250":{"start":{"line":251,"column":0},"end":{"line":251,"column":62}},"251":{"start":{"line":252,"column":0},"end":{"line":252,"column":32}},"252":{"start":{"line":253,"column":0},"end":{"line":253,"column":46}},"253":{"start":{"line":254,"column":0},"end":{"line":254,"column":165}},"255":{"start":{"line":256,"column":0},"end":{"line":256,"column":123}},"256":{"start":{"line":257,"column":0},"end":{"line":257,"column":37}},"257":{"start":{"line":258,"column":0},"end":{"line":258,"column":54}},"258":{"start":{"line":259,"column":0},"end":{"line":259,"column":52}},"259":{"start":{"line":260,"column":0},"end":{"line":260,"column":115}},"260":{"start":{"line":261,"column":0},"end":{"line":261,"column":34}},"261":{"start":{"line":262,"column":0},"end":{"line":262,"column":121}},"262":{"start":{"line":263,"column":0},"end":{"line":263,"column":36}},"263":{"start":{"line":264,"column":0},"end":{"line":264,"column":51}},"264":{"start":{"line":265,"column":0},"end":{"line":265,"column":147}},"265":{"start":{"line":266,"column":0},"end":{"line":266,"column":124}},"266":{"start":{"line":267,"column":0},"end":{"line":267,"column":99}},"267":{"start":{"line":268,"column":0},"end":{"line":268,"column":36}},"268":{"start":{"line":269,"column":0},"end":{"line":269,"column":34}},"269":{"start":{"line":270,"column":0},"end":{"line":270,"column":29}},"270":{"start":{"line":271,"column":0},"end":{"line":271,"column":30}},"271":{"start":{"line":272,"column":0},"end":{"line":272,"column":28}},"275":{"start":{"line":276,"column":0},"end":{"line":276,"column":51}},"276":{"start":{"line":277,"column":0},"end":{"line":277,"column":27}},"277":{"start":{"line":278,"column":0},"end":{"line":278,"column":139}},"278":{"start":{"line":279,"column":0},"end":{"line":279,"column":51}},"279":{"start":{"line":280,"column":0},"end":{"line":280,"column":61}},"280":{"start":{"line":281,"column":0},"end":{"line":281,"column":155}},"281":{"start":{"line":282,"column":0},"end":{"line":282,"column":85}},"282":{"start":{"line":283,"column":0},"end":{"line":283,"column":37}},"283":{"start":{"line":284,"column":0},"end":{"line":284,"column":87}},"284":{"start":{"line":285,"column":0},"end":{"line":285,"column":90}},"285":{"start":{"line":286,"column":0},"end":{"line":286,"column":38}},"286":{"start":{"line":287,"column":0},"end":{"line":287,"column":141}},"287":{"start":{"line":288,"column":0},"end":{"line":288,"column":48}},"288":{"start":{"line":289,"column":0},"end":{"line":289,"column":39}},"289":{"start":{"line":290,"column":0},"end":{"line":290,"column":36}},"290":{"start":{"line":291,"column":0},"end":{"line":291,"column":81}},"291":{"start":{"line":292,"column":0},"end":{"line":292,"column":88}},"292":{"start":{"line":293,"column":0},"end":{"line":293,"column":100}},"293":{"start":{"line":294,"column":0},"end":{"line":294,"column":36}},"294":{"start":{"line":295,"column":0},"end":{"line":295,"column":34}},"295":{"start":{"line":296,"column":0},"end":{"line":296,"column":29}},"296":{"start":{"line":297,"column":0},"end":{"line":297,"column":30}},"297":{"start":{"line":298,"column":0},"end":{"line":298,"column":28}},"299":{"start":{"line":300,"column":0},"end":{"line":300,"column":24}},"301":{"start":{"line":302,"column":0},"end":{"line":302,"column":20}},"302":{"start":{"line":303,"column":0},"end":{"line":303,"column":18}},"303":{"start":{"line":304,"column":0},"end":{"line":304,"column":16}},"309":{"start":{"line":310,"column":0},"end":{"line":310,"column":68}},"311":{"start":{"line":312,"column":0},"end":{"line":312,"column":124}},"312":{"start":{"line":313,"column":0},"end":{"line":313,"column":67}},"313":{"start":{"line":314,"column":0},"end":{"line":314,"column":19}},"314":{"start":{"line":315,"column":0},"end":{"line":315,"column":97}},"315":{"start":{"line":316,"column":0},"end":{"line":316,"column":119}},"316":{"start":{"line":317,"column":0},"end":{"line":317,"column":20}},"317":{"start":{"line":318,"column":0},"end":{"line":318,"column":133}},"318":{"start":{"line":319,"column":0},"end":{"line":319,"column":50}},"319":{"start":{"line":320,"column":0},"end":{"line":320,"column":90}},"320":{"start":{"line":321,"column":0},"end":{"line":321,"column":20}},"321":{"start":{"line":322,"column":0},"end":{"line":322,"column":18}},"324":{"start":{"line":325,"column":0},"end":{"line":325,"column":80}},"325":{"start":{"line":326,"column":0},"end":{"line":326,"column":84}},"326":{"start":{"line":327,"column":0},"end":{"line":327,"column":111}},"327":{"start":{"line":328,"column":0},"end":{"line":328,"column":23}},"328":{"start":{"line":329,"column":0},"end":{"line":329,"column":126}},"329":{"start":{"line":330,"column":0},"end":{"line":330,"column":49}},"332":{"start":{"line":333,"column":0},"end":{"line":333,"column":259}},"333":{"start":{"line":334,"column":0},"end":{"line":334,"column":61}},"334":{"start":{"line":335,"column":0},"end":{"line":335,"column":26}},"335":{"start":{"line":336,"column":0},"end":{"line":336,"column":24}},"336":{"start":{"line":337,"column":0},"end":{"line":337,"column":22}},"337":{"start":{"line":338,"column":0},"end":{"line":338,"column":17}},"338":{"start":{"line":339,"column":0},"end":{"line":339,"column":18}},"339":{"start":{"line":340,"column":0},"end":{"line":340,"column":125}},"340":{"start":{"line":341,"column":0},"end":{"line":341,"column":206}},"341":{"start":{"line":342,"column":0},"end":{"line":342,"column":18}},"342":{"start":{"line":343,"column":0},"end":{"line":343,"column":16}},"345":{"start":{"line":346,"column":0},"end":{"line":346,"column":115}},"346":{"start":{"line":347,"column":0},"end":{"line":347,"column":68}},"347":{"start":{"line":348,"column":0},"end":{"line":348,"column":90}},"348":{"start":{"line":349,"column":0},"end":{"line":349,"column":87}},"349":{"start":{"line":350,"column":0},"end":{"line":350,"column":18}},"350":{"start":{"line":351,"column":0},"end":{"line":351,"column":46}},"351":{"start":{"line":352,"column":0},"end":{"line":352,"column":16}},"352":{"start":{"line":353,"column":0},"end":{"line":353,"column":110}},"353":{"start":{"line":354,"column":0},"end":{"line":354,"column":110}},"354":{"start":{"line":355,"column":0},"end":{"line":355,"column":110}},"355":{"start":{"line":356,"column":0},"end":{"line":356,"column":106}},"356":{"start":{"line":357,"column":0},"end":{"line":357,"column":34}},"357":{"start":{"line":358,"column":0},"end":{"line":358,"column":190}},"358":{"start":{"line":359,"column":0},"end":{"line":359,"column":154}},"359":{"start":{"line":360,"column":0},"end":{"line":360,"column":50}},"360":{"start":{"line":361,"column":0},"end":{"line":361,"column":93}},"361":{"start":{"line":362,"column":0},"end":{"line":362,"column":94}},"362":{"start":{"line":363,"column":0},"end":{"line":363,"column":123}},"363":{"start":{"line":364,"column":0},"end":{"line":364,"column":118}},"364":{"start":{"line":365,"column":0},"end":{"line":365,"column":92}},"365":{"start":{"line":366,"column":0},"end":{"line":366,"column":29}},"366":{"start":{"line":367,"column":0},"end":{"line":367,"column":26}},"367":{"start":{"line":368,"column":0},"end":{"line":368,"column":24}},"368":{"start":{"line":369,"column":0},"end":{"line":369,"column":22}},"369":{"start":{"line":370,"column":0},"end":{"line":370,"column":17}},"370":{"start":{"line":371,"column":0},"end":{"line":371,"column":18}},"371":{"start":{"line":372,"column":0},"end":{"line":372,"column":221}},"372":{"start":{"line":373,"column":0},"end":{"line":373,"column":16}},"373":{"start":{"line":374,"column":0},"end":{"line":374,"column":14}},"376":{"start":{"line":377,"column":0},"end":{"line":377,"column":31}},"377":{"start":{"line":378,"column":0},"end":{"line":378,"column":63}},"378":{"start":{"line":379,"column":0},"end":{"line":379,"column":17}},"379":{"start":{"line":380,"column":0},"end":{"line":380,"column":100}},"380":{"start":{"line":381,"column":0},"end":{"line":381,"column":119}},"381":{"start":{"line":382,"column":0},"end":{"line":382,"column":18}},"382":{"start":{"line":383,"column":0},"end":{"line":383,"column":16}},"384":{"start":{"line":385,"column":0},"end":{"line":385,"column":95}},"385":{"start":{"line":386,"column":0},"end":{"line":386,"column":44}},"386":{"start":{"line":387,"column":0},"end":{"line":387,"column":47}},"387":{"start":{"line":388,"column":0},"end":{"line":388,"column":185}},"388":{"start":{"line":389,"column":0},"end":{"line":389,"column":107}},"389":{"start":{"line":390,"column":0},"end":{"line":390,"column":168}},"391":{"start":{"line":392,"column":0},"end":{"line":392,"column":57}},"392":{"start":{"line":393,"column":0},"end":{"line":393,"column":268}},"393":{"start":{"line":394,"column":0},"end":{"line":394,"column":50}},"394":{"start":{"line":395,"column":0},"end":{"line":395,"column":28}},"395":{"start":{"line":396,"column":0},"end":{"line":396,"column":24}},"396":{"start":{"line":397,"column":0},"end":{"line":397,"column":22}},"397":{"start":{"line":398,"column":0},"end":{"line":398,"column":37}},"398":{"start":{"line":399,"column":0},"end":{"line":399,"column":129}},"399":{"start":{"line":400,"column":0},"end":{"line":400,"column":99}},"400":{"start":{"line":401,"column":0},"end":{"line":401,"column":71}},"401":{"start":{"line":402,"column":0},"end":{"line":402,"column":129}},"402":{"start":{"line":403,"column":0},"end":{"line":403,"column":53}},"403":{"start":{"line":404,"column":0},"end":{"line":404,"column":167}},"404":{"start":{"line":405,"column":0},"end":{"line":405,"column":205}},"405":{"start":{"line":406,"column":0},"end":{"line":406,"column":27}},"406":{"start":{"line":407,"column":0},"end":{"line":407,"column":24}},"408":{"start":{"line":409,"column":0},"end":{"line":409,"column":99}},"409":{"start":{"line":410,"column":0},"end":{"line":410,"column":48}},"410":{"start":{"line":411,"column":0},"end":{"line":411,"column":178}},"411":{"start":{"line":412,"column":0},"end":{"line":412,"column":24}},"412":{"start":{"line":413,"column":0},"end":{"line":413,"column":51}},"413":{"start":{"line":414,"column":0},"end":{"line":414,"column":126}},"414":{"start":{"line":415,"column":0},"end":{"line":415,"column":132}},"415":{"start":{"line":416,"column":0},"end":{"line":416,"column":132}},"416":{"start":{"line":417,"column":0},"end":{"line":417,"column":24}},"417":{"start":{"line":418,"column":0},"end":{"line":418,"column":22}},"418":{"start":{"line":419,"column":0},"end":{"line":419,"column":20}},"419":{"start":{"line":420,"column":0},"end":{"line":420,"column":16}},"421":{"start":{"line":422,"column":0},"end":{"line":422,"column":150}},"422":{"start":{"line":423,"column":0},"end":{"line":423,"column":58}},"423":{"start":{"line":424,"column":0},"end":{"line":424,"column":20}},"425":{"start":{"line":426,"column":0},"end":{"line":426,"column":16}},"426":{"start":{"line":427,"column":0},"end":{"line":427,"column":14}},"429":{"start":{"line":430,"column":0},"end":{"line":430,"column":95}},"430":{"start":{"line":431,"column":0},"end":{"line":431,"column":110}},"431":{"start":{"line":432,"column":0},"end":{"line":432,"column":17}},"432":{"start":{"line":433,"column":0},"end":{"line":433,"column":97}},"433":{"start":{"line":434,"column":0},"end":{"line":434,"column":117}},"434":{"start":{"line":435,"column":0},"end":{"line":435,"column":18}},"435":{"start":{"line":436,"column":0},"end":{"line":436,"column":153}},"436":{"start":{"line":437,"column":0},"end":{"line":437,"column":16}},"437":{"start":{"line":438,"column":0},"end":{"line":438,"column":43}},"438":{"start":{"line":439,"column":0},"end":{"line":439,"column":64}},"439":{"start":{"line":440,"column":0},"end":{"line":440,"column":21}},"440":{"start":{"line":441,"column":0},"end":{"line":441,"column":121}},"441":{"start":{"line":442,"column":0},"end":{"line":442,"column":67}},"442":{"start":{"line":443,"column":0},"end":{"line":443,"column":67}},"443":{"start":{"line":444,"column":0},"end":{"line":444,"column":70}},"444":{"start":{"line":445,"column":0},"end":{"line":445,"column":71}},"445":{"start":{"line":446,"column":0},"end":{"line":446,"column":76}},"446":{"start":{"line":447,"column":0},"end":{"line":447,"column":21}},"447":{"start":{"line":448,"column":0},"end":{"line":448,"column":22}},"448":{"start":{"line":449,"column":0},"end":{"line":449,"column":57}},"449":{"start":{"line":450,"column":0},"end":{"line":450,"column":79}},"450":{"start":{"line":451,"column":0},"end":{"line":451,"column":86}},"451":{"start":{"line":452,"column":0},"end":{"line":452,"column":93}},"452":{"start":{"line":453,"column":0},"end":{"line":453,"column":98}},"453":{"start":{"line":454,"column":0},"end":{"line":454,"column":100}},"454":{"start":{"line":455,"column":0},"end":{"line":455,"column":46}},"455":{"start":{"line":456,"column":0},"end":{"line":456,"column":147}},"456":{"start":{"line":457,"column":0},"end":{"line":457,"column":38}},"457":{"start":{"line":458,"column":0},"end":{"line":458,"column":29}},"458":{"start":{"line":459,"column":0},"end":{"line":459,"column":25}},"459":{"start":{"line":460,"column":0},"end":{"line":460,"column":121}},"460":{"start":{"line":461,"column":0},"end":{"line":461,"column":23}},"461":{"start":{"line":462,"column":0},"end":{"line":462,"column":22}},"462":{"start":{"line":463,"column":0},"end":{"line":463,"column":22}},"463":{"start":{"line":464,"column":0},"end":{"line":464,"column":99}},"464":{"start":{"line":465,"column":0},"end":{"line":465,"column":62}},"465":{"start":{"line":466,"column":0},"end":{"line":466,"column":25}},"466":{"start":{"line":467,"column":0},"end":{"line":467,"column":23}},"468":{"start":{"line":469,"column":0},"end":{"line":469,"column":22}},"469":{"start":{"line":470,"column":0},"end":{"line":470,"column":20}},"470":{"start":{"line":471,"column":0},"end":{"line":471,"column":16}},"471":{"start":{"line":472,"column":0},"end":{"line":472,"column":14}},"472":{"start":{"line":473,"column":0},"end":{"line":473,"column":13}},"473":{"start":{"line":474,"column":0},"end":{"line":474,"column":10}},"475":{"start":{"line":476,"column":0},"end":{"line":476,"column":1}}},"s":{"0":1,"6":1,"7":1,"8":1,"9":1,"10":1,"11":1,"13":0,"14":0,"15":0,"16":0,"17":0,"18":0,"20":0,"21":0,"22":0,"23":0,"24":0,"26":0,"27":0,"28":0,"29":0,"30":0,"31":0,"32":0,"33":0,"35":0,"36":0,"37":0,"38":0,"39":0,"40":0,"41":0,"42":0,"44":0,"45":0,"46":0,"47":0,"48":0,"51":0,"52":0,"53":0,"54":0,"55":0,"56":0,"57":0,"58":0,"59":0,"60":0,"61":0,"63":0,"64":0,"65":0,"66":0,"68":0,"69":0,"72":0,"73":0,"76":0,"77":0,"78":0,"80":0,"81":0,"82":0,"83":0,"85":0,"86":0,"87":0,"88":0,"89":0,"91":0,"93":0,"94":0,"96":0,"97":0,"98":0,"99":0,"100":0,"104":0,"105":0,"106":0,"107":0,"108":0,"109":0,"110":0,"111":0,"112":0,"113":0,"114":0,"115":0,"116":0,"117":0,"118":0,"119":0,"120":0,"121":0,"122":0,"123":0,"124":0,"125":0,"126":0,"127":0,"128":0,"129":0,"130":0,"131":0,"132":0,"133":0,"134":0,"135":0,"136":0,"137":0,"138":0,"139":0,"140":0,"141":0,"142":0,"143":0,"144":0,"145":0,"149":0,"150":0,"151":0,"152":0,"153":0,"154":0,"155":0,"156":0,"157":0,"158":0,"159":0,"160":0,"161":0,"162":0,"163":0,"164":0,"165":0,"166":0,"167":0,"168":0,"169":0,"170":0,"171":0,"172":0,"173":0,"174":0,"175":0,"176":0,"177":0,"178":0,"179":0,"182":0,"183":0,"184":0,"185":0,"186":0,"187":0,"188":0,"190":0,"191":0,"192":0,"193":0,"194":0,"195":0,"196":0,"197":0,"198":0,"199":0,"200":0,"201":0,"202":0,"203":0,"206":0,"207":0,"208":0,"210":0,"211":0,"212":0,"213":0,"214":0,"215":0,"216":0,"217":0,"218":0,"219":0,"220":0,"221":0,"222":0,"223":0,"224":0,"225":0,"226":0,"227":0,"229":0,"230":0,"231":0,"234":0,"235":0,"236":0,"237":0,"238":0,"239":0,"240":0,"241":0,"242":0,"244":0,"246":0,"247":0,"248":0,"249":0,"250":0,"251":0,"252":0,"253":0,"255":0,"256":0,"257":0,"258":0,"259":0,"260":0,"261":0,"262":0,"263":0,"264":0,"265":0,"266":0,"267":0,"268":0,"269":0,"270":0,"271":0,"275":0,"276":0,"277":0,"278":0,"279":0,"280":0,"281":0,"282":0,"283":0,"284":0,"285":0,"286":0,"287":0,"288":0,"289":0,"290":0,"291":0,"292":0,"293":0,"294":0,"295":0,"296":0,"297":0,"299":0,"301":0,"302":0,"303":0,"309":0,"311":0,"312":0,"313":0,"314":0,"315":0,"316":0,"317":0,"318":0,"319":0,"320":0,"321":0,"324":0,"325":0,"326":0,"327":0,"328":0,"329":0,"332":0,"333":0,"334":0,"335":0,"336":0,"337":0,"338":0,"339":0,"340":0,"341":0,"342":0,"345":0,"346":0,"347":0,"348":0,"349":0,"350":0,"351":0,"352":0,"353":0,"354":0,"355":0,"356":0,"357":0,"358":0,"359":0,"360":0,"361":0,"362":0,"363":0,"364":0,"365":0,"366":0,"367":0,"368":0,"369":0,"370":0,"371":0,"372":0,"373":0,"376":0,"377":0,"378":0,"379":0,"380":0,"381":0,"382":0,"384":0,"385":0,"386":0,"387":0,"388":0,"389":0,"391":0,"392":0,"393":0,"394":0,"395":0,"396":0,"397":0,"398":0,"399":0,"400":0,"401":0,"402":0,"403":0,"404":0,"405":0,"406":0,"408":0,"409":0,"410":0,"411":0,"412":0,"413":0,"414":0,"415":0,"416":0,"417
[...]
"start":{"line":61,"column":0},"end":{"line":61,"column":22}},"61":{"start":{"line":62,"column":0},"end":{"line":62,"column":81}},"62":{"start":{"line":63,"column":0},"end":{"line":63,"column":4}},"63":{"start":{"line":64,"column":0},"end":{"line":64,"column":3}},"64":{"start":{"line":65,"column":0},"end":{"line":65,"column":10}},"65":{"start":{"line":66,"column":0},"end":{"line":66,"column":32}},"66":{"start":{"line":67,"column":0},"end":{"line":67,"column":16}},"67":{"start":{"line":68,"column":0},"end":{"line":68,"column":16}},"68":{"start":{"line":69,"column":0},"end":{"line":69,"column":17}},"69":{"start":{"line":70,"column":0},"end":{"line":70,"column":71}},"70":{"start":{"line":71,"column":0},"end":{"line":71,"column":25}},"71":{"start":{"line":72,"column":0},"end":{"line":72,"column":79}},"72":{"start":{"line":73,"column":0},"end":{"line":73,"column":4}},"73":{"start":{"line":74,"column":0},"end":{"line":74,"column":3}},"74":{"start":{"line":75,"column":0},"end":{"line":75,"column":10}},"75":{"start":{"line":76,"column":0},"end":{"line":76,"column":41}},"76":{"start":{"line":77,"column":0},"end":{"line":77,"column":16}},"77":{"start":{"line":78,"column":0},"end":{"line":78,"column":16}},"78":{"start":{"line":79,"column":0},"end":{"line":79,"column":17}},"79":{"start":{"line":80,"column":0},"end":{"line":80,"column":78}},"80":{"start":{"line":81,"column":0},"end":{"line":81,"column":22}},"81":{"start":{"line":82,"column":0},"end":{"line":82,"column":89}},"82":{"start":{"line":83,"column":0},"end":{"line":83,"column":4}},"83":{"start":{"line":84,"column":0},"end":{"line":84,"column":3}},"84":{"start":{"line":85,"column":0},"end":{"line":85,"column":10}},"85":{"start":{"line":86,"column":0},"end":{"line":86,"column":33}},"86":{"start":{"line":87,"column":0},"end":{"line":87,"column":16}},"87":{"start":{"line":88,"column":0},"end":{"line":88,"column":16}},"88":{"start":{"line":89,"column":0},"end":{"line":89,"column":17}},"89":{"start":{"line":90,"column":0},"end":{"line":90,"column":73}},"90":{"start":{"line":91,"column":0},"end":{"line":91,"column":26}},"91":{"start":{"line":92,"column":0},"end":{"line":92,"column":94}},"92":{"start":{"line":93,"column":0},"end":{"line":93,"column":4}},"93":{"start":{"line":94,"column":0},"end":{"line":94,"column":3}},"94":{"start":{"line":95,"column":0},"end":{"line":95,"column":11}},"95":{"start":{"line":96,"column":0},"end":{"line":96,"column":33}},"96":{"start":{"line":97,"column":0},"end":{"line":97,"column":17}},"97":{"start":{"line":98,"column":0},"end":{"line":98,"column":16}},"98":{"start":{"line":99,"column":0},"end":{"line":99,"column":17}},"99":{"start":{"line":100,"column":0},"end":{"line":100,"column":72}},"100":{"start":{"line":101,"column":0},"end":{"line":101,"column":20}},"101":{"start":{"line":102,"column":0},"end":{"line":102,"column":90}},"102":{"start":{"line":103,"column":0},"end":{"line":103,"column":3}},"103":{"start":{"line":104,"column":0},"end":{"line":104,"column":2}}},"s":{"0":1,"2":1,"3":1,"4":1,"5":1,"6":1,"7":1,"8":1,"9":1,"10":1,"11":1,"12":1,"13":1,"14":1,"15":1,"16":1,"17":1,"18":1,"19":1,"20":1,"21":1,"22":1,"23":1,"24":1,"25":1,"26":1,"27":1,"28":1,"29":1,"30":1,"31":1,"32":1,"33":1,"34":1,"35":1,"36":1,"37":1,"38":1,"39":1,"40":1,"41":1,"42":1,"43":1,"44":1,"45":1,"46":1,"47":1,"48":1,"49":1,"50":1,"51":1,"52":1,"53":1,"54":1,"55":1,"56":1,"57":1,"58":1,"59":1,"60":1,"61":1,"62":1,"63":1,"64":1,"65":1,"66":1,"67":1,"68":1,"69":1,"70":1,"71":1,"72":1,"73":1,"74":1,"75":1,"76":1,"77":1,"78":1,"79":1,"80":1,"81":1,"82":1,"83":1,"84":1,"85":1,"86":1,"87":1,"88":1,"89":1,"90":1,"91":1,"92":1,"93":1,"94":1,"95":1,"96":1,"97":1,"98":1,"99":1,"100":1,"101":1,"102":1,"103":1},"branchMap":{},"b":{},"fnMap":{},"f":{}}
,"/Users/ganesh159th/Desktop/pehenavas-store/src/hooks/useCart.js": {"path":"/Users/ganesh159th/Desktop/pehenavas-store/src/hooks/useCart.js","all":true,"statementMap":{"0":{"start":{"line":1,"column":0},"end":{"line":1,"column":45}},"3":{"start":{"line":4,"column":0},"end":{"line":4,"column":30}},"4":{"start":{"line":5,"column":0},"end":{"line":5,"column":42}},"5":{"start":{"line":6,"column":0},"end":{"line":6,"column":21}},"6":{"start":{"line":7,"column":0},"end":{"line":7,"column":33}},"7":{"start":{"line":8,"column":0},"end":{"line":8,"column":39}},"8":{"start":{"line":9,"column":0},"end":{"line":9,"column":31}},"9":{"start":{"line":10,"column":0},"end":{"line":10,"column":41}},"10":{"start":{"line":11,"column":0},"end":{"line":11,"column":49}},"11":{"start":{"line":12,"column":0},"end":{"line":12,"column":31}},"12":{"start":{"line":13,"column":0},"end":{"line":13,"column":37}},"13":{"start":{"line":14,"column":0},"end":{"line":14,"column":31}},"14":{"start":{"line":15,"column":0},"end":{"line":15,"column":84}},"15":{"start":{"line":16,"column":0},"end":{"line":16,"column":7}},"16":{"start":{"line":17,"column":0},"end":{"line":17,"column":2}}},"s":{"0":0,"3":0,"4":0,"5":0,"6":0,"7":0,"8":0,"9":0,"10":0,"11":0,"12":0,"13":0,"14":0,"15":0,"16":0},"branchMap":{"0":{"type":"branch","line":1,"loc":{"start":{"line":1,"column":0},"end":{"line":17,"column":-165}},"locations":[{"start":{"line":1,"column":0},"end":{"line":17,"column":-165}}]}},"b":{"0":[0]},"fnMap":{"0":{"name":"(empty-report)","decl":{"start":{"line":1,"column":0},"end":{"line":17,"column":-165}},"loc":{"start":{"line":1,"column":0},"end":{"line":17,"column":-165}},"line":1}},"f":{"0":0}}
,"/Users/ganesh159th/Desktop/pehenavas-store/src/hooks/useFadeIn.js": {"path":"/Users/ganesh159th/Desktop/pehenavas-store/src/hooks/useFadeIn.js","all":false,"statementMap":{"0":{"start":{"line":1,"column":0},"end":{"line":1,"column":67}},"2":{"start":{"line":3,"column":0},"end":{"line":3,"column":39}},"3":{"start":{"line":4,"column":0},"end":{"line":4,"column":52}},"5":{"start":{"line":6,"column":0},"end":{"line":6,"column":19}},"6":{"start":{"line":7,"column":0},"end":{"line":7,"column":62}},"7":{"start":{"line":8,"column":0},"end":{"line":8,"column":37}},"8":{"start":{"line":9,"column":0},"end":{"line":9,"column":14}},"10":{"start":{"line":11,"column":0},"end":{"line":11,"column":19}},"11":{"start":{"line":12,"column":0},"end":{"line":12,"column":1}}},"s":{"0":1,"2":1,"3":158,"5":158,"6":42,"7":42,"8":158,"10":158,"11":158},"branchMap":{"0":{"type":"branch","line":3,"loc":{"start":{"line":3,"column":7},"end":{"line":12,"column":1}},"locations":[{"start":{"line":3,"column":7},"end":{"line":12,"column":1}}]},"1":{"type":"branch","line":6,"loc":{"start":{"line":6,"column":12},"end":{"line":9,"column":3}},"locations":[{"start":{"line":6,"column":12},"end":{"line":9,"column":3}}]},"2":{"type":"branch","line":7,"loc":{"start":{"line":7,"column":29},"end":{"line":7,"column":53}},"locations":[{"start":{"line":7,"column":29},"end":{"line":7,"column":53}}]},"3":{"type":"branch","line":8,"loc":{"start":{"line":8,"column":11},"end":{"line":8,"column":36}},"locations":[{"start":{"line":8,"column":11},"end":{"line":8,"column":36}}]}},"b":{"0":[158],"1":[42],"2":[8],"3":[42]},"fnMap":{"0":{"name":"useFadeIn","decl":{"start":{"line":3,"column":7},"end":{"line":12,"column":1}},"loc":{"start":{"line":3,"column":7},"end":{"line":12,"column":1}},"line":3}},"f":{"0":158}}
,"/Users/ganesh159th/Desktop/pehenavas-store/src/hooks/useUser.js": {"path":"/Users/ganesh159th/Desktop/pehenavas-store/src/hooks/useUser.js","all":false,"statementMap":{"0":{"start":{"line":1,"column":0},"end":{"line":1,"column":58}},"3":{"start":{"line":4,"column":0},"end":{"line":4,"column":30}},"4":{"start":{"line":5,"column":0},"end":{"line":5,"column":44}},"5":{"start":{"line":6,"column":0},"end":{"line":6,"column":32}},"6":{"start":{"line":7,"column":0},"end":{"line":7,"column":70}},"7":{"start":{"line":8,"column":0},"end":{"line":8,"column":5}},"8":{"start":{"line":9,"column":0},"end":{"line":9,"column":19}},"9":{"start":{"line":10,"column":0},"end":{"line":10,"column":2}}},"s":{"0":1,"3":1,"4":3,"5":3,"6":2,"7":2,"8":1,"9":1},"branchMap":{"0":{"type":"branch","line":4,"loc":{"start":{"line":4,"column":23},"end":{"line":10,"column":2}},"locations":[{"start":{"line":4,"column":23},"end":{"line":10,"column":2}}]},"1":{"type":"branch","line":6,"loc":{"start":{"line":6,"column":31},"end":{"line":8,"column":5}},"locations":[{"start":{"line":6,"column":31},"end":{"line":8,"column":5}}]},"2":{"type":"branch","line":8,"loc":{"start":{"line":8,"column":4},"end":{"line":10,"column":2}},"locations":[{"start":{"line":8,"column":4},"end":{"line":10,"column":2}}]}},"b":{"0":[3],"1":[2],"2":[1]},"fnMap":{"0":{"name":"useUser","decl":{"start":{"line":4,"column":23},"end":{"line":10,"column":2}},"loc":{"start":{"line":4,"column":23},"end":{"line":10,"column":2}},"line":4}},"f":{"0":3}}
,"/Users/ganesh159th/Desktop/pehenavas-store/src/store/useStore.js": {"path":"/Users/ganesh159th/Desktop/pehenavas-store/src/store/useStore.js","all":false,"statementMap":{"0":{"start":{"line":1,"column":0},"end":{"line":1,"column":61}},"4":{"start":{"line":5,"column":0},"end":{"line":5,"column":31}},"5":{"start":{"line":6,"column":0},"end":{"line":6,"column":10}},"6":{"start":{"line":7,"column":0},"end":{"line":7,"column":15}},"7":{"start":{"line":8,"column":0},"end":{"line":8,"column":15}},"8":{"start":{"line":9,"column":0},"end":{"line":9,"column":19}},"9":{"start":{"line":10,"column":0},"end":{"line":10,"column":24}},"10":{"start":{"line":11,"column":0},"end":{"line":11,"column":34}},"11":{"start":{"line":12,"column":0},"end":{"line":12,"column":25}},"13":{"start":{"line":14,"column":0},"end":{"line":14,"column":55}},"14":{"start":{"line":15,"column":0},"end":{"line":15,"column":25}},"16":{"start":{"line":17,"column":0},"end":{"line":17,"column":48}},"17":{"start":{"line":18,"column":0},"end":{"line":18,"column":80}},"18":{"start":{"line":19,"column":0},"end":{"line":19,"column":10}},"20":{"start":{"line":21,"column":0},"end":{"line":21,"column":46}},"21":{"start":{"line":22,"column":0},"end":{"line":22,"column":57}},"22":{"start":{"line":23,"column":0},"end":{"line":23,"column":10}},"24":{"start":{"line":25,"column":0},"end":{"line":25,"column":21}},"25":{"start":{"line":26,"column":0},"end":{"line":26,"column":48}},"26":{"start":{"line":27,"column":0},"end":{"line":27,"column":50}},"27":{"start":{"line":28,"column":0},"end":{"line":28,"column":76}},"28":{"start":{"line":29,"column":0},"end":{"line":29,"column":57}},"30":{"start":{"line":31,"column":0},"end":{"line":31,"column":21}},"31":{"start":{"line":32,"column":0},"end":{"line":32,"column":43}},"32":{"start":{"line":33,"column":0},"end":{"line":33,"column":24}},"33":{"start":{"line":34,"column":0},"end":{"line":34,"column":47}},"34":{"start":{"line":35,"column":0},"end":{"line":35,"column":66}},"35":{"start":{"line":36,"column":0},"end":{"line":36,"column":12}},"37":{"start":{"line":38,"column":0},"end":{"line":38,"column":29}},"38":{"start":{"line":39,"column":0},"end":{"line":39,"column":20}},"39":{"start":{"line":40,"column":0},"end":{"line":40,"column":44}},"40":{"start":{"line":41,"column":0},"end":{"line":41,"column":60}},"41":{"start":{"line":42,"column":0},"end":{"line":42,"column":50}},"42":{"start":{"line":43,"column":0},"end":{"line":43,"column":24}},"43":{"start":{"line":44,"column":0},"end":{"line":44,"column":16}},"44":{"start":{"line":45,"column":0},"end":{"line":45,"column":31}},"45":{"start":{"line":46,"column":0},"end":{"line":46,"column":61}},"46":{"start":{"line":47,"column":0},"end":{"line":47,"column":14}},"47":{"start":{"line":48,"column":0},"end":{"line":48,"column":11}},"49":{"start":{"line":50,"column":0},"end":{"line":50,"column":18}},"50":{"start":{"line":51,"column":0},"end":{"line":51,"column":64}},"51":{"start":{"line":52,"column":0},"end":{"line":52,"column":29}},"52":{"start":{"line":53,"column":0},"end":{"line":53,"column":59}},"53":{"start":{"line":54,"column":0},"end":{"line":54,"column":12}},"54":{"start":{"line":55,"column":0},"end":{"line":55,"column":11}},"55":{"start":{"line":56,"column":0},"end":{"line":56,"column":8}},"57":{"start":{"line":58,"column":0},"end":{"line":58,"column":44}},"58":{"start":{"line":59,"column":0},"end":{"line":59,"column":25}},"59":{"start":{"line":60,"column":0},"end":{"line":60,"column":34}},"60":{"start":{"line":61,"column":0},"end":{"line":61,"column":68}},"61":{"start":{"line":62,"column":0},"end":{"line":62,"column":12}},"62":{"start":{"line":63,"column":0},"end":{"line":63,"column":12}},"63":{"start":{"line":64,"column":0},"end":{"line":64,"column":8}},"65":{"start":{"line":66,"column":0},"end":{"line":66,"column":46}},"66":{"start":{"line":67,"column":0},"end":{"line":67,"column":22}},"67":{"start":{"line":68,"column":0},"end":{"line":68,"column":27}},"68":{"start":{"line":69,"column":0},"end":{"line":69,"column":84}},"69":{"start":{"line":70,"column":0},"end":{"line":70,"column":14}},"70":{"start":{"line":71,"column":0},"end":{"line":71,"column":17}},"71":{"start":{"line":72,"column":0},"end":{"line":72,"column":9}},"72":{"start":{"line":73,"column":0},"end":{"line":73,"column":25}},"73":{"start":{"line":74,"column":0},"end":{"line":74,"column":38}},"74":{"start":{"line":75,"column":0},"end":{"line":75,"column":74}},"75":{"start":{"line":76,"column":0},"end":{"line":76,"column":12}},"76":{"start":{"line":77,"column":0},"end":{"line":77,"column":12}},"77":{"start":{"line":78,"column":0},"end":{"line":78,"column":8}},"79":{"start":{"line":80,"column":0},"end":{"line":80,"column":52}},"80":{"start":{"line":81,"column":0},"end":{"line":81,"column":25}},"81":{"start":{"line":82,"column":0},"end":{"line":82,"column":42}},"82":{"start":{"line":83,"column":0},"end":{"line":83,"column":62}},"83":{"start":{"line":84,"column":0},"end":{"line":84,"column":70}},"84":{"start":{"line":85,"column":0},"end":{"line":85,"column":13}},"85":{"start":{"line":86,"column":0},"end":{"line":86,"column":24}},"86":{"start":{"line":87,"column":0},"end":{"line":87,"column":13}},"87":{"start":{"line":88,"column":0},"end":{"line":88,"column":12}},"88":{"start":{"line":89,"column":0},"end":{"line":89,"column":8}},"90":{"start":{"line":91,"column":0},"end":{"line":91,"column":41}},"91":{"start":{"line":92,"column":0},"end":{"line":92,"column":51}},"93":{"start":{"line":94,"column":0},"end":{"line":94,"column":19}},"94":{"start":{"line":95,"column":0},"end":{"line":95,"column":43}},"95":{"start":{"line":96,"column":0},"end":{"line":96,"column":62}},"96":{"start":{"line":97,"column":0},"end":{"line":97,"column":46}},"97":{"start":{"line":98,"column":0},"end":{"line":98,"column":22}},"98":{"start":{"line":99,"column":0},"end":{"line":99,"column":9}},"99":{"start":{"line":100,"column":0},"end":{"line":100,"column":21}},"100":{"start":{"line":101,"column":0},"end":{"line":101,"column":8}},"101":{"start":{"line":102,"column":0},"end":{"line":102,"column":62}},"103":{"start":{"line":104,"column":0},"end":{"line":104,"column":25}},"104":{"start":{"line":105,"column":0},"end":{"line":105,"column":36}},"105":{"start":{"line":106,"column":0},"end":{"line":106,"column":24}},"106":{"start":{"line":107,"column":0},"end":{"line":107,"column":79}},"107":{"start":{"line":108,"column":0},"end":{"line":108,"column":99}},"108":{"start":{"line":109,"column":0},"end":{"line":109,"column":60}},"109":{"start":{"line":110,"column":0},"end":{"line":110,"column":11}},"110":{"start":{"line":111,"column":0},"end":{"line":111,"column":8}},"111":{"start":{"line":112,"column":0},"end":{"line":112,"column":7}},"112":{"start":{"line":113,"column":0},"end":{"line":113,"column":5}},"113":{"start":{"line":114,"column":0},"end":{"line":114,"column":32}},"114":{"start":{"line":115,"column":0},"end":{"line":115,"column":154}},"115":{"start":{"line":116,"column":0},"end":{"line":116,"column":5}},"116":{"start":{"line":117,"column":0},"end":{"line":117,"column":3}},"117":{"start":{"line":118,"column":0},"end":{"line":118,"column":2}}},"s":{"0":1,"4":1,"5":1,"6":1,"7":1,"8":1,"9":1,"10":1,"11":1,"13":1,"14":1,"16":1,"17":0,"18":1,"20":1,"21":0,"22":1,"24":1,"25":1,"26":1,"27":1,"28":1,"30":1,"31":1,"32":0,"33":0,"34":0,"35":0,"37":0,"38":0,"39":0,"40":0,"41":0,"42":0,"43":0,"44":0,"45":0,"46":0,"47":0,"49":0,"50":0,"51":0,"52":0,"53":0,"54":0,"55":1,"57":1,"58":0,"59":0,"60":0,"61":0,"62":0,"63":1,"65":1,"66":0,"67":0,"68":0,"69":0,"70":0,"71":0,"72":0,"73":0,"74":0,"75":0,"76":0,"77":1,"79":1,"80":0,"81":0,"82":0,"83":0,"84":0,"85":0,"86":0,"87":0,"88":1,"90":1,"91":1,"93":1,"94":1,"95":0,"96":0,"97":0,"98":0,"99":0,"100":1,"101":1,"103":1,"104":1,"105":0,"106":0,"107":0,"108":0,"109":0,"110":1,"111":1,"112":1,"113":1,"114":1,"115":1,"116":1,"117":1},"branchMap":{"0":{"type":"branch","line":7,"loc":{"start":{"line":7,"column":4},"end":{"line":112,"column":6}},"locations":[{"start":{"line":7,"column":4},"end":{"line":112,"column":6}}]}},"b":{"0":[1]},"fnMap":{"0":{"name":"__vite_ssr_import_0__.create.__vite_ssr_import_1__.persist.name","decl":{"start":{"line":7,"column":4},"end":{"line":112,"column":6}},"loc":{"start":{"line":7,"column":4},"end":{"line":112,"column":6}},"line":7},"1":{"name":"addProduct","decl":{"start":{"line":17,"column":18},"end":{"line":19,"column":9}},"loc":{"start":{"line":17,"column":18},"end":{"line":19,"column":9}},"line":17},"2":{"name":"removeProduct","decl":{"start":{"line":21,"column":21},"end":{"line":23,"column":9}},"loc":{"start":{"line":21,"column":21},"end":{"line":23,"column":9}},"line":21},"3":{"name":"openCart","decl":{"start":{"line":26,"column":16},"end":{"line":26,"column":47}},"loc":{"start":{"line":26,"column":16},"end":{"line":26,"column":47}},"line":26},"4":{"name":"closeCart","decl":{"start":{"line":27,"column":17},"end":{"line":27,"column":49}},"loc":{"start":{"line":27,"column":17},"end":{"line":27,"column":49}},"line":27},"5":{"name":"toggleCart","decl":{"start":{"line":28,"column":18},"end":{"line":28,"column":75}},"loc":{"start":{"line":28,"column":18},"end":{"line":28,"column":75}},"line":28},"6":{"name":"setIsCartOpen","decl":{"start":{"line":29,"column":21},"end":{"line":29,"column":56}},"loc":{"start":{"line":29,"column":21},"end":{"line":29,"column":56}},"line":29},"7":{"name":"addToCart","decl":{"start":{"line":32,"column":17},"end":{"line":56,"column":7}},"loc":{"start":{"line":32,"column":17},"end":{"line":56,"column":7}},"line":32},"8":{"name":"removeFromCart","decl":{"start":{"line":58,"column":22},"end":{"line":64,"column":7}},"loc":{"start":{"line":58,"column":22},"end":{"line":64,"column":7}},"line":58},"9":{"name":"updateItemQuantity","decl":{"start":{"line":66,"column":26},"end":{"line":78,"column":7}},"loc":{"start":{"line":66,"column":26},"end":{"line":78,"column":7}},"line":66},"10":{"name":"updateQuantity","decl":{"start":{"line":80,"column":22},"end":{"line":89,"column":7}},"loc":{"start":{"line":80,"column":22},"end":{"line":89,"column":7}},"line":80},"11":{"name":"clearCart","decl":{"start":{"line":91,"column":17},"end":{"line":91,"column":40}},"loc":{"start":{"line":91,"column":17},"end":{"line":91,"column":40}},"line":91},"12":{"name":"hideToast","decl":{"start":{"line":92,"column":17},"end":{"line":92,"column":50}},"loc":{"start":{"line":92,"column":17},"end":{"line":92,"column":50}},"line":92},"13":{"name":"adminLogin","decl":{"start":{"line":95,"column":18},"end":{"line":101,"column":7}},"loc":{"start":{"line":95,"column":18},"end":{"line":101,"column":7}},"line":95},"14":{"name":"adminLogout","decl":{"start":{"line":102,"column":19},"end":{"line":102,"column":61}},"loc":{"start":{"line":102,"column":19},"end":{"line":102,"column":61}},"line":102},"15":{"name":"toggleWishlist","decl":{"start":{"line":105,"column":22},"end":{"line":111,"column":7}},"loc":{"start":{"line":105,"column":22},"end":{"line":111,"column":7}},"line":105},"16":{"name":"partialize","decl":{"start":{"line":115,"column":18},"end":{"line":115,"column":153}},"loc":{"start":{"line":115,"column":18},"end":{"line":115,"column":153}},"line":115}},"f":{"0":1,"1":0,"2":0,"3":0,"4":0,"5":0,"6":0,"7":0,"8":0,"9":0,"10":0,"11":0,"12":0,"13":0,"14":0,"15":0,"16":0}}
}
